TpTrace Verbose: 0 : 31084, 1, 2024/08/03, 11:23:34.895, 6081281448844, vstest.console.dll, Version: 17.9.0-release-24072-02 Current process architecture: X64
TpTrace Verbose: 0 : 31084, 1, 2024/08/03, 11:23:34.898, 6081281479497, vstest.console.dll, Runtime location: C:\Program Files\dotnet\shared\Microsoft.NETCore.App\8.0.3
TpTrace Verbose: 0 : 31084, 1, 2024/08/03, 11:23:34.900, 6081281502144, vstest.console.dll, ArtifactProcessingPostProcessModeProcessorExecutor.Initialize: ArtifactProcessingMode.Collect
TpTrace Verbose: 0 : 31084, 1, 2024/08/03, 11:23:34.900, 6081281503925, vstest.console.dll, TestSessionCorrelationIdProcessorModeProcessorExecutor.Initialize: TestSessionCorrelationId '20308_7b351bc7-5776-432a-a23e-93c146385e47'
TpTrace Information: 0 : 31084, 1, 2024/08/03, 11:23:34.906, 6081281566051, vstest.console.dll, FilePatternParser: The given file C:\Users\VC\Desktop\Capstone Project\EmployeeGrievanceRedressalSolution\EmployeeGrievanceRedressalTests\bin\Debug\net6.0\fine-code-coverage\build-output\EmployeeGrievanceRedressalTests.dll is a full path.
TpTrace Verbose: 0 : 31084, 1, 2024/08/03, 11:23:34.910, 6081281604749, vstest.console.dll, TestPluginCache.DiscoverTestExtensions: finding test extensions in assemblies ends with: RuntimeProvider.dll TPluginInfo: Microsoft.VisualStudio.TestPlatform.Common.ExtensionFramework.Utilities.TestRuntimePluginInformation TExtension: Microsoft.VisualStudio.TestPlatform.ObjectModel.Host.ITestRuntimeProvider
TpTrace Verbose: 0 : 31084, 1, 2024/08/03, 11:23:34.911, 6081281608060, vstest.console.dll, TestPluginCache.GetExtensionPaths: Filtered extension paths: 
TpTrace Verbose: 0 : 31084, 1, 2024/08/03, 11:23:34.911, 6081281608907, vstest.console.dll, TestPluginCache.GetExtensionPaths: Added default extension paths: C:\Program Files\dotnet\sdk\8.0.202\Extensions\Microsoft.Diagnostics.NETCore.Client.dll
C:\Program Files\dotnet\sdk\8.0.202\Extensions\Microsoft.TestPlatform.Extensions.BlameDataCollector.dll
C:\Program Files\dotnet\sdk\8.0.202\Extensions\Microsoft.TestPlatform.Extensions.EventLogCollector.dll
C:\Program Files\dotnet\sdk\8.0.202\Extensions\Microsoft.TestPlatform.TestHostRuntimeProvider.dll
C:\Program Files\dotnet\sdk\8.0.202\Extensions\Microsoft.VisualStudio.TestPlatform.Extensions.Html.TestLogger.dll
C:\Program Files\dotnet\sdk\8.0.202\Extensions\Microsoft.VisualStudio.TestPlatform.Extensions.Trx.TestLogger.dll
TpTrace Verbose: 0 : 31084, 1, 2024/08/03, 11:23:34.911, 6081281609279, vstest.console.dll, TestPluginCache.GetExtensionPaths: Added unfilterableExtensionPaths: 
TpTrace Information: 0 : 31084, 1, 2024/08/03, 11:23:34.911, 6081281614591, vstest.console.dll, AssemblyResolver.ctor: Creating AssemblyResolver with searchDirectories C:\Program Files\dotnet\sdk\8.0.202\Extensions,C:\Program Files\dotnet\sdk\8.0.202
TpTrace Verbose: 0 : 31084, 1, 2024/08/03, 11:23:34.913, 6081281627713, vstest.console.dll, TestPluginCache.DiscoverTestExtensions: Discovering the extensions using extension path.
TpTrace Verbose: 0 : 31084, 1, 2024/08/03, 11:23:34.913, 6081281628940, vstest.console.dll, TestPluginCache.GetExtensionPaths: Filtered extension paths: 
TpTrace Verbose: 0 : 31084, 1, 2024/08/03, 11:23:34.913, 6081281629311, vstest.console.dll, TestPluginCache.GetExtensionPaths: Added default extension paths: C:\Program Files\dotnet\sdk\8.0.202\Extensions\Microsoft.Diagnostics.NETCore.Client.dll
C:\Program Files\dotnet\sdk\8.0.202\Extensions\Microsoft.TestPlatform.Extensions.BlameDataCollector.dll
C:\Program Files\dotnet\sdk\8.0.202\Extensions\Microsoft.TestPlatform.Extensions.EventLogCollector.dll
C:\Program Files\dotnet\sdk\8.0.202\Extensions\Microsoft.TestPlatform.TestHostRuntimeProvider.dll
C:\Program Files\dotnet\sdk\8.0.202\Extensions\Microsoft.VisualStudio.TestPlatform.Extensions.Html.TestLogger.dll
C:\Program Files\dotnet\sdk\8.0.202\Extensions\Microsoft.VisualStudio.TestPlatform.Extensions.Trx.TestLogger.dll
TpTrace Verbose: 0 : 31084, 1, 2024/08/03, 11:23:34.913, 6081281629632, vstest.console.dll, TestPluginCache.GetExtensionPaths: Added unfilterableExtensionPaths: 
TpTrace Verbose: 0 : 31084, 1, 2024/08/03, 11:23:34.913, 6081281630673, vstest.console.dll, TestPluginCache.DiscoverTestExtensions: Discovering the extensions using allExtensionPaths: C:\Program Files\dotnet\sdk\8.0.202\Extensions\Microsoft.Diagnostics.NETCore.Client.dll
C:\Program Files\dotnet\sdk\8.0.202\Extensions\Microsoft.TestPlatform.Extensions.BlameDataCollector.dll
C:\Program Files\dotnet\sdk\8.0.202\Extensions\Microsoft.TestPlatform.Extensions.EventLogCollector.dll
C:\Program Files\dotnet\sdk\8.0.202\Extensions\Microsoft.TestPlatform.TestHostRuntimeProvider.dll
C:\Program Files\dotnet\sdk\8.0.202\Extensions\Microsoft.VisualStudio.TestPlatform.Extensions.Html.TestLogger.dll
C:\Program Files\dotnet\sdk\8.0.202\Extensions\Microsoft.VisualStudio.TestPlatform.Extensions.Trx.TestLogger.dll
TpTrace Information: 0 : 31084, 1, 2024/08/03, 11:23:34.913, 6081281631602, vstest.console.dll, AssemblyResolver.AddSearchDirectories: Adding more searchDirectories C:\Program Files\dotnet\sdk\8.0.202\Extensions,C:\Program Files\dotnet\sdk\8.0.202
TpTrace Information: 0 : 31084, 1, 2024/08/03, 11:23:34.913, 6081281632001, vstest.console.dll, AssemblyResolver.AddSearchDirectories: Adding more searchDirectories C:\Program Files\dotnet\sdk\8.0.202\Extensions,C:\Program Files\dotnet\sdk\8.0.202
TpTrace Information: 0 : 31084, 1, 2024/08/03, 11:23:34.913, 6081281632267, vstest.console.dll, AssemblyResolver.AddSearchDirectories: Adding more searchDirectories C:\Program Files\dotnet\sdk\8.0.202\Extensions,C:\Program Files\dotnet\sdk\8.0.202
TpTrace Information: 0 : 31084, 1, 2024/08/03, 11:23:34.913, 6081281632557, vstest.console.dll, AssemblyResolver.AddSearchDirectories: Adding more searchDirectories C:\Program Files\dotnet\sdk\8.0.202\Extensions,C:\Program Files\dotnet\sdk\8.0.202
TpTrace Information: 0 : 31084, 1, 2024/08/03, 11:23:34.913, 6081281632839, vstest.console.dll, AssemblyResolver.AddSearchDirectories: Adding more searchDirectories C:\Program Files\dotnet\sdk\8.0.202\Extensions,C:\Program Files\dotnet\sdk\8.0.202
TpTrace Information: 0 : 31084, 1, 2024/08/03, 11:23:34.913, 6081281633933, vstest.console.dll, AssemblyResolver.AddSearchDirectories: Adding more searchDirectories C:\Program Files\dotnet\sdk\8.0.202\Extensions,C:\Program Files\dotnet\sdk\8.0.202
TpTrace Information: 0 : 31084, 1, 2024/08/03, 11:23:34.914, 6081281638877, vstest.console.dll, AssemblyResolver.OnResolve: Microsoft.Diagnostics.NETCore.Client: Resolving assembly.
TpTrace Information: 0 : 31084, 1, 2024/08/03, 11:23:34.914, 6081281639739, vstest.console.dll, AssemblyResolver.OnResolve: Microsoft.Diagnostics.NETCore.Client: Searching in: 'C:\Program Files\dotnet\sdk\8.0.202\Extensions'.
TpTrace Information: 0 : 31084, 1, 2024/08/03, 11:23:34.921, 6081281712261, vstest.console.dll, AssemblyResolver.OnResolve: Microsoft.Diagnostics.NETCore.Client: Loading assembly 'C:\Program Files\dotnet\sdk\8.0.202\Extensions\Microsoft.Diagnostics.NETCore.Client.dll'.
TpTrace Information: 0 : 31084, 1, 2024/08/03, 11:23:34.922, 6081281725591, vstest.console.dll, AssemblyResolver.OnResolve: Resolved assembly: Microsoft.Diagnostics.NETCore.Client, from path: C:\Program Files\dotnet\sdk\8.0.202\Extensions\Microsoft.Diagnostics.NETCore.Client.dll
TpTrace Verbose: 0 : 31084, 1, 2024/08/03, 11:23:34.928, 6081281781497, vstest.console.dll, MetadataReaderExtensionsHelper: Discovering extensions inside assembly 'Microsoft.Diagnostics.NETCore.Client, Version=0.2.9.2401, Culture=neutral, PublicKeyToken=31bf3856ad364e35' file path 'C:\Program Files\dotnet\sdk\8.0.202\Extensions\Microsoft.Diagnostics.NETCore.Client.dll'
TpTrace Information: 0 : 31084, 1, 2024/08/03, 11:23:34.932, 6081281825297, vstest.console.dll, AssemblyResolver.OnResolve: Microsoft.Bcl.AsyncInterfaces: Resolving assembly.
TpTrace Information: 0 : 31084, 1, 2024/08/03, 11:23:34.933, 6081281826556, vstest.console.dll, AssemblyResolver.OnResolve: Microsoft.Bcl.AsyncInterfaces: Searching in: 'C:\Program Files\dotnet\sdk\8.0.202\Extensions'.
TpTrace Information: 0 : 31084, 1, 2024/08/03, 11:23:34.933, 6081281827519, vstest.console.dll, AssemblyResolver.OnResolve: Microsoft.Bcl.AsyncInterfaces: Assembly path does not exist: 'C:\Program Files\dotnet\sdk\8.0.202\Extensions\Microsoft.Bcl.AsyncInterfaces.dll', returning.
TpTrace Information: 0 : 31084, 1, 2024/08/03, 11:23:34.933, 6081281828815, vstest.console.dll, AssemblyResolver.OnResolve: Microsoft.Bcl.AsyncInterfaces: Assembly path does not exist: 'C:\Program Files\dotnet\sdk\8.0.202\Extensions\Microsoft.Bcl.AsyncInterfaces.exe', returning.
TpTrace Information: 0 : 31084, 1, 2024/08/03, 11:23:34.933, 6081281829245, vstest.console.dll, AssemblyResolver.OnResolve: Microsoft.Bcl.AsyncInterfaces: Searching in: 'C:\Program Files\dotnet\sdk\8.0.202'.
TpTrace Information: 0 : 31084, 1, 2024/08/03, 11:23:34.933, 6081281829887, vstest.console.dll, AssemblyResolver.OnResolve: Microsoft.Bcl.AsyncInterfaces: Assembly path does not exist: 'C:\Program Files\dotnet\sdk\8.0.202\Microsoft.Bcl.AsyncInterfaces.dll', returning.
TpTrace Information: 0 : 31084, 1, 2024/08/03, 11:23:34.933, 6081281830572, vstest.console.dll, AssemblyResolver.OnResolve: Microsoft.Bcl.AsyncInterfaces: Assembly path does not exist: 'C:\Program Files\dotnet\sdk\8.0.202\Microsoft.Bcl.AsyncInterfaces.exe', returning.
TpTrace Information: 0 : 31084, 1, 2024/08/03, 11:23:34.933, 6081281830890, vstest.console.dll, AssemblyResolver.OnResolve: Microsoft.Bcl.AsyncInterfaces: Failed to load assembly.
TpTrace Verbose: 0 : 31084, 1, 2024/08/03, 11:23:34.933, 6081281831301, vstest.console.dll, CurrentDomainAssemblyResolve: Resolving assembly 'Microsoft.Bcl.AsyncInterfaces'.
TpTrace Information: 0 : 31084, 1, 2024/08/03, 11:23:34.933, 6081281831899, vstest.console.dll, AssemblyResolver.OnResolve: Microsoft.Bcl.AsyncInterfaces: Resolving assembly.
TpTrace Information: 0 : 31084, 1, 2024/08/03, 11:23:34.933, 6081281832305, vstest.console.dll, AssemblyResolver.OnResolve: Microsoft.Bcl.AsyncInterfaces: Resolved from cache.
TpTrace Verbose: 0 : 31084, 1, 2024/08/03, 11:23:34.933, 6081281832679, vstest.console.dll, CurrentDomainAssemblyResolve: Resolving assembly 'Microsoft.Bcl.AsyncInterfaces'.
TpTrace Verbose: 0 : 31084, 1, 2024/08/03, 11:23:34.933, 6081281833116, vstest.console.dll, CurrentDomainAssemblyResolve: Failed to resolve assembly 'Microsoft.Bcl.AsyncInterfaces'.
TpTrace Verbose: 0 : 31084, 1, 2024/08/03, 11:23:34.934, 6081281839348, vstest.console.dll, CurrentDomainAssemblyResolve: Failed to resolve assembly 'Microsoft.Bcl.AsyncInterfaces'.
TpTrace Warning: 0 : 31084, 1, 2024/08/03, 11:23:34.944, 6081281943470, vstest.console.dll, TestPluginDiscoverer: Failed to get types from assembly 'Microsoft.Diagnostics.NETCore.Client, Version=0.2.9.2401, Culture=neutral, PublicKeyToken=31bf3856ad364e35'. Error: System.Reflection.ReflectionTypeLoadException: Unable to load one or more of the requested types.
Could not load file or assembly 'Microsoft.Bcl.AsyncInterfaces, Version=6.0.0.0, Culture=neutral, PublicKeyToken=cc7b13ffcd2ddd51'. The system cannot find the file specified.
   at System.Reflection.RuntimeModule.GetTypes(RuntimeModule module)
   at System.Reflection.RuntimeModule.GetTypes()
   at Microsoft.VisualStudio.TestPlatform.Common.ExtensionFramework.TestPluginDiscoverer.GetTestExtensionsFromAssembly[TPluginInfo,TExtension](Assembly assembly, Dictionary`2 pluginInfos, String filePath) in /_/src/Microsoft.TestPlatform.Common/ExtensionFramework/TestPluginDiscoverer.cs:line 158
System.IO.FileNotFoundException: Could not load file or assembly 'Microsoft.Bcl.AsyncInterfaces, Version=6.0.0.0, Culture=neutral, PublicKeyToken=cc7b13ffcd2ddd51'. The system cannot find the file specified.
File name: 'Microsoft.Bcl.AsyncInterfaces, Version=6.0.0.0, Culture=neutral, PublicKeyToken=cc7b13ffcd2ddd51'
 ---> System.IO.FileNotFoundException: Could not load file or assembly 'Microsoft.Bcl.AsyncInterfaces, Culture=neutral, PublicKeyToken=null'. The system cannot find the file specified.
File name: 'Microsoft.Bcl.AsyncInterfaces, Culture=neutral, PublicKeyToken=null'
   at System.Reflection.RuntimeAssembly.InternalLoad(AssemblyName assemblyName, StackCrawlMark& stackMark, AssemblyLoadContext assemblyLoadContext, RuntimeAssembly requestingAssembly, Boolean throwOnFileNotFound)
   at System.Reflection.Assembly.Load(AssemblyName assemblyRef)
   at Microsoft.VisualStudio.TestPlatform.Common.ExtensionFramework.TestPluginCache.CurrentDomainAssemblyResolve(Object sender, AssemblyResolveEventArgs args) in /_/src/Microsoft.TestPlatform.Common/ExtensionFramework/TestPluginCache.cs:line 513
   at System.Runtime.Loader.AssemblyLoadContext.GetFirstResolvedAssemblyFromResolvingEvent(AssemblyName assemblyName)
   at System.Runtime.Loader.AssemblyLoadContext.ResolveUsingEvent(AssemblyName assemblyName)
   at System.Runtime.Loader.AssemblyLoadContext.ResolveUsingResolvingEvent(IntPtr gchManagedAssemblyLoadContext, AssemblyName assemblyName)
TpTrace Warning: 0 : 31084, 1, 2024/08/03, 11:23:34.945, 6081281947843, vstest.console.dll, LoaderExceptions: System.IO.FileNotFoundException: Could not load file or assembly 'Microsoft.Bcl.AsyncInterfaces, Version=6.0.0.0, Culture=neutral, PublicKeyToken=cc7b13ffcd2ddd51'. The system cannot find the file specified.
File name: 'Microsoft.Bcl.AsyncInterfaces, Version=6.0.0.0, Culture=neutral, PublicKeyToken=cc7b13ffcd2ddd51'
 ---> System.IO.FileNotFoundException: Could not load file or assembly 'Microsoft.Bcl.AsyncInterfaces, Culture=neutral, PublicKeyToken=null'. The system cannot find the file specified.
File name: 'Microsoft.Bcl.AsyncInterfaces, Culture=neutral, PublicKeyToken=null'
   at System.Reflection.RuntimeAssembly.InternalLoad(AssemblyName assemblyName, StackCrawlMark& stackMark, AssemblyLoadContext assemblyLoadContext, RuntimeAssembly requestingAssembly, Boolean throwOnFileNotFound)
   at System.Reflection.Assembly.Load(AssemblyName assemblyRef)
   at Microsoft.VisualStudio.TestPlatform.Common.ExtensionFramework.TestPluginCache.CurrentDomainAssemblyResolve(Object sender, AssemblyResolveEventArgs args) in /_/src/Microsoft.TestPlatform.Common/ExtensionFramework/TestPluginCache.cs:line 513
   at System.Runtime.Loader.AssemblyLoadContext.GetFirstResolvedAssemblyFromResolvingEvent(AssemblyName assemblyName)
   at System.Runtime.Loader.AssemblyLoadContext.ResolveUsingEvent(AssemblyName assemblyName)
   at System.Runtime.Loader.AssemblyLoadContext.ResolveUsingResolvingEvent(IntPtr gchManagedAssemblyLoadContext, AssemblyName assemblyName)
TpTrace Information: 0 : 31084, 1, 2024/08/03, 11:23:34.945, 6081281949610, vstest.console.dll, AssemblyResolver.OnResolve: Microsoft.TestPlatform.Extensions.BlameDataCollector: Resolving assembly.
TpTrace Information: 0 : 31084, 1, 2024/08/03, 11:23:34.945, 6081281950230, vstest.console.dll, AssemblyResolver.OnResolve: Microsoft.TestPlatform.Extensions.BlameDataCollector: Searching in: 'C:\Program Files\dotnet\sdk\8.0.202\Extensions'.
TpTrace Information: 0 : 31084, 1, 2024/08/03, 11:23:34.945, 6081281954049, vstest.console.dll, AssemblyResolver.OnResolve: Microsoft.TestPlatform.Extensions.BlameDataCollector: Loading assembly 'C:\Program Files\dotnet\sdk\8.0.202\Extensions\Microsoft.TestPlatform.Extensions.BlameDataCollector.dll'.
TpTrace Information: 0 : 31084, 1, 2024/08/03, 11:23:34.946, 6081281961766, vstest.console.dll, AssemblyResolver.OnResolve: Resolved assembly: Microsoft.TestPlatform.Extensions.BlameDataCollector, from path: C:\Program Files\dotnet\sdk\8.0.202\Extensions\Microsoft.TestPlatform.Extensions.BlameDataCollector.dll
TpTrace Verbose: 0 : 31084, 1, 2024/08/03, 11:23:34.946, 6081281962688, vstest.console.dll, MetadataReaderExtensionsHelper: Discovering extensions inside assembly 'Microsoft.TestPlatform.Extensions.BlameDataCollector, Version=15.0.0.0, Culture=neutral, PublicKeyToken=b03f5f7f11d50a3a' file path 'C:\Program Files\dotnet\sdk\8.0.202\Extensions\Microsoft.TestPlatform.Extensions.BlameDataCollector.dll'
TpTrace Information: 0 : 31084, 1, 2024/08/03, 11:23:34.948, 6081281979416, vstest.console.dll, AssemblyResolver.OnResolve: Microsoft.TestPlatform.Extensions.EventLogCollector: Resolving assembly.
TpTrace Information: 0 : 31084, 1, 2024/08/03, 11:23:34.948, 6081281980163, vstest.console.dll, AssemblyResolver.OnResolve: Microsoft.TestPlatform.Extensions.EventLogCollector: Searching in: 'C:\Program Files\dotnet\sdk\8.0.202\Extensions'.
TpTrace Information: 0 : 31084, 1, 2024/08/03, 11:23:34.948, 6081281983574, vstest.console.dll, AssemblyResolver.OnResolve: Microsoft.TestPlatform.Extensions.EventLogCollector: Loading assembly 'C:\Program Files\dotnet\sdk\8.0.202\Extensions\Microsoft.TestPlatform.Extensions.EventLogCollector.dll'.
TpTrace Information: 0 : 31084, 1, 2024/08/03, 11:23:34.949, 6081281989210, vstest.console.dll, AssemblyResolver.OnResolve: Resolved assembly: Microsoft.TestPlatform.Extensions.EventLogCollector, from path: C:\Program Files\dotnet\sdk\8.0.202\Extensions\Microsoft.TestPlatform.Extensions.EventLogCollector.dll
TpTrace Verbose: 0 : 31084, 1, 2024/08/03, 11:23:34.949, 6081281989943, vstest.console.dll, MetadataReaderExtensionsHelper: Discovering extensions inside assembly 'Microsoft.TestPlatform.Extensions.EventLogCollector, Version=15.0.0.0, Culture=neutral, PublicKeyToken=b03f5f7f11d50a3a' file path 'C:\Program Files\dotnet\sdk\8.0.202\Extensions\Microsoft.TestPlatform.Extensions.EventLogCollector.dll'
TpTrace Information: 0 : 31084, 1, 2024/08/03, 11:23:34.951, 6081282011411, vstest.console.dll, AssemblyResolver.OnResolve: Microsoft.TestPlatform.TestHostRuntimeProvider: Resolving assembly.
TpTrace Information: 0 : 31084, 1, 2024/08/03, 11:23:34.951, 6081282012024, vstest.console.dll, AssemblyResolver.OnResolve: Microsoft.TestPlatform.TestHostRuntimeProvider: Searching in: 'C:\Program Files\dotnet\sdk\8.0.202\Extensions'.
TpTrace Information: 0 : 31084, 1, 2024/08/03, 11:23:34.951, 6081282014196, vstest.console.dll, AssemblyResolver.OnResolve: Microsoft.TestPlatform.TestHostRuntimeProvider: Loading assembly 'C:\Program Files\dotnet\sdk\8.0.202\Extensions\Microsoft.TestPlatform.TestHostRuntimeProvider.dll'.
TpTrace Information: 0 : 31084, 1, 2024/08/03, 11:23:34.952, 6081282019013, vstest.console.dll, AssemblyResolver.OnResolve: Resolved assembly: Microsoft.TestPlatform.TestHostRuntimeProvider, from path: C:\Program Files\dotnet\sdk\8.0.202\Extensions\Microsoft.TestPlatform.TestHostRuntimeProvider.dll
TpTrace Verbose: 0 : 31084, 1, 2024/08/03, 11:23:34.952, 6081282019670, vstest.console.dll, MetadataReaderExtensionsHelper: Discovering extensions inside assembly 'Microsoft.TestPlatform.TestHostRuntimeProvider, Version=15.0.0.0, Culture=neutral, PublicKeyToken=b03f5f7f11d50a3a' file path 'C:\Program Files\dotnet\sdk\8.0.202\Extensions\Microsoft.TestPlatform.TestHostRuntimeProvider.dll'
TpTrace Information: 0 : 31084, 1, 2024/08/03, 11:23:34.953, 6081282031539, vstest.console.dll, GetTestExtensionFromType: Register extension with identifier data 'HostProvider://DefaultTestHost' and type 'Microsoft.VisualStudio.TestPlatform.CrossPlatEngine.Hosting.DefaultTestHostManager, Microsoft.TestPlatform.TestHostRuntimeProvider, Version=15.0.0.0, Culture=neutral, PublicKeyToken=b03f5f7f11d50a3a' inside file 'C:\Program Files\dotnet\sdk\8.0.202\Extensions\Microsoft.TestPlatform.TestHostRuntimeProvider.dll'
TpTrace Information: 0 : 31084, 1, 2024/08/03, 11:23:34.953, 6081282033748, vstest.console.dll, GetTestExtensionFromType: Register extension with identifier data 'HostProvider://DotnetTestHost' and type 'Microsoft.VisualStudio.TestPlatform.CrossPlatEngine.Hosting.DotnetTestHostManager, Microsoft.TestPlatform.TestHostRuntimeProvider, Version=15.0.0.0, Culture=neutral, PublicKeyToken=b03f5f7f11d50a3a' inside file 'C:\Program Files\dotnet\sdk\8.0.202\Extensions\Microsoft.TestPlatform.TestHostRuntimeProvider.dll'
TpTrace Information: 0 : 31084, 1, 2024/08/03, 11:23:34.953, 6081282034435, vstest.console.dll, AssemblyResolver.OnResolve: Microsoft.VisualStudio.TestPlatform.Extensions.Html.TestLogger: Resolving assembly.
TpTrace Information: 0 : 31084, 1, 2024/08/03, 11:23:34.953, 6081282034897, vstest.console.dll, AssemblyResolver.OnResolve: Microsoft.VisualStudio.TestPlatform.Extensions.Html.TestLogger: Searching in: 'C:\Program Files\dotnet\sdk\8.0.202\Extensions'.
TpTrace Information: 0 : 31084, 1, 2024/08/03, 11:23:34.954, 6081282037517, vstest.console.dll, AssemblyResolver.OnResolve: Microsoft.VisualStudio.TestPlatform.Extensions.Html.TestLogger: Loading assembly 'C:\Program Files\dotnet\sdk\8.0.202\Extensions\Microsoft.VisualStudio.TestPlatform.Extensions.Html.TestLogger.dll'.
TpTrace Information: 0 : 31084, 1, 2024/08/03, 11:23:34.954, 6081282042319, vstest.console.dll, AssemblyResolver.OnResolve: Resolved assembly: Microsoft.VisualStudio.TestPlatform.Extensions.Html.TestLogger, from path: C:\Program Files\dotnet\sdk\8.0.202\Extensions\Microsoft.VisualStudio.TestPlatform.Extensions.Html.TestLogger.dll
TpTrace Verbose: 0 : 31084, 1, 2024/08/03, 11:23:34.954, 6081282043003, vstest.console.dll, MetadataReaderExtensionsHelper: Discovering extensions inside assembly 'Microsoft.VisualStudio.TestPlatform.Extensions.Html.TestLogger, Version=15.0.0.0, Culture=neutral, PublicKeyToken=b03f5f7f11d50a3a' file path 'C:\Program Files\dotnet\sdk\8.0.202\Extensions\Microsoft.VisualStudio.TestPlatform.Extensions.Html.TestLogger.dll'
TpTrace Information: 0 : 31084, 1, 2024/08/03, 11:23:34.955, 6081282048795, vstest.console.dll, AssemblyResolver.OnResolve: Microsoft.VisualStudio.TestPlatform.Extensions.Trx.TestLogger: Resolving assembly.
TpTrace Information: 0 : 31084, 1, 2024/08/03, 11:23:34.955, 6081282049321, vstest.console.dll, AssemblyResolver.OnResolve: Microsoft.VisualStudio.TestPlatform.Extensions.Trx.TestLogger: Searching in: 'C:\Program Files\dotnet\sdk\8.0.202\Extensions'.
TpTrace Information: 0 : 31084, 1, 2024/08/03, 11:23:34.955, 6081282051591, vstest.console.dll, AssemblyResolver.OnResolve: Microsoft.VisualStudio.TestPlatform.Extensions.Trx.TestLogger: Loading assembly 'C:\Program Files\dotnet\sdk\8.0.202\Extensions\Microsoft.VisualStudio.TestPlatform.Extensions.Trx.TestLogger.dll'.
TpTrace Information: 0 : 31084, 1, 2024/08/03, 11:23:34.956, 6081282056785, vstest.console.dll, AssemblyResolver.OnResolve: Resolved assembly: Microsoft.VisualStudio.TestPlatform.Extensions.Trx.TestLogger, from path: C:\Program Files\dotnet\sdk\8.0.202\Extensions\Microsoft.VisualStudio.TestPlatform.Extensions.Trx.TestLogger.dll
TpTrace Verbose: 0 : 31084, 1, 2024/08/03, 11:23:34.956, 6081282057409, vstest.console.dll, MetadataReaderExtensionsHelper: Discovering extensions inside assembly 'Microsoft.VisualStudio.TestPlatform.Extensions.Trx.TestLogger, Version=15.0.0.0, Culture=neutral, PublicKeyToken=b03f5f7f11d50a3a' file path 'C:\Program Files\dotnet\sdk\8.0.202\Extensions\Microsoft.VisualStudio.TestPlatform.Extensions.Trx.TestLogger.dll'
TpTrace Verbose: 0 : 31084, 1, 2024/08/03, 11:23:34.956, 6081282064888, vstest.console.dll, TestPluginCache: Discovered the extensions using extension path ''.
TpTrace Verbose: 0 : 31084, 1, 2024/08/03, 11:23:34.956, 6081282065658, vstest.console.dll, TestPluginCache: Discoverers are ''.
TpTrace Verbose: 0 : 31084, 1, 2024/08/03, 11:23:34.956, 6081282065902, vstest.console.dll, TestPluginCache: Executors are ''.
TpTrace Verbose: 0 : 31084, 1, 2024/08/03, 11:23:34.957, 6081282066355, vstest.console.dll, TestPluginCache: Executors2 are ''.
TpTrace Verbose: 0 : 31084, 1, 2024/08/03, 11:23:34.957, 6081282066740, vstest.console.dll, TestPluginCache: Setting providers are ''.
TpTrace Verbose: 0 : 31084, 1, 2024/08/03, 11:23:34.957, 6081282066998, vstest.console.dll, TestPluginCache: Loggers are ''.
TpTrace Verbose: 0 : 31084, 1, 2024/08/03, 11:23:34.957, 6081282068387, vstest.console.dll, TestPluginCache: TestHosts are 'HostProvider://DefaultTestHost,HostProvider://DotnetTestHost'.
TpTrace Verbose: 0 : 31084, 1, 2024/08/03, 11:23:34.957, 6081282068736, vstest.console.dll, TestPluginCache: DataCollectors are ''.
TpTrace Information: 0 : 31084, 1, 2024/08/03, 11:23:34.969, 6081282188441, vstest.console.dll, RunTestsArgumentProcessor:Execute: Test run is starting.
TpTrace Verbose: 0 : 31084, 1, 2024/08/03, 11:23:34.969, 6081282189542, vstest.console.dll, RunTestsArgumentProcessor:Execute: Queuing Test run.
TpTrace Information: 0 : 31084, 1, 2024/08/03, 11:23:34.969, 6081282191985, vstest.console.dll, TestRequestManager.RunTests: run tests started.
TpTrace Information: 0 : 31084, 1, 2024/08/03, 11:23:34.970, 6081282204456, vstest.console.dll, AssemblyMetadataProvider.GetFrameworkName: Determined framework:'.NETCoreApp,Version=v6.0' for source: 'C:\Users\VC\Desktop\Capstone Project\EmployeeGrievanceRedressalSolution\EmployeeGrievanceRedressalTests\bin\Debug\net6.0\fine-code-coverage\build-output\EmployeeGrievanceRedressalTests.dll'
TpTrace Information: 0 : 31084, 1, 2024/08/03, 11:23:34.970, 6081282205986, vstest.console.dll, Determined framework for all sources: .NETCoreApp,Version=v6.0
TpTrace Verbose: 0 : 31084, 1, 2024/08/03, 11:23:34.971, 6081282209102, vstest.console.dll, TestRequestManager.UpdateRunSettingsIfRequired: Default architecture: X64 IsDefaultTargetArchitecture: True, Current process architecture: X64 OperatingSystem: Windows.
TpTrace Information: 0 : 31084, 1, 2024/08/03, 11:23:34.972, 6081282226128, vstest.console.dll, AssemblyMetadataProvider.GetArchitecture: Determined architecture:AnyCPU info for assembly: C:\Users\VC\Desktop\Capstone Project\EmployeeGrievanceRedressalSolution\EmployeeGrievanceRedressalTests\bin\Debug\net6.0\fine-code-coverage\build-output\EmployeeGrievanceRedressalTests.dll
TpTrace Information: 0 : 31084, 1, 2024/08/03, 11:23:34.973, 6081282227127, vstest.console.dll, Determined platform for source 'C:\Users\VC\Desktop\Capstone Project\EmployeeGrievanceRedressalSolution\EmployeeGrievanceRedressalTests\bin\Debug\net6.0\fine-code-coverage\build-output\EmployeeGrievanceRedressalTests.dll' was AnyCPU and it will use the default plaform X64.
TpTrace Information: 0 : 31084, 1, 2024/08/03, 11:23:34.973, 6081282227516, vstest.console.dll, None of the sources provided any runnable platform, using the default platform: X64
TpTrace Information: 0 : 31084, 1, 2024/08/03, 11:23:34.973, 6081282228870, vstest.console.dll, Platform was updated to 'X64'.
TpTrace Information: 0 : 31084, 1, 2024/08/03, 11:23:34.977, 6081282268095, vstest.console.dll, InferRunSettingsHelper.IsTestSettingsEnabled: Unable to navigate to RunSettings/MSTest. Current node: RunSettings
TpTrace Information: 0 : 31084, 1, 2024/08/03, 11:23:34.978, 6081282277227, vstest.console.dll, AssemblyResolver.OnResolve: Microsoft.VisualStudio.TestPlatform.Fakes: Resolving assembly.
TpTrace Information: 0 : 31084, 1, 2024/08/03, 11:23:34.978, 6081282278244, vstest.console.dll, AssemblyResolver.OnResolve: Microsoft.VisualStudio.TestPlatform.Fakes: Searching in: 'C:\Program Files\dotnet\sdk\8.0.202\Extensions'.
TpTrace Information: 0 : 31084, 1, 2024/08/03, 11:23:34.978, 6081282279842, vstest.console.dll, AssemblyResolver.OnResolve: Microsoft.VisualStudio.TestPlatform.Fakes: Assembly path does not exist: 'C:\Program Files\dotnet\sdk\8.0.202\Extensions\Microsoft.VisualStudio.TestPlatform.Fakes.dll', returning.
TpTrace Information: 0 : 31084, 1, 2024/08/03, 11:23:34.978, 6081282280756, vstest.console.dll, AssemblyResolver.OnResolve: Microsoft.VisualStudio.TestPlatform.Fakes: Assembly path does not exist: 'C:\Program Files\dotnet\sdk\8.0.202\Extensions\Microsoft.VisualStudio.TestPlatform.Fakes.exe', returning.
TpTrace Information: 0 : 31084, 1, 2024/08/03, 11:23:34.978, 6081282281250, vstest.console.dll, AssemblyResolver.OnResolve: Microsoft.VisualStudio.TestPlatform.Fakes: Searching in: 'C:\Program Files\dotnet\sdk\8.0.202'.
TpTrace Information: 0 : 31084, 1, 2024/08/03, 11:23:34.978, 6081282282059, vstest.console.dll, AssemblyResolver.OnResolve: Microsoft.VisualStudio.TestPlatform.Fakes: Assembly path does not exist: 'C:\Program Files\dotnet\sdk\8.0.202\Microsoft.VisualStudio.TestPlatform.Fakes.dll', returning.
TpTrace Information: 0 : 31084, 1, 2024/08/03, 11:23:34.978, 6081282282874, vstest.console.dll, AssemblyResolver.OnResolve: Microsoft.VisualStudio.TestPlatform.Fakes: Assembly path does not exist: 'C:\Program Files\dotnet\sdk\8.0.202\Microsoft.VisualStudio.TestPlatform.Fakes.exe', returning.
TpTrace Information: 0 : 31084, 1, 2024/08/03, 11:23:34.978, 6081282283290, vstest.console.dll, AssemblyResolver.OnResolve: Microsoft.VisualStudio.TestPlatform.Fakes: Failed to load assembly.
TpTrace Information: 0 : 31084, 1, 2024/08/03, 11:23:34.979, 6081282287681, vstest.console.dll, Failed to load assembly Microsoft.VisualStudio.TestPlatform.Fakes, Version=17.0.0.0, Culture=neutral. Reason:System.IO.FileNotFoundException: Could not load file or assembly 'Microsoft.VisualStudio.TestPlatform.Fakes, Version=17.0.0.0, Culture=neutral, PublicKeyToken=null'. The system cannot find the file specified.
File name: 'Microsoft.VisualStudio.TestPlatform.Fakes, Version=17.0.0.0, Culture=neutral, PublicKeyToken=null'
   at System.Reflection.RuntimeAssembly.InternalLoad(AssemblyName assemblyName, StackCrawlMark& stackMark, AssemblyLoadContext assemblyLoadContext, RuntimeAssembly requestingAssembly, Boolean throwOnFileNotFound)
   at System.Reflection.Assembly.Load(AssemblyName assemblyRef)
   at Microsoft.VisualStudio.TestPlatform.Common.Utilities.FakesUtilities.LoadTestPlatformAssembly() in /_/src/Microsoft.TestPlatform.Common/Utilities/FakesUtilities.cs:line 272
TpTrace Verbose: 0 : 31084, 1, 2024/08/03, 11:23:34.982, 6081282323220, vstest.console.dll, TestPluginCache.DiscoverTestExtensions: finding test extensions in assemblies ends with: TestLogger.dll TPluginInfo: Microsoft.VisualStudio.TestPlatform.Common.ExtensionFramework.Utilities.TestLoggerPluginInformation TExtension: Microsoft.VisualStudio.TestPlatform.ObjectModel.Client.ITestLogger
TpTrace Verbose: 0 : 31084, 1, 2024/08/03, 11:23:34.982, 6081282324604, vstest.console.dll, TestPluginCache.GetExtensionPaths: Filtered extension paths: 
TpTrace Verbose: 0 : 31084, 1, 2024/08/03, 11:23:34.982, 6081282325096, vstest.console.dll, TestPluginCache.GetExtensionPaths: Added default extension paths: C:\Program Files\dotnet\sdk\8.0.202\Extensions\Microsoft.Diagnostics.NETCore.Client.dll
C:\Program Files\dotnet\sdk\8.0.202\Extensions\Microsoft.TestPlatform.Extensions.BlameDataCollector.dll
C:\Program Files\dotnet\sdk\8.0.202\Extensions\Microsoft.TestPlatform.Extensions.EventLogCollector.dll
C:\Program Files\dotnet\sdk\8.0.202\Extensions\Microsoft.TestPlatform.TestHostRuntimeProvider.dll
C:\Program Files\dotnet\sdk\8.0.202\Extensions\Microsoft.VisualStudio.TestPlatform.Extensions.Html.TestLogger.dll
C:\Program Files\dotnet\sdk\8.0.202\Extensions\Microsoft.VisualStudio.TestPlatform.Extensions.Trx.TestLogger.dll
TpTrace Verbose: 0 : 31084, 1, 2024/08/03, 11:23:34.982, 6081282325439, vstest.console.dll, TestPluginCache.GetExtensionPaths: Added unfilterableExtensionPaths: 
TpTrace Information: 0 : 31084, 1, 2024/08/03, 11:23:34.983, 6081282327327, vstest.console.dll, AssemblyResolver.AddSearchDirectories: Adding more searchDirectories C:\Program Files\dotnet\sdk\8.0.202\Extensions,C:\Program Files\dotnet\sdk\8.0.202
TpTrace Verbose: 0 : 31084, 1, 2024/08/03, 11:23:34.983, 6081282327885, vstest.console.dll, TestPluginCache.DiscoverTestExtensions: Discovering the extensions using extension path.
TpTrace Verbose: 0 : 31084, 1, 2024/08/03, 11:23:34.983, 6081282328340, vstest.console.dll, TestPluginCache.GetExtensionPaths: Filtered extension paths: 
TpTrace Verbose: 0 : 31084, 1, 2024/08/03, 11:23:34.983, 6081282328739, vstest.console.dll, TestPluginCache.GetExtensionPaths: Added default extension paths: C:\Program Files\dotnet\sdk\8.0.202\Extensions\Microsoft.Diagnostics.NETCore.Client.dll
C:\Program Files\dotnet\sdk\8.0.202\Extensions\Microsoft.TestPlatform.Extensions.BlameDataCollector.dll
C:\Program Files\dotnet\sdk\8.0.202\Extensions\Microsoft.TestPlatform.Extensions.EventLogCollector.dll
C:\Program Files\dotnet\sdk\8.0.202\Extensions\Microsoft.TestPlatform.TestHostRuntimeProvider.dll
C:\Program Files\dotnet\sdk\8.0.202\Extensions\Microsoft.VisualStudio.TestPlatform.Extensions.Html.TestLogger.dll
C:\Program Files\dotnet\sdk\8.0.202\Extensions\Microsoft.VisualStudio.TestPlatform.Extensions.Trx.TestLogger.dll
TpTrace Verbose: 0 : 31084, 1, 2024/08/03, 11:23:34.983, 6081282329147, vstest.console.dll, TestPluginCache.GetExtensionPaths: Added unfilterableExtensionPaths: 
TpTrace Verbose: 0 : 31084, 1, 2024/08/03, 11:23:34.983, 6081282330113, vstest.console.dll, TestPluginCache.DiscoverTestExtensions: Discovering the extensions using allExtensionPaths: C:\Program Files\dotnet\sdk\8.0.202\Extensions\Microsoft.Diagnostics.NETCore.Client.dll
C:\Program Files\dotnet\sdk\8.0.202\Extensions\Microsoft.TestPlatform.Extensions.BlameDataCollector.dll
C:\Program Files\dotnet\sdk\8.0.202\Extensions\Microsoft.TestPlatform.Extensions.EventLogCollector.dll
C:\Program Files\dotnet\sdk\8.0.202\Extensions\Microsoft.TestPlatform.TestHostRuntimeProvider.dll
C:\Program Files\dotnet\sdk\8.0.202\Extensions\Microsoft.VisualStudio.TestPlatform.Extensions.Html.TestLogger.dll
C:\Program Files\dotnet\sdk\8.0.202\Extensions\Microsoft.VisualStudio.TestPlatform.Extensions.Trx.TestLogger.dll
TpTrace Information: 0 : 31084, 1, 2024/08/03, 11:23:34.983, 6081282330706, vstest.console.dll, AssemblyResolver.AddSearchDirectories: Adding more searchDirectories C:\Program Files\dotnet\sdk\8.0.202\Extensions,C:\Program Files\dotnet\sdk\8.0.202
TpTrace Information: 0 : 31084, 1, 2024/08/03, 11:23:34.983, 6081282331156, vstest.console.dll, AssemblyResolver.AddSearchDirectories: Adding more searchDirectories C:\Program Files\dotnet\sdk\8.0.202\Extensions,C:\Program Files\dotnet\sdk\8.0.202
TpTrace Information: 0 : 31084, 1, 2024/08/03, 11:23:34.983, 6081282331487, vstest.console.dll, AssemblyResolver.AddSearchDirectories: Adding more searchDirectories C:\Program Files\dotnet\sdk\8.0.202\Extensions,C:\Program Files\dotnet\sdk\8.0.202
TpTrace Information: 0 : 31084, 1, 2024/08/03, 11:23:34.983, 6081282331806, vstest.console.dll, AssemblyResolver.AddSearchDirectories: Adding more searchDirectories C:\Program Files\dotnet\sdk\8.0.202\Extensions,C:\Program Files\dotnet\sdk\8.0.202
TpTrace Information: 0 : 31084, 1, 2024/08/03, 11:23:34.983, 6081282332178, vstest.console.dll, AssemblyResolver.AddSearchDirectories: Adding more searchDirectories C:\Program Files\dotnet\sdk\8.0.202\Extensions,C:\Program Files\dotnet\sdk\8.0.202
TpTrace Information: 0 : 31084, 1, 2024/08/03, 11:23:34.983, 6081282332645, vstest.console.dll, AssemblyResolver.AddSearchDirectories: Adding more searchDirectories C:\Program Files\dotnet\sdk\8.0.202\Extensions,C:\Program Files\dotnet\sdk\8.0.202
TpTrace Verbose: 0 : 31084, 1, 2024/08/03, 11:23:34.983, 6081282333965, vstest.console.dll, MetadataReaderExtensionsHelper: Discovering extensions inside assembly 'Microsoft.Diagnostics.NETCore.Client, Version=0.2.9.2401, Culture=neutral, PublicKeyToken=31bf3856ad364e35' file path 'C:\Program Files\dotnet\sdk\8.0.202\Extensions\Microsoft.Diagnostics.NETCore.Client.dll'
TpTrace Information: 0 : 31084, 1, 2024/08/03, 11:23:34.984, 6081282344557, vstest.console.dll, AssemblyResolver.OnResolve: Microsoft.Bcl.AsyncInterfaces: Resolving assembly.
TpTrace Information: 0 : 31084, 1, 2024/08/03, 11:23:34.984, 6081282345413, vstest.console.dll, AssemblyResolver.OnResolve: Microsoft.Bcl.AsyncInterfaces: Resolved from cache.
TpTrace Verbose: 0 : 31084, 1, 2024/08/03, 11:23:34.984, 6081282345898, vstest.console.dll, CurrentDomainAssemblyResolve: Resolving assembly 'Microsoft.Bcl.AsyncInterfaces'.
TpTrace Information: 0 : 31084, 1, 2024/08/03, 11:23:34.985, 6081282346456, vstest.console.dll, AssemblyResolver.OnResolve: Microsoft.Bcl.AsyncInterfaces: Resolving assembly.
TpTrace Information: 0 : 31084, 1, 2024/08/03, 11:23:34.985, 6081282346781, vstest.console.dll, AssemblyResolver.OnResolve: Microsoft.Bcl.AsyncInterfaces: Resolved from cache.
TpTrace Verbose: 0 : 31084, 1, 2024/08/03, 11:23:34.985, 6081282347146, vstest.console.dll, CurrentDomainAssemblyResolve: Resolving assembly 'Microsoft.Bcl.AsyncInterfaces'.
TpTrace Verbose: 0 : 31084, 1, 2024/08/03, 11:23:34.985, 6081282347505, vstest.console.dll, CurrentDomainAssemblyResolve: Failed to resolve assembly 'Microsoft.Bcl.AsyncInterfaces'.
TpTrace Verbose: 0 : 31084, 1, 2024/08/03, 11:23:34.985, 6081282349138, vstest.console.dll, CurrentDomainAssemblyResolve: Failed to resolve assembly 'Microsoft.Bcl.AsyncInterfaces'.
TpTrace Warning: 0 : 31084, 1, 2024/08/03, 11:23:34.985, 6081282353518, vstest.console.dll, TestPluginDiscoverer: Failed to get types from assembly 'Microsoft.Diagnostics.NETCore.Client, Version=0.2.9.2401, Culture=neutral, PublicKeyToken=31bf3856ad364e35'. Error: System.Reflection.ReflectionTypeLoadException: Unable to load one or more of the requested types.
Could not load file or assembly 'Microsoft.Bcl.AsyncInterfaces, Version=6.0.0.0, Culture=neutral, PublicKeyToken=cc7b13ffcd2ddd51'. The system cannot find the file specified.
   at System.Reflection.RuntimeModule.GetTypes(RuntimeModule module)
   at System.Reflection.RuntimeModule.GetTypes()
   at Microsoft.VisualStudio.TestPlatform.Common.ExtensionFramework.TestPluginDiscoverer.GetTestExtensionsFromAssembly[TPluginInfo,TExtension](Assembly assembly, Dictionary`2 pluginInfos, String filePath) in /_/src/Microsoft.TestPlatform.Common/ExtensionFramework/TestPluginDiscoverer.cs:line 158
System.IO.FileNotFoundException: Could not load file or assembly 'Microsoft.Bcl.AsyncInterfaces, Version=6.0.0.0, Culture=neutral, PublicKeyToken=cc7b13ffcd2ddd51'. The system cannot find the file specified.
File name: 'Microsoft.Bcl.AsyncInterfaces, Version=6.0.0.0, Culture=neutral, PublicKeyToken=cc7b13ffcd2ddd51'
 ---> System.IO.FileNotFoundException: Could not load file or assembly 'Microsoft.Bcl.AsyncInterfaces, Culture=neutral, PublicKeyToken=null'. The system cannot find the file specified.
File name: 'Microsoft.Bcl.AsyncInterfaces, Culture=neutral, PublicKeyToken=null'
   at System.Reflection.RuntimeAssembly.InternalLoad(AssemblyName assemblyName, StackCrawlMark& stackMark, AssemblyLoadContext assemblyLoadContext, RuntimeAssembly requestingAssembly, Boolean throwOnFileNotFound)
   at System.Reflection.Assembly.Load(AssemblyName assemblyRef)
   at Microsoft.VisualStudio.TestPlatform.Common.ExtensionFramework.TestPluginCache.CurrentDomainAssemblyResolve(Object sender, AssemblyResolveEventArgs args) in /_/src/Microsoft.TestPlatform.Common/ExtensionFramework/TestPluginCache.cs:line 513
   at System.Runtime.Loader.AssemblyLoadContext.GetFirstResolvedAssemblyFromResolvingEvent(AssemblyName assemblyName)
   at System.Runtime.Loader.AssemblyLoadContext.ResolveUsingEvent(AssemblyName assemblyName)
   at System.Runtime.Loader.AssemblyLoadContext.ResolveUsingResolvingEvent(IntPtr gchManagedAssemblyLoadContext, AssemblyName assemblyName)
TpTrace Warning: 0 : 31084, 1, 2024/08/03, 11:23:34.985, 6081282355332, vstest.console.dll, LoaderExceptions: System.IO.FileNotFoundException: Could not load file or assembly 'Microsoft.Bcl.AsyncInterfaces, Version=6.0.0.0, Culture=neutral, PublicKeyToken=cc7b13ffcd2ddd51'. The system cannot find the file specified.
File name: 'Microsoft.Bcl.AsyncInterfaces, Version=6.0.0.0, Culture=neutral, PublicKeyToken=cc7b13ffcd2ddd51'
 ---> System.IO.FileNotFoundException: Could not load file or assembly 'Microsoft.Bcl.AsyncInterfaces, Culture=neutral, PublicKeyToken=null'. The system cannot find the file specified.
File name: 'Microsoft.Bcl.AsyncInterfaces, Culture=neutral, PublicKeyToken=null'
   at System.Reflection.RuntimeAssembly.InternalLoad(AssemblyName assemblyName, StackCrawlMark& stackMark, AssemblyLoadContext assemblyLoadContext, RuntimeAssembly requestingAssembly, Boolean throwOnFileNotFound)
   at System.Reflection.Assembly.Load(AssemblyName assemblyRef)
   at Microsoft.VisualStudio.TestPlatform.Common.ExtensionFramework.TestPluginCache.CurrentDomainAssemblyResolve(Object sender, AssemblyResolveEventArgs args) in /_/src/Microsoft.TestPlatform.Common/ExtensionFramework/TestPluginCache.cs:line 513
   at System.Runtime.Loader.AssemblyLoadContext.GetFirstResolvedAssemblyFromResolvingEvent(AssemblyName assemblyName)
   at System.Runtime.Loader.AssemblyLoadContext.ResolveUsingEvent(AssemblyName assemblyName)
   at System.Runtime.Loader.AssemblyLoadContext.ResolveUsingResolvingEvent(IntPtr gchManagedAssemblyLoadContext, AssemblyName assemblyName)
TpTrace Verbose: 0 : 31084, 1, 2024/08/03, 11:23:34.985, 6081282356206, vstest.console.dll, MetadataReaderExtensionsHelper: Discovering extensions inside assembly 'Microsoft.TestPlatform.Extensions.BlameDataCollector, Version=15.0.0.0, Culture=neutral, PublicKeyToken=b03f5f7f11d50a3a' file path 'C:\Program Files\dotnet\sdk\8.0.202\Extensions\Microsoft.TestPlatform.Extensions.BlameDataCollector.dll'
TpTrace Information: 0 : 31084, 1, 2024/08/03, 11:23:34.986, 6081282361613, vstest.console.dll, GetTestExtensionFromType: Register extension with identifier data 'logger://Microsoft/TestPlatform/Extensions/Blame/v1' and type 'Microsoft.TestPlatform.Extensions.BlameDataCollector.BlameLogger, Microsoft.TestPlatform.Extensions.BlameDataCollector, Version=15.0.0.0, Culture=neutral, PublicKeyToken=b03f5f7f11d50a3a' inside file 'C:\Program Files\dotnet\sdk\8.0.202\Extensions\Microsoft.TestPlatform.Extensions.BlameDataCollector.dll'
TpTrace Verbose: 0 : 31084, 1, 2024/08/03, 11:23:34.986, 6081282362474, vstest.console.dll, MetadataReaderExtensionsHelper: Discovering extensions inside assembly 'Microsoft.TestPlatform.Extensions.EventLogCollector, Version=15.0.0.0, Culture=neutral, PublicKeyToken=b03f5f7f11d50a3a' file path 'C:\Program Files\dotnet\sdk\8.0.202\Extensions\Microsoft.TestPlatform.Extensions.EventLogCollector.dll'
TpTrace Verbose: 0 : 31084, 1, 2024/08/03, 11:23:34.986, 6081282365690, vstest.console.dll, MetadataReaderExtensionsHelper: Discovering extensions inside assembly 'Microsoft.TestPlatform.TestHostRuntimeProvider, Version=15.0.0.0, Culture=neutral, PublicKeyToken=b03f5f7f11d50a3a' file path 'C:\Program Files\dotnet\sdk\8.0.202\Extensions\Microsoft.TestPlatform.TestHostRuntimeProvider.dll'
TpTrace Verbose: 0 : 31084, 1, 2024/08/03, 11:23:34.987, 6081282368703, vstest.console.dll, MetadataReaderExtensionsHelper: Discovering extensions inside assembly 'Microsoft.VisualStudio.TestPlatform.Extensions.Html.TestLogger, Version=15.0.0.0, Culture=neutral, PublicKeyToken=b03f5f7f11d50a3a' file path 'C:\Program Files\dotnet\sdk\8.0.202\Extensions\Microsoft.VisualStudio.TestPlatform.Extensions.Html.TestLogger.dll'
TpTrace Information: 0 : 31084, 1, 2024/08/03, 11:23:34.987, 6081282374189, vstest.console.dll, GetTestExtensionFromType: Register extension with identifier data 'logger://Microsoft/TestPlatform/HtmlLogger/v1' and type 'Microsoft.VisualStudio.TestPlatform.Extensions.HtmlLogger.HtmlLogger, Microsoft.VisualStudio.TestPlatform.Extensions.Html.TestLogger, Version=15.0.0.0, Culture=neutral, PublicKeyToken=b03f5f7f11d50a3a' inside file 'C:\Program Files\dotnet\sdk\8.0.202\Extensions\Microsoft.VisualStudio.TestPlatform.Extensions.Html.TestLogger.dll'
TpTrace Verbose: 0 : 31084, 1, 2024/08/03, 11:23:34.987, 6081282374974, vstest.console.dll, MetadataReaderExtensionsHelper: Discovering extensions inside assembly 'Microsoft.VisualStudio.TestPlatform.Extensions.Trx.TestLogger, Version=15.0.0.0, Culture=neutral, PublicKeyToken=b03f5f7f11d50a3a' file path 'C:\Program Files\dotnet\sdk\8.0.202\Extensions\Microsoft.VisualStudio.TestPlatform.Extensions.Trx.TestLogger.dll'
TpTrace Information: 0 : 31084, 1, 2024/08/03, 11:23:34.988, 6081282378669, vstest.console.dll, GetTestExtensionFromType: Register extension with identifier data 'logger://Microsoft/TestPlatform/TrxLogger/v1' and type 'Microsoft.VisualStudio.TestPlatform.Extensions.TrxLogger.TrxLogger, Microsoft.VisualStudio.TestPlatform.Extensions.Trx.TestLogger, Version=15.0.0.0, Culture=neutral, PublicKeyToken=b03f5f7f11d50a3a' inside file 'C:\Program Files\dotnet\sdk\8.0.202\Extensions\Microsoft.VisualStudio.TestPlatform.Extensions.Trx.TestLogger.dll'
TpTrace Verbose: 0 : 31084, 1, 2024/08/03, 11:23:34.988, 6081282379388, vstest.console.dll, TestPluginCache: Discovered the extensions using extension path ''.
TpTrace Verbose: 0 : 31084, 1, 2024/08/03, 11:23:34.988, 6081282379781, vstest.console.dll, TestPluginCache: Discoverers are ''.
TpTrace Verbose: 0 : 31084, 1, 2024/08/03, 11:23:34.988, 6081282380076, vstest.console.dll, TestPluginCache: Executors are ''.
TpTrace Verbose: 0 : 31084, 1, 2024/08/03, 11:23:34.988, 6081282380365, vstest.console.dll, TestPluginCache: Executors2 are ''.
TpTrace Verbose: 0 : 31084, 1, 2024/08/03, 11:23:34.988, 6081282380701, vstest.console.dll, TestPluginCache: Setting providers are ''.
TpTrace Verbose: 0 : 31084, 1, 2024/08/03, 11:23:34.988, 6081282381692, vstest.console.dll, TestPluginCache: Loggers are 'logger://Microsoft/TestPlatform/Extensions/Blame/v1,logger://Microsoft/TestPlatform/HtmlLogger/v1,logger://Microsoft/TestPlatform/TrxLogger/v1'.
TpTrace Verbose: 0 : 31084, 1, 2024/08/03, 11:23:34.988, 6081282382176, vstest.console.dll, TestPluginCache: TestHosts are 'HostProvider://DefaultTestHost,HostProvider://DotnetTestHost'.
TpTrace Verbose: 0 : 31084, 1, 2024/08/03, 11:23:34.988, 6081282382493, vstest.console.dll, TestPluginCache: DataCollectors are ''.
TpTrace Information: 0 : 31084, 1, 2024/08/03, 11:23:34.989, 6081282390826, vstest.console.dll, TestPluginManager.CreateTestExtension: Attempting to load test extension: Microsoft.TestPlatform.Extensions.BlameDataCollector.BlameLogger
TpTrace Verbose: 0 : 31084, 1, 2024/08/03, 11:23:34.996, 6081282463956, vstest.console.dll, TestEngine: Initializing Parallel Execution as MaxCpuCount is set to: 1
TpTrace Information: 0 : 31084, 1, 2024/08/03, 11:23:34.998, 6081282479775, vstest.console.dll, TestPluginManager.CreateTestExtension: Attempting to load test extension: Microsoft.VisualStudio.TestPlatform.CrossPlatEngine.Hosting.DefaultTestHostManager
TpTrace Information: 0 : 31084, 1, 2024/08/03, 11:23:34.999, 6081282494670, vstest.console.dll, TestPluginManager.CreateTestExtension: Attempting to load test extension: Microsoft.VisualStudio.TestPlatform.CrossPlatEngine.Hosting.DotnetTestHostManager
TpTrace Information: 0 : 31084, 1, 2024/08/03, 11:23:35.000, 6081282500280, vstest.console.dll, InferRunSettingsHelper.IsTestSettingsEnabled: Unable to navigate to RunSettings/MSTest. Current node: RunSettings
TpTrace Verbose: 0 : 31084, 1, 2024/08/03, 11:23:35.001, 6081282514650, vstest.console.dll, ParallelOperationManager.ClearSlots: Clearing all slots. Slots should accept more work: True
TpTrace Verbose: 0 : 31084, 1, 2024/08/03, 11:23:35.002, 6081282522341, vstest.console.dll, ParallelOperationManager.SetOccupiedSlotCount: Setting slot counts AvailableSlotCount = 1, OccupiedSlotCount = 0.
TpTrace Verbose: 0 : 31084, 1, 2024/08/03, 11:23:35.002, 6081282526130, vstest.console.dll, Occupied slots:

TpTrace Verbose: 0 : 31084, 1, 2024/08/03, 11:23:35.007, 6081282570605, vstest.console.dll, TestEngine.GetExecutionManager: Chosen execution manager 'Microsoft.VisualStudio.TestPlatform.CrossPlatEngine.Client.Parallel.ParallelProxyExecutionManager, Microsoft.TestPlatform.CrossPlatEngine, Version=15.0.0.0, Culture=neutral, PublicKeyToken=b03f5f7f11d50a3a' ParallelLevel '1'.
TpTrace Verbose: 0 : 31084, 1, 2024/08/03, 11:23:35.007, 6081282572399, vstest.console.dll, TestRunRequest.ExecuteAsync: Creating test run request.
TpTrace Verbose: 0 : 31084, 1, 2024/08/03, 11:23:35.007, 6081282574949, vstest.console.dll, TestRunRequest.ExecuteAsync: Starting.
TpTrace Information: 0 : 31084, 1, 2024/08/03, 11:23:35.010, 6081282599524, vstest.console.dll, TestRunRequest.ExecuteAsync: Starting run with settings:TestRunCriteria:
   KeepAlive=False,FrequencyOfRunStatsChangeEvent=10,RunStatsChangeEventTimeout=00:00:01.5000000,TestCaseFilter=,TestExecutorLauncher=
   Settingsxml=<RunSettings>
  <RunConfiguration>
    <ResultsDirectory>C:\Users\VC\Desktop\Capstone Project\EmployeeGrievanceRedressalSolution\EmployeeGrievanceRedressalTests\bin\Debug\net6.0\fine-code-coverage\coverage-tool-output</ResultsDirectory>
    <TargetPlatform>X64</TargetPlatform>
    <TargetFrameworkVersion>.NETCoreApp,Version=v6.0</TargetFrameworkVersion>
    <DesignMode>False</DesignMode>
    <CollectSourceInformation>False</CollectSourceInformation>
  </RunConfiguration>
  <LoggerRunSettings>
    <Loggers>
      <Logger friendlyName="blame" enabled="True" />
      <Logger friendlyName="Console" uri="logger://microsoft/TestPlatform/ConsoleLogger/v1" assemblyQualifiedName="Microsoft.VisualStudio.TestPlatform.CommandLine.Internal.ConsoleLogger, vstest.console, Version=15.0.0.0, Culture=neutral, PublicKeyToken=b03f5f7f11d50a3a" codeBase="C:\Program Files\dotnet\sdk\8.0.202\vstest.console.dll" enabled="True" />
    </Loggers>
  </LoggerRunSettings>
  <DataCollectionRunSettings>
    <DataCollectors>
      <DataCollector friendlyName="blame" enabled="True">
        <Configuration>
          <ResultsDirectory>C:\Users\VC\Desktop\Capstone Project\EmployeeGrievanceRedressalSolution\EmployeeGrievanceRedressalTests\bin\Debug\net6.0\fine-code-coverage\coverage-tool-output</ResultsDirectory>
        </Configuration>
      </DataCollector>
    </DataCollectors>
  </DataCollectionRunSettings>
</RunSettings>

TpTrace Verbose: 0 : 31084, 1, 2024/08/03, 11:23:35.010, 6081282601328, vstest.console.dll, TestRunRequest.ExecuteAsync: Wait for the first run request is over.
TpTrace Verbose: 0 : 31084, 1, 2024/08/03, 11:23:35.011, 6081282607380, vstest.console.dll, MulticastDelegateUtilities.SafeInvoke: TestRun.TestRunStart: Invoking callbacks was skipped because there are no subscribers.
TpTrace Verbose: 0 : 31084, 4, 2024/08/03, 11:23:35.011, 6081282611275, vstest.console.dll, MulticastDelegateUtilities.SafeInvoke: InternalTestLoggerEvents.SendTestRunStart: Invoking callback 1/1 for Microsoft.VisualStudio.TestPlatform.CommandLine.Internal.ConsoleLogger., took 0 ms.
TpTrace Verbose: 0 : 31084, 1, 2024/08/03, 11:23:35.012, 6081282624761, vstest.console.dll, ParallelProxyExecutionManager: Start execution. Total sources: 1
TpTrace Verbose: 0 : 31084, 1, 2024/08/03, 11:23:35.013, 6081282629422, vstest.console.dll, ParallelOperationManager.StartWork: Starting adding 1 workloads.
TpTrace Verbose: 0 : 31084, 1, 2024/08/03, 11:23:35.013, 6081282630393, vstest.console.dll, ParallelOperationManager.ClearSlots: Clearing all slots. Slots should accept more work: True
TpTrace Verbose: 0 : 31084, 1, 2024/08/03, 11:23:35.013, 6081282631382, vstest.console.dll, ParallelOperationManager.SetOccupiedSlotCount: Setting slot counts AvailableSlotCount = 1, OccupiedSlotCount = 0.
TpTrace Verbose: 0 : 31084, 1, 2024/08/03, 11:23:35.013, 6081282631913, vstest.console.dll, Occupied slots:

TpTrace Verbose: 0 : 31084, 1, 2024/08/03, 11:23:35.015, 6081282648877, vstest.console.dll, TestRequestSender is acting as server.
TpTrace Verbose: 0 : 31084, 1, 2024/08/03, 11:23:35.017, 6081282666985, vstest.console.dll, ParallelOperationManager.RunWorkInParallel: Adding 1 workload to slot, remaining workloads 0.
TpTrace Verbose: 0 : 31084, 1, 2024/08/03, 11:23:35.017, 6081282667866, vstest.console.dll, ParallelOperationManager.SetOccupiedSlotCount: Setting slot counts AvailableSlotCount = 0, OccupiedSlotCount = 1.
TpTrace Verbose: 0 : 31084, 1, 2024/08/03, 11:23:35.017, 6081282669047, vstest.console.dll, Occupied slots:
0: C:\Users\VC\Desktop\Capstone Project\EmployeeGrievanceRedressalSolution\EmployeeGrievanceRedressalTests\bin\Debug\net6.0\fine-code-coverage\build-output\EmployeeGrievanceRedressalTests.dll
TpTrace Verbose: 0 : 31084, 1, 2024/08/03, 11:23:35.018, 6081282682697, vstest.console.dll, ParallelOperationManager.RunWorkInParallel: Started host in slot number 0 for work (source): C:\Users\VC\Desktop\Capstone Project\EmployeeGrievanceRedressalSolution\EmployeeGrievanceRedressalTests\bin\Debug\net6.0\fine-code-coverage\build-output\EmployeeGrievanceRedressalTests.dll.
TpTrace Verbose: 0 : 31084, 1, 2024/08/03, 11:23:35.020, 6081282696789, vstest.console.dll, ParallelOperationManager.RunWorkInParallel: We started 1 work items, which is the max parallel level. Won't start more work.
TpTrace Verbose: 0 : 31084, 1, 2024/08/03, 11:23:35.020, 6081282698358, vstest.console.dll, ParallelOperationManager.RunWorkInParallel: We started 1 work items in here, returning True.
TpTrace Information: 0 : 31084, 1, 2024/08/03, 11:23:35.020, 6081282699156, vstest.console.dll, TestRunRequest.ExecuteAsync: Started.
TpTrace Verbose: 0 : 31084, 5, 2024/08/03, 11:23:35.020, 6081282700261, vstest.console.dll, ParallelProxyExecutionManager.StartTestRunOnConcurrentManager: Initializing uninitialized client. Started clients: 0
TpTrace Verbose: 0 : 31084, 5, 2024/08/03, 11:23:35.020, 6081282703149, vstest.console.dll, DataCollectionRequestSender.InitializeCommunication : Initialize communication. 
TpTrace Verbose: 0 : 31084, 1, 2024/08/03, 11:23:35.021, 6081282712043, vstest.console.dll, TestRunRequest.WaitForCompletion: Waiting with timeout -1.
TpTrace Information: 0 : 31084, 5, 2024/08/03, 11:23:35.030, 6081282799329, vstest.console.dll, Listening on Endpoint : 127.0.0.1:50078
TpTrace Verbose: 0 : 31084, 5, 2024/08/03, 11:23:35.037, 6081282869076, vstest.console.dll, DotnetDataCollectionLauncher: Adding  --runtimeconfig "C:\Program Files\dotnet\sdk\8.0.202\datacollector.runtimeconfig.json" in args
TpTrace Verbose: 0 : 31084, 5, 2024/08/03, 11:23:35.037, 6081282870838, vstest.console.dll, DotnetDataCollectionLauncher: Adding  --depsfile "C:\Program Files\dotnet\sdk\8.0.202\datacollector.deps.json" in args
TpTrace Verbose: 0 : 31084, 5, 2024/08/03, 11:23:35.038, 6081282879368, vstest.console.dll, DotnetDataCollectionLauncher: Full path of dotnet.exe is C:\Program Files\dotnet\dotnet.exe
TpTrace Information: 0 : 31084, 5, 2024/08/03, 11:23:35.045, 6081282948910, vstest.console.dll, ProxyDataCollectionManager.Initialize: Launched datacollector processId: 15976 port: 50078
TpTrace Information: 0 : 31084, 5, 2024/08/03, 11:23:35.045, 6081282950522, vstest.console.dll, ProxyDataCollectionManager.Initialize: waiting for connection with timeout: 90 seconds
TpTrace Verbose: 0 : 31084, 5, 2024/08/03, 11:23:35.045, 6081282951028, vstest.console.dll, DataCollectionRequestSender.WaitForRequestHandlerConnection : Waiting for connection with timeout: 90000
TpTrace Information: 0 : 31084, 7, 2024/08/03, 11:23:35.303, 6081285531803, vstest.console.dll, Using the buffer size of 16384 bytes
TpTrace Verbose: 0 : 31084, 5, 2024/08/03, 11:23:35.303, 6081285531864, vstest.console.dll, SocketCommunicationManager.WaitForClientConnection took: 258 ms, with 90000 ms timeout, and finished with True.
TpTrace Information: 0 : 31084, 7, 2024/08/03, 11:23:35.303, 6081285533649, vstest.console.dll, Accepted Client request and set the flag
TpTrace Verbose: 0 : 31084, 5, 2024/08/03, 11:23:35.303, 6081285534842, vstest.console.dll, ProxyDataCollectionManager.InvokeDataCollectionServiceAction: Starting.
TpTrace Information: 0 : 31084, 5, 2024/08/03, 11:23:35.304, 6081285536914, vstest.console.dll, ProxyDataCollectionManager.BeforeTestRunStart: Get environment variable and port for datacollector processId: 15976 port: 50078
TpTrace Verbose: 0 : 31084, 5, 2024/08/03, 11:23:35.304, 6081285538397, vstest.console.dll, DataCollectionRequestSender.SendBeforeTestRunStartAndGetResult: Send BeforeTestRunStart message with settingsXml <RunSettings><RunConfiguration><ResultsDirectory>C:\Users\VC\Desktop\Capstone Project\EmployeeGrievanceRedressalSolution\EmployeeGrievanceRedressalTests\bin\Debug\net6.0\fine-code-coverage\coverage-tool-output</ResultsDirectory><TargetPlatform>X64</TargetPlatform><TargetFrameworkVersion>.NETCoreApp,Version=v6.0</TargetFrameworkVersion><DesignMode>False</DesignMode><CollectSourceInformation>False</CollectSourceInformation><TestAdaptersPaths>C:\Program Files\dotnet\sdk\8.0.202\Extensions</TestAdaptersPaths></RunConfiguration><LoggerRunSettings><Loggers><Logger friendlyName="blame" enabled="True" /><Logger friendlyName="Console" uri="logger://microsoft/TestPlatform/ConsoleLogger/v1" assemblyQualifiedName="Microsoft.VisualStudio.TestPlatform.CommandLine.Internal.ConsoleLogger, vstest.console, Version=15.0.0.0, Culture=neutral, PublicKeyToken=b03f5f7f11d50a3a" codeBase="C:\Program Files\dotnet\sdk\8.0.202\vstest.console.dll" enabled="True" /></Loggers></LoggerRunSettings><DataCollectionRunSettings><DataCollectors><DataCollector friendlyName="blame" enabled="True"><Configuration><ResultsDirectory>C:\Users\VC\Desktop\Capstone Project\EmployeeGrievanceRedressalSolution\EmployeeGrievanceRedressalTests\bin\Debug\net6.0\fine-code-coverage\coverage-tool-output</ResultsDirectory></Configuration></DataCollector></DataCollectors></DataCollectionRunSettings></RunSettings> and sources System.Collections.Generic.List`1[System.String]: 
TpTrace Verbose: 0 : 31084, 5, 2024/08/03, 11:23:35.358, 6081286081239, vstest.console.dll, DataCollectionRequestSender.SendBeforeTestRunStartAndGetResult: Received message: (DataCollection.SendMessage) -> {"MessageType":"DataCollection.SendMessage","Payload":{"FriendlyName":null,"Uri":null,"TestCaseId":"00000000-0000-0000-0000-000000000000","Message":"Logging DataCollector Diagnostics in file: C:\\Users\\VC\\Desktop\\Capstone Project\\EmployeeGrievanceRedressalSolution\\EmployeeGrievanceRedressalTests\\bin\\Debug\\net6.0\\fine-code-coverage\\coverage-tool-output\\diagnostics.datacollector.24-08-03_11-23-35_03699_5.log","Level":0}}
TpTrace Verbose: 0 : 31084, 5, 2024/08/03, 11:23:35.442, 6081286924299, vstest.console.dll, DataCollectionRequestSender.SendBeforeTestRunStartAndGetResult: Received message: (DataCollection.BeforeTestRunStartResult) -> {"MessageType":"DataCollection.BeforeTestRunStartResult","Payload":{"EnvironmentVariables":{},"DataCollectionEventsPort":50080}}
TpTrace Information: 0 : 31084, 5, 2024/08/03, 11:23:35.447, 6081286968827, vstest.console.dll, ProxyDataCollectionManager.BeforeTestRunStart: SendBeforeTestRunStartAndGetResult successful, env variable from datacollector:   and testhost port: 50080
TpTrace Information: 0 : 31084, 5, 2024/08/03, 11:23:35.447, 6081286970299, vstest.console.dll, ProxyDataCollectionManager.InvokeDataCollectionServiceAction: Completed.
TpTrace Verbose: 0 : 31084, 5, 2024/08/03, 11:23:35.447, 6081286970769, vstest.console.dll, ParallelProxyExecutionManager.StartTestRunOnConcurrentManager: Initializing test run. Started clients: 0
TpTrace Verbose: 0 : 31084, 5, 2024/08/03, 11:23:35.447, 6081286971667, vstest.console.dll, ProxyExecutionManager: Test host is always Lazy initialize.
TpTrace Verbose: 0 : 31084, 5, 2024/08/03, 11:23:35.447, 6081286973876, vstest.console.dll, TestRequestSender.InitializeCommunication: initialize communication. 
TpTrace Information: 0 : 31084, 5, 2024/08/03, 11:23:35.448, 6081286979240, vstest.console.dll, SocketServer.Start: Listening on endpoint : 127.0.0.1:50081
TpTrace Verbose: 0 : 31084, 5, 2024/08/03, 11:23:35.449, 6081286986613, vstest.console.dll, DotnetTestHostmanager.GetTestHostProcessStartInfo: Platform environment 'X64' target architecture 'X64' framework '.NETCoreApp,Version=v6.0' OS 'Windows'
TpTrace Verbose: 0 : 31084, 5, 2024/08/03, 11:23:35.449, 6081286989495, vstest.console.dll, DotnetTestHostmanager: Adding  --runtimeconfig "C:\Users\VC\Desktop\Capstone Project\EmployeeGrievanceRedressalSolution\EmployeeGrievanceRedressalTests\bin\Debug\net6.0\fine-code-coverage\build-output\EmployeeGrievanceRedressalTests.runtimeconfig.json" in args
TpTrace Verbose: 0 : 31084, 5, 2024/08/03, 11:23:35.449, 6081286990699, vstest.console.dll, DotnetTestHostmanager: Adding  --depsfile "C:\Users\VC\Desktop\Capstone Project\EmployeeGrievanceRedressalSolution\EmployeeGrievanceRedressalTests\bin\Debug\net6.0\fine-code-coverage\build-output\EmployeeGrievanceRedressalTests.deps.json" in args
TpTrace Verbose: 0 : 31084, 5, 2024/08/03, 11:23:35.449, 6081286993528, vstest.console.dll, DotnetTestHostmanager.IsWinOnArm: Current PROCESSOR_ARCHITECTURE from environment variable 'AMD64'
TpTrace Verbose: 0 : 31084, 5, 2024/08/03, 11:23:35.449, 6081286994266, vstest.console.dll, DotnetTestHostmanager.IsWinOnArm: Is Windows on ARM 'False'
TpTrace Verbose: 0 : 31084, 5, 2024/08/03, 11:23:35.449, 6081286995366, vstest.console.dll, DotnetTestHostManager: testhost.exe found at path: C:\Users\VC\Desktop\Capstone Project\EmployeeGrievanceRedressalSolution\EmployeeGrievanceRedressalTests\bin\Debug\net6.0\fine-code-coverage\build-output\testhost.exe
TpTrace Verbose: 0 : 31084, 5, 2024/08/03, 11:23:35.449, 6081286995841, vstest.console.dll, DotnetTestHostmanager: Full path of host exe is C:\Users\VC\Desktop\Capstone Project\EmployeeGrievanceRedressalSolution\EmployeeGrievanceRedressalTests\bin\Debug\net6.0\fine-code-coverage\build-output\testhost.exe
TpTrace Verbose: 0 : 31084, 5, 2024/08/03, 11:23:35.450, 6081286997195, vstest.console.dll, DotnetTestHostmanager.LaunchTestHostAsync: Found 'VSTEST_WINAPPHOST_DOTNET_ROOT' in env variables, value 'C:\Program Files\dotnet', forwarding to 'DOTNET_ROOT'
TpTrace Verbose: 0 : 31084, 5, 2024/08/03, 11:23:35.450, 6081286998741, vstest.console.dll, DotnetTestHostManager: Starting process 'C:\Users\VC\Desktop\Capstone Project\EmployeeGrievanceRedressalSolution\EmployeeGrievanceRedressalTests\bin\Debug\net6.0\fine-code-coverage\build-output\testhost.exe' with command line ' --runtimeconfig "C:\Users\VC\Desktop\Capstone Project\EmployeeGrievanceRedressalSolution\EmployeeGrievanceRedressalTests\bin\Debug\net6.0\fine-code-coverage\build-output\EmployeeGrievanceRedressalTests.runtimeconfig.json" --depsfile "C:\Users\VC\Desktop\Capstone Project\EmployeeGrievanceRedressalSolution\EmployeeGrievanceRedressalTests\bin\Debug\net6.0\fine-code-coverage\build-output\EmployeeGrievanceRedressalTests.deps.json" --port 50081 --endpoint 127.0.0.1:050081 --role client --parentprocessid 31084 --diag "C:\Users\VC\Desktop\Capstone Project\EmployeeGrievanceRedressalSolution\EmployeeGrievanceRedressalTests\bin\Debug\net6.0\fine-code-coverage\coverage-tool-output\diagnostics.host.24-08-03_11-23-35_44869_5.log" --tracelevel 4 --datacollectionport 50080 --telemetryoptedin false'
TpTrace Verbose: 0 : 31084, 5, 2024/08/03, 11:23:35.456, 6081287060198, vstest.console.dll, MulticastDelegateUtilities.SafeInvoke: HostProviderEvents.OnHostLaunched: Invoking callback 1/2 for Microsoft.VisualStudio.TestPlatform.CrossPlatEngine.Client.ProxyExecutionManagerWithDataCollection., took 1 ms.
TpTrace Verbose: 0 : 31084, 5, 2024/08/03, 11:23:35.457, 6081287066559, vstest.console.dll, Test Runtime launched
TpTrace Verbose: 0 : 31084, 5, 2024/08/03, 11:23:35.457, 6081287068577, vstest.console.dll, MulticastDelegateUtilities.SafeInvoke: HostProviderEvents.OnHostLaunched: Invoking callback 2/2 for Microsoft.VisualStudio.TestPlatform.CrossPlatEngine.Client.ProxyOperationManager., took 0 ms.
TpTrace Verbose: 0 : 31084, 5, 2024/08/03, 11:23:35.457, 6081287071367, vstest.console.dll, TestRequestSender.WaitForRequestHandlerConnection: waiting for connection with timeout: 90000.
TpTrace Verbose: 0 : 31084, 7, 2024/08/03, 11:23:35.712, 6081289622122, vstest.console.dll, MulticastDelegateUtilities.SafeInvoke: SocketServer: ClientConnected: Invoking callback 1/1 for Microsoft.VisualStudio.TestPlatform.CommunicationUtilities.TestRequestSender., took 0 ms.
TpTrace Verbose: 0 : 31084, 5, 2024/08/03, 11:23:35.712, 6081289622137, vstest.console.dll, TestRequestSender.WaitForRequestHandlerConnection: waiting took 255 ms, with timeout 90000 ms, and result 0, which is success.
TpTrace Verbose: 0 : 31084, 7, 2024/08/03, 11:23:35.712, 6081289624778, vstest.console.dll, SocketServer.OnClientConnected: Client connected for endPoint: 127.0.0.1:50081, starting MessageLoopAsync:
TpTrace Verbose: 0 : 31084, 7, 2024/08/03, 11:23:35.714, 6081289636904, vstest.console.dll, TcpClientExtensions.MessageLoopAsync: Polling on remoteEndPoint: 127.0.0.1:50082 localEndPoint: 127.0.0.1:50081 after 0 ms
TpTrace Verbose: 0 : 31084, 5, 2024/08/03, 11:23:35.715, 6081289646848, vstest.console.dll, TestRequestSender.CheckVersionWithTestHost: Sending check version message: {"MessageType":"ProtocolVersion","Payload":7}
TpTrace Verbose: 0 : 31084, 7, 2024/08/03, 11:23:35.889, 6081291391808, vstest.console.dll, TcpClientExtensions.MessageLoopAsync: NotifyDataAvailable remoteEndPoint: 127.0.0.1:50082 localEndPoint: 127.0.0.1:50081
TpTrace Verbose: 0 : 31084, 7, 2024/08/03, 11:23:35.889, 6081291395076, vstest.console.dll, TestRequestSender.CheckVersionWithTestHost: onMessageReceived received message: (ProtocolVersion) -> {"MessageType":"ProtocolVersion","Payload":7}
TpTrace Verbose: 0 : 31084, 7, 2024/08/03, 11:23:35.890, 6081291400374, vstest.console.dll, MulticastDelegateUtilities.SafeInvoke: LengthPrefixCommunicationChannel: MessageReceived: Invoking callback 1/1 for Microsoft.VisualStudio.TestPlatform.CommunicationUtilities.TestRequestSender+<>c__DisplayClass29_0., took 0 ms.
TpTrace Verbose: 0 : 31084, 7, 2024/08/03, 11:23:35.890, 6081291401652, vstest.console.dll, TcpClientExtensions.MessageLoopAsync: Polling on remoteEndPoint: 127.0.0.1:50082 localEndPoint: 127.0.0.1:50081 after 176 ms
TpTrace Verbose: 0 : 31084, 5, 2024/08/03, 11:23:35.890, 6081291401874, vstest.console.dll, TestPluginCache.GetExtensionPaths: Filtered extension paths: 
TpTrace Verbose: 0 : 31084, 5, 2024/08/03, 11:23:35.890, 6081291403584, vstest.console.dll, TestPluginCache.GetExtensionPaths: Added default extension paths: C:\Program Files\dotnet\sdk\8.0.202\Extensions\Microsoft.Diagnostics.NETCore.Client.dll
C:\Program Files\dotnet\sdk\8.0.202\Extensions\Microsoft.TestPlatform.Extensions.BlameDataCollector.dll
C:\Program Files\dotnet\sdk\8.0.202\Extensions\Microsoft.TestPlatform.Extensions.EventLogCollector.dll
C:\Program Files\dotnet\sdk\8.0.202\Extensions\Microsoft.TestPlatform.TestHostRuntimeProvider.dll
C:\Program Files\dotnet\sdk\8.0.202\Extensions\Microsoft.VisualStudio.TestPlatform.Extensions.Html.TestLogger.dll
C:\Program Files\dotnet\sdk\8.0.202\Extensions\Microsoft.VisualStudio.TestPlatform.Extensions.Trx.TestLogger.dll
TpTrace Verbose: 0 : 31084, 5, 2024/08/03, 11:23:35.890, 6081291404262, vstest.console.dll, TestPluginCache.GetExtensionPaths: Added unfilterableExtensionPaths: 
TpTrace Verbose: 0 : 31084, 5, 2024/08/03, 11:23:35.894, 6081291443173, vstest.console.dll, TestRequestSender.InitializeExecution: Sending initialize execution with message: {"Version":7,"MessageType":"TestExecution.Initialize","Payload":["C:\\Users\\VC\\Desktop\\Capstone Project\\EmployeeGrievanceRedressalSolution\\EmployeeGrievanceRedressalTests\\bin\\Debug\\net6.0\\fine-code-coverage\\build-output\\NUnit3.TestAdapter.dll"]}
TpTrace Verbose: 0 : 31084, 5, 2024/08/03, 11:23:35.895, 6081291447760, vstest.console.dll, ParallelProxyExecutionManager.StartTestRunOnConcurrentManager: Execution starting. Started clients: 1
TpTrace Verbose: 0 : 31084, 5, 2024/08/03, 11:23:35.895, 6081291454160, vstest.console.dll, TestRunRequest:SendTestRunMessage: Starting.
TpTrace Verbose: 0 : 31084, 5, 2024/08/03, 11:23:35.896, 6081291457075, vstest.console.dll, MulticastDelegateUtilities.SafeInvoke: TestRun.LogMessages: Invoking callback 1/1 for Microsoft.VisualStudio.TestPlatform.CommandLine.TestRunResultAggregator., took 0 ms.
TpTrace Information: 0 : 31084, 5, 2024/08/03, 11:23:35.896, 6081291457813, vstest.console.dll, TestRunRequest:SendTestRunMessage: Completed.
TpTrace Verbose: 0 : 31084, 4, 2024/08/03, 11:23:35.896, 6081291460531, vstest.console.dll, MulticastDelegateUtilities.SafeInvoke: InternalTestLoggerEvents.SendTestRunMessage: Invoking callback 1/1 for Microsoft.VisualStudio.TestPlatform.CommandLine.Internal.ConsoleLogger., took 0 ms.
TpTrace Warning: 0 : 31084, 5, 2024/08/03, 11:23:35.896, 6081291464881, vstest.console.dll, InferRunSettingsHelper.MakeRunsettingsCompatible: Removing the following settings: TargetPlatform from RunSettings file. To use those settings please move to latest version of Microsoft.NET.Test.Sdk
TpTrace Verbose: 0 : 31084, 7, 2024/08/03, 11:23:35.896, 6081291465416, vstest.console.dll, TcpClientExtensions.MessageLoopAsync: NotifyDataAvailable remoteEndPoint: 127.0.0.1:50082 localEndPoint: 127.0.0.1:50081
TpTrace Verbose: 0 : 31084, 7, 2024/08/03, 11:23:35.898, 6081291478284, vstest.console.dll, TestRequestSender.OnExecutionMessageReceived: Received message: {"Version":7,"MessageType":"TestSession.Message","Payload":{"MessageLevel":0,"Message":"Logging TestHost Diagnostics in file: C:\\Users\\VC\\Desktop\\Capstone Project\\EmployeeGrievanceRedressalSolution\\EmployeeGrievanceRedressalTests\\bin\\Debug\\net6.0\\fine-code-coverage\\coverage-tool-output\\diagnostics.host.24-08-03_11-23-35_44869_5.log"}}
TpTrace Verbose: 0 : 31084, 7, 2024/08/03, 11:23:35.901, 6081291511565, vstest.console.dll, TestRunRequest:SendTestRunMessage: Starting.
TpTrace Verbose: 0 : 31084, 7, 2024/08/03, 11:23:35.901, 6081291513947, vstest.console.dll, MulticastDelegateUtilities.SafeInvoke: TestRun.LogMessages: Invoking callback 1/1 for Microsoft.VisualStudio.TestPlatform.CommandLine.TestRunResultAggregator., took 0 ms.
TpTrace Information: 0 : 31084, 7, 2024/08/03, 11:23:35.901, 6081291514417, vstest.console.dll, TestRunRequest:SendTestRunMessage: Completed.
TpTrace Verbose: 0 : 31084, 4, 2024/08/03, 11:23:35.901, 6081291514315, vstest.console.dll, MulticastDelegateUtilities.SafeInvoke: InternalTestLoggerEvents.SendTestRunMessage: Invoking callback 1/1 for Microsoft.VisualStudio.TestPlatform.CommandLine.Internal.ConsoleLogger., took 0 ms.
TpTrace Verbose: 0 : 31084, 7, 2024/08/03, 11:23:35.901, 6081291515087, vstest.console.dll, MulticastDelegateUtilities.SafeInvoke: LengthPrefixCommunicationChannel: MessageReceived: Invoking callback 1/1 for Microsoft.VisualStudio.TestPlatform.CommunicationUtilities.TestRequestSender+<>c__DisplayClass34_0., took 4 ms.
TpTrace Verbose: 0 : 31084, 7, 2024/08/03, 11:23:35.902, 6081291516751, vstest.console.dll, TcpClientExtensions.MessageLoopAsync: Polling on remoteEndPoint: 127.0.0.1:50082 localEndPoint: 127.0.0.1:50081 after 11 ms
TpTrace Verbose: 0 : 31084, 5, 2024/08/03, 11:23:35.911, 6081291611161, vstest.console.dll, TestRequestSender.StartTestRun: Sending test run with message: {"Version":7,"MessageType":"TestExecution.StartWithSources","Payload":{"AdapterSourceMap":{"_none_":["C:\\Users\\VC\\Desktop\\Capstone Project\\EmployeeGrievanceRedressalSolution\\EmployeeGrievanceRedressalTests\\bin\\Debug\\net6.0\\fine-code-coverage\\build-output\\EmployeeGrievanceRedressalTests.dll"]},"RunSettings":"<RunSettings>\r\n  <RunConfiguration>\r\n    <ResultsDirectory>C:\\Users\\VC\\Desktop\\Capstone Project\\EmployeeGrievanceRedressalSolution\\EmployeeGrievanceRedressalTests\\bin\\Debug\\net6.0\\fine-code-coverage\\coverage-tool-output</ResultsDirectory>\r\n    <TargetFrameworkVersion>.NETCoreApp,Version=v6.0</TargetFrameworkVersion>\r\n    <DesignMode>False</DesignMode>\r\n    <CollectSourceInformation>False</CollectSourceInformation>\r\n  </RunConfiguration>\r\n  <LoggerRunSettings>\r\n    <Loggers>\r\n      <Logger friendlyName=\"blame\" enabled=\"True\" />\r\n      <Logger friendlyName=\"Console\" uri=\"logger://microsoft/TestPlatform/ConsoleLogger/v1\" assemblyQualifiedName=\"Microsoft.VisualStudio.TestPlatform.CommandLine.Internal.ConsoleLogger, vstest.console, Version=15.0.0.0, Culture=neutral, PublicKeyToken=b03f5f7f11d50a3a\" codeBase=\"C:\\Program Files\\dotnet\\sdk\\8.0.202\\vstest.console.dll\" enabled=\"True\" />\r\n    </Loggers>\r\n  </LoggerRunSettings>\r\n  <DataCollectionRunSettings>\r\n    <DataCollectors>\r\n      <DataCollector friendlyName=\"blame\" enabled=\"True\">\r\n        <Configuration>\r\n          <ResultsDirectory>C:\\Users\\VC\\Desktop\\Capstone Project\\EmployeeGrievanceRedressalSolution\\EmployeeGrievanceRedressalTests\\bin\\Debug\\net6.0\\fine-code-coverage\\coverage-tool-output</ResultsDirectory>\r\n        </Configuration>\r\n      </DataCollector>\r\n    </DataCollectors>\r\n  </DataCollectionRunSettings>\r\n</RunSettings>","TestExecutionContext":{"FrequencyOfRunStatsChangeEvent":10,"RunStatsChangeEventTimeout":"00:00:01.5000000","InIsolation":false,"KeepAlive":false,"AreTestCaseLevelEventsRequired":false,"IsDebug":false,"TestCaseFilter":null,"FilterOptions":null},"Package":null}}
TpTrace Verbose: 0 : 31084, 5, 2024/08/03, 11:23:35.911, 6081291614886, vstest.console.dll, ParallelProxyExecutionManager.StartTestRunOnConcurrentManager: Execution started. Started clients: 1
TpTrace Verbose: 0 : 31084, 7, 2024/08/03, 11:23:36.082, 6081293325963, vstest.console.dll, TcpClientExtensions.MessageLoopAsync: NotifyDataAvailable remoteEndPoint: 127.0.0.1:50082 localEndPoint: 127.0.0.1:50081
TpTrace Verbose: 0 : 31084, 7, 2024/08/03, 11:23:36.083, 6081293328335, vstest.console.dll, TestRequestSender.OnExecutionMessageReceived: Received message: {"Version":7,"MessageType":"TestSession.Message","Payload":{"MessageLevel":0,"Message":"NUnit Adapter 4.4.0.0: Test execution started"}}
TpTrace Verbose: 0 : 31084, 7, 2024/08/03, 11:23:36.083, 6081293330888, vstest.console.dll, TestRunRequest:SendTestRunMessage: Starting.
TpTrace Verbose: 0 : 31084, 7, 2024/08/03, 11:23:36.083, 6081293332023, vstest.console.dll, MulticastDelegateUtilities.SafeInvoke: TestRun.LogMessages: Invoking callback 1/1 for Microsoft.VisualStudio.TestPlatform.CommandLine.TestRunResultAggregator., took 0 ms.
TpTrace Information: 0 : 31084, 7, 2024/08/03, 11:23:36.083, 6081293333036, vstest.console.dll, TestRunRequest:SendTestRunMessage: Completed.
TpTrace Verbose: 0 : 31084, 4, 2024/08/03, 11:23:36.083, 6081293333196, vstest.console.dll, MulticastDelegateUtilities.SafeInvoke: InternalTestLoggerEvents.SendTestRunMessage: Invoking callback 1/1 for Microsoft.VisualStudio.TestPlatform.CommandLine.Internal.ConsoleLogger., took 0 ms.
TpTrace Verbose: 0 : 31084, 7, 2024/08/03, 11:23:36.083, 6081293333504, vstest.console.dll, MulticastDelegateUtilities.SafeInvoke: LengthPrefixCommunicationChannel: MessageReceived: Invoking callback 1/1 for Microsoft.VisualStudio.TestPlatform.CommunicationUtilities.TestRequestSender+<>c__DisplayClass34_0., took 0 ms.
TpTrace Verbose: 0 : 31084, 7, 2024/08/03, 11:23:36.083, 6081293335532, vstest.console.dll, TcpClientExtensions.MessageLoopAsync: Polling on remoteEndPoint: 127.0.0.1:50082 localEndPoint: 127.0.0.1:50081 after 181 ms
TpTrace Verbose: 0 : 31084, 7, 2024/08/03, 11:23:36.108, 6081293580368, vstest.console.dll, TcpClientExtensions.MessageLoopAsync: NotifyDataAvailable remoteEndPoint: 127.0.0.1:50082 localEndPoint: 127.0.0.1:50081
TpTrace Verbose: 0 : 31084, 7, 2024/08/03, 11:23:36.108, 6081293583301, vstest.console.dll, TestRequestSender.OnExecutionMessageReceived: Received message: {"Version":7,"MessageType":"TestSession.Message","Payload":{"MessageLevel":0,"Message":"Running all tests in C:\\Users\\VC\\Desktop\\Capstone Project\\EmployeeGrievanceRedressalSolution\\EmployeeGrievanceRedressalTests\\bin\\Debug\\net6.0\\fine-code-coverage\\build-output\\EmployeeGrievanceRedressalTests.dll"}}
TpTrace Verbose: 0 : 31084, 7, 2024/08/03, 11:23:36.108, 6081293585764, vstest.console.dll, TestRunRequest:SendTestRunMessage: Starting.
TpTrace Verbose: 0 : 31084, 7, 2024/08/03, 11:23:36.109, 6081293587012, vstest.console.dll, MulticastDelegateUtilities.SafeInvoke: TestRun.LogMessages: Invoking callback 1/1 for Microsoft.VisualStudio.TestPlatform.CommandLine.TestRunResultAggregator., took 0 ms.
TpTrace Information: 0 : 31084, 7, 2024/08/03, 11:23:36.109, 6081293587631, vstest.console.dll, TestRunRequest:SendTestRunMessage: Completed.
TpTrace Verbose: 0 : 31084, 4, 2024/08/03, 11:23:36.109, 6081293587532, vstest.console.dll, MulticastDelegateUtilities.SafeInvoke: InternalTestLoggerEvents.SendTestRunMessage: Invoking callback 1/1 for Microsoft.VisualStudio.TestPlatform.CommandLine.Internal.ConsoleLogger., took 0 ms.
TpTrace Verbose: 0 : 31084, 7, 2024/08/03, 11:23:36.109, 6081293588364, vstest.console.dll, MulticastDelegateUtilities.SafeInvoke: LengthPrefixCommunicationChannel: MessageReceived: Invoking callback 1/1 for Microsoft.VisualStudio.TestPlatform.CommunicationUtilities.TestRequestSender+<>c__DisplayClass34_0., took 0 ms.
TpTrace Verbose: 0 : 31084, 7, 2024/08/03, 11:23:36.109, 6081293590101, vstest.console.dll, TcpClientExtensions.MessageLoopAsync: Polling on remoteEndPoint: 127.0.0.1:50082 localEndPoint: 127.0.0.1:50081 after 25 ms
TpTrace Verbose: 0 : 31084, 7, 2024/08/03, 11:23:36.242, 6081294923850, vstest.console.dll, TcpClientExtensions.MessageLoopAsync: NotifyDataAvailable remoteEndPoint: 127.0.0.1:50082 localEndPoint: 127.0.0.1:50081
TpTrace Verbose: 0 : 31084, 7, 2024/08/03, 11:23:36.243, 6081294926481, vstest.console.dll, TestRequestSender.OnExecutionMessageReceived: Received message: {"Version":7,"MessageType":"TestSession.Message","Payload":{"MessageLevel":0,"Message":"   NUnit3TestExecutor discovered 60 of 60 NUnit test cases using Current Discovery mode, Non-Explicit run"}}
TpTrace Verbose: 0 : 31084, 7, 2024/08/03, 11:23:36.243, 6081294928712, vstest.console.dll, TestRunRequest:SendTestRunMessage: Starting.
TpTrace Verbose: 0 : 31084, 7, 2024/08/03, 11:23:36.243, 6081294929933, vstest.console.dll, MulticastDelegateUtilities.SafeInvoke: TestRun.LogMessages: Invoking callback 1/1 for Microsoft.VisualStudio.TestPlatform.CommandLine.TestRunResultAggregator., took 0 ms.
TpTrace Verbose: 0 : 31084, 4, 2024/08/03, 11:23:36.243, 6081294930381, vstest.console.dll, MulticastDelegateUtilities.SafeInvoke: InternalTestLoggerEvents.SendTestRunMessage: Invoking callback 1/1 for Microsoft.VisualStudio.TestPlatform.CommandLine.Internal.ConsoleLogger., took 0 ms.
TpTrace Information: 0 : 31084, 7, 2024/08/03, 11:23:36.243, 6081294930555, vstest.console.dll, TestRunRequest:SendTestRunMessage: Completed.
TpTrace Verbose: 0 : 31084, 7, 2024/08/03, 11:23:36.243, 6081294932249, vstest.console.dll, MulticastDelegateUtilities.SafeInvoke: LengthPrefixCommunicationChannel: MessageReceived: Invoking callback 1/1 for Microsoft.VisualStudio.TestPlatform.CommunicationUtilities.TestRequestSender+<>c__DisplayClass34_0., took 0 ms.
TpTrace Verbose: 0 : 31084, 7, 2024/08/03, 11:23:36.243, 6081294932691, vstest.console.dll, TcpClientExtensions.MessageLoopAsync: Polling on remoteEndPoint: 127.0.0.1:50082 localEndPoint: 127.0.0.1:50081 after 134 ms
TpTrace Verbose: 0 : 31084, 7, 2024/08/03, 11:23:37.247, 6081304973665, vstest.console.dll, TcpClientExtensions.MessageLoopAsync: Polling on remoteEndPoint: 127.0.0.1:50082 localEndPoint: 127.0.0.1:50081 after 1004 ms
TpTrace Verbose: 0 : 31084, 7, 2024/08/03, 11:23:37.343, 6081305934509, vstest.console.dll, TcpClientExtensions.MessageLoopAsync: NotifyDataAvailable remoteEndPoint: 127.0.0.1:50082 localEndPoint: 127.0.0.1:50081
TpTrace Verbose: 0 : 31084, 7, 2024/08/03, 11:23:37.344, 6081305938461, vstest.console.dll, TestRequestSender.OnExecutionMessageReceived: Received message: {"Version":7,"MessageType":"TestExecution.StatsChange","Payload":{"NewTestResults":[{"TestCase":{"Id":"0e393f47-51e8-1062-128e-ff383d7a4f96","FullyQualifiedName":"EmployeeGrievanceRedressalTests.RepositoryTests.ApprovalRequestRepositoryTest.AddAsync_ShouldAddApprovalRequest","DisplayName":"AddAsync_ShouldAddApprovalRequest","ExecutorUri":"executor://NUnit3TestExecutor","Source":"C:\\Users\\VC\\Desktop\\Capstone Project\\EmployeeGrievanceRedressalSolution\\EmployeeGrievanceRedressalTests\\bin\\Debug\\net6.0\\fine-code-coverage\\build-output\\EmployeeGrievanceRedressalTests.dll","CodeFilePath":null,"LineNumber":0,"Properties":[{"Key":{"Id":"NUnit.Seed","Label":"Seed","Category":"","Description":"","Attributes":0,"ValueType":"System.String"},"Value":"95645187"}]},"Attachments":[],"Outcome":1,"ErrorMessage":null,"ErrorStackTrace":null,"DisplayName":"AddAsync_ShouldAddApprovalRequest","Messages":[],"ComputerName":"DNXBBX3","Duration":"00:00:00.9390720","StartTime":"2024-08-03T05:53:36.2639392+00:00","EndTime":"2024-08-03T05:53:37.202946+00:00","Properties":[{"Key":{"Id":"NUnit.Seed","Label":"Seed","Category":"","Description":"","Attributes":0,"ValueType":"System.String"},"Value":"95645187"}]},{"TestCase":{"Id":"2d47d62a-19c3-ccc8-1853-ca9dfa141d86","FullyQualifiedName":"EmployeeGrievanceRedressalTests.RepositoryTests.ApprovalRequestRepositoryTest.GetAllAsync_ShouldReturnAllApprovalRequests","DisplayName":"GetAllAsync_ShouldReturnAllApprovalRequests","ExecutorUri":"executor://NUnit3TestExecutor","Source":"C:\\Users\\VC\\Desktop\\Capstone Project\\EmployeeGrievanceRedressalSolution\\EmployeeGrievanceRedressalTests\\bin\\Debug\\net6.0\\fine-code-coverage\\build-output\\EmployeeGrievanceRedressalTests.dll","CodeFilePath":null,"LineNumber":0,"Properties":[{"Key":{"Id":"NUnit.Seed","Label":"Seed","Category":"","Description":"","Attributes":0,"ValueType":"System.String"},"Value":"175254290"}]},"Attachments":[],"Outcome":1,"ErrorMessage":null,"ErrorStackTrace":null,"DisplayName":"GetAllAsync_ShouldReturnAllApprovalRequests","Messages":[],"ComputerName":"DNXBBX3","Duration":"00:00:00.0194250","StartTime":"2024-08-03T05:53:37.2041443+00:00","EndTime":"2024-08-03T05:53:37.223569+00:00","Properties":[{"Key":{"Id":"NUnit.Seed","Label":"Seed","Category":"","Description":"","Attributes":0,"ValueType":"System.String"},"Value":"175254290"}]},{"TestCase":{"Id":"8de1c684-eb7c-f1a3-3a7a-e93a84d1dffb","FullyQualifiedName":"EmployeeGrievanceRedressalTests.RepositoryTests.ApprovalRequestRepositoryTest.GetAllAsync_ShouldThrowEntityNotFoundException_WhenNoApprovalRequestsExist","DisplayName":"GetAllAsync_ShouldThrowEntityNotFoundException_WhenNoApprovalRequestsExist","ExecutorUri":"executor://NUnit3TestExecutor","Source":"C:\\Users\\VC\\Desktop\\Capstone Project\\EmployeeGrievanceRedressalSolution\\EmployeeGrievanceRedressalTests\\bin\\Debug\\net6.0\\fine-code-coverage\\build-output\\EmployeeGrievanceRedressalTests.dll","CodeFilePath":null,"LineNumber":0,"Properties":[{"Key":{"Id":"NUnit.Seed","Label":"Seed","Category":"","Description":"","Attributes":0,"ValueType":"System.String"},"Value":"721325083"}]},"Attachments":[],"Outcome":1,"ErrorMessage":null,"ErrorStackTrace":null,"DisplayName":"GetAllAsync_ShouldThrowEntityNotFoundException_WhenNoApprovalRequestsExist","Messages":[],"ComputerName":"DNXBBX3","Duration":"00:00:00.0422250","StartTime":"2024-08-03T05:53:37.223601+00:00","EndTime":"2024-08-03T05:53:37.2658257+00:00","Properties":[{"Key":{"Id":"NUnit.Seed","Label":"Seed","Category":"","Description":"","Attributes":0,"ValueType":"System.String"},"Value":"721325083"}]},{"TestCase":{"Id":"fad4688e-481e-b72f-e106-46f7beb432fd","FullyQualifiedName":"EmployeeGrievanceRedressalTests.RepositoryTests.ApprovalRequestRepositoryTest.GetByIdAsync_ShouldReturnApprovalRequest_WhenApprovalRequestExists","DisplayName":"GetByIdAsync_ShouldReturnApprovalRequest_WhenApprovalRequestExists","ExecutorUri":"executor://NUnit3TestExecutor","Source":"C:\\Users\\VC\\Desktop\\Capstone Project\\EmployeeGrievanceRedressalSolution\\EmployeeGrievanceRedressalTests\\bin\\Debug\\net6.0\\fine-code-coverage\\build-output\\EmployeeGrievanceRedressalTests.dll","CodeFilePath":null,"LineNumber":0,"Properties":[{"Key":{"Id":"NUnit.Seed","Label":"Seed","Category":"","Description":"","Attributes":0,"ValueType":"System.String"},"Value":"434253124"}]},"Attachments":[],"Outcome":1,"ErrorMessage":null,"ErrorStackTrace":null,"DisplayName":"GetByIdAsync_ShouldReturnApprovalRequest_WhenApprovalRequestExists","Messages":[],"ComputerName":"DNXBBX3","Duration":"00:00:00.0013480","StartTime":"2024-08-03T05:53:37.2658575+00:00","EndTime":"2024-08-03T05:53:37.2672052+00:00","Properties":[{"Key":{"Id":"NUnit.Seed","Label":"Seed","Category":"","Description":"","Attributes":0,"ValueType":"System.String"},"Value":"434253124"}]},{"TestCase":{"Id":"5db9c6c9-2e5e-9305-cccf-5d135ed31487","FullyQualifiedName":"EmployeeGrievanceRedressalTests.RepositoryTests.ApprovalRequestRepositoryTest.GetByIdAsync_ShouldThrowEntityNotFoundException_WhenApprovalRequestDoesNotExist","DisplayName":"GetByIdAsync_ShouldThrowEntityNotFoundException_WhenApprovalRequestDoesNotExist","ExecutorUri":"executor://NUnit3TestExecutor","Source":"C:\\Users\\VC\\Desktop\\Capstone Project\\EmployeeGrievanceRedressalSolution\\EmployeeGrievanceRedressalTests\\bin\\Debug\\net6.0\\fine-code-coverage\\build-output\\EmployeeGrievanceRedressalTests.dll","CodeFilePath":null,"LineNumber":0,"Properties":[{"Key":{"Id":"NUnit.Seed","Label":"Seed","Category":"","Description":"","Attributes":0,"ValueType":"System.String"},"Value":"958741125"}]},"Attachments":[],"Outcome":1,"ErrorMessage":null,"ErrorStackTrace":null,"DisplayName":"GetByIdAsync_ShouldThrowEntityNotFoundException_WhenApprovalRequestDoesNotExist","Messages":[],"ComputerName":"DNXBBX3","Duration":"00:00:00.0010470","StartTime":"2024-08-03T05:53:37.2672216+00:00","EndTime":"2024-08-03T05:53:37.268268+00:00","Properties":[{"Key":{"Id":"NUnit.Seed","Label":"Seed","Category":"","Description":"","Attributes":0,"ValueType":"System.String"},"Value":"958741125"}]},{"TestCase":{"Id":"6fc5b016-10f0-122c-b302-fea87f7da8a3","FullyQualifiedName":"EmployeeGrievanceRedressalTests.RepositoryTests.ApprovalRequestRepositoryTest.UpdateAsync_ShouldThrowEntityNotFoundException_WhenApprovalRequestDoesNotExist","DisplayName":"UpdateAsync_ShouldThrowEntityNotFoundException_WhenApprovalRequestDoesNotExist","ExecutorUri":"executor://NUnit3TestExecutor","Source":"C:\\Users\\VC\\Desktop\\Capstone Project\\EmployeeGrievanceRedressalSolution\\EmployeeGrievanceRedressalTests\\bin\\Debug\\net6.0\\fine-code-coverage\\build-output\\EmployeeGrievanceRedressalTests.dll","CodeFilePath":null,"LineNumber":0,"Properties":[{"Key":{"Id":"NUnit.Seed","Label":"Seed","Category":"","Description":"","Attributes":0,"ValueType":"System.String"},"Value":"802369816"}]},"Attachments":[],"Outcome":1,"ErrorMessage":null,"ErrorStackTrace":null,"DisplayName":"UpdateAsync_ShouldThrowEntityNotFoundException_WhenApprovalRequestDoesNotExist","Messages":[],"ComputerName":"DNXBBX3","Duration":"00:00:00.0005330","StartTime":"2024-08-03T05:53:37.2682815+00:00","EndTime":"2024-08-03T05:53:37.2688143+00:00","Properties":[{"Key":{"Id":"NUnit.Seed","Label":"Seed","Category":"","Description":"","Attributes":0,"ValueType":"System.String"},"Value":"802369816"}]},{"TestCase":{"Id":"35d90054-80ba-9286-1293-3b0aea624421","FullyQualifiedName":"EmployeeGrievanceRedressalTests.RepositoryTests.ApprovalRequestRepositoryTest.UpdateAsync_ShouldUpdateApprovalRequest","DisplayName":"UpdateAsync_ShouldUpdateApprovalRequest","ExecutorUri":"executor://NUnit3TestExecutor","Source":"C:\\Users\\VC\\Desktop\\Capstone Project\\EmployeeGrievanceRedressalSolution\\EmployeeGrievanceRedressalTests\\bin\\Debug\\net6.0\\fine-code-coverage\\build-output\\EmployeeGrievanceRedressalTests.dll","CodeFilePath":null,"LineNumber":0,"Properties":[{"Key":{"Id":"NUnit.Seed","Label":"Seed","Category":"","Description":"","Attributes":0,"ValueType":"System.String"},"Value":"1869059189"}]},"Attachments":[],"Outcome":1,"ErrorMessage":null,"ErrorStackTrace":null,"DisplayName":"UpdateAsync_ShouldUpdateApprovalRequest","Messages":[],"ComputerName":"DNXBBX3","Duration":"00:00:00.0051640","StartTime":"2024-08-03T05:53:37.2688263+00:00","EndTime":"2024-08-03T05:53:37.2739899+00:00","Properties":[{"Key":{"Id":"NUnit.Seed","Label":"Seed","Category":"","Description":"","Attributes":0,"ValueType":"System.String"},"Value":"1869059189"}]},{"TestCase":{"Id":"06b8ea5d-4955-9714-11b6-b9e644aae8a9","FullyQualifiedName":"EmployeeGrievanceRedressalTests.RepositoryTests.FeedbackRepositoryTest.Add_ShouldAddEntitySuccessfully","DisplayName":"Add_ShouldAddEntitySuccessfully","ExecutorUri":"executor://NUnit3TestExecutor","Source":"C:\\Users\\VC\\Desktop\\Capstone Project\\EmployeeGrievanceRedressalSolution\\EmployeeGrievanceRedressalTests\\bin\\Debug\\net6.0\\fine-code-coverage\\build-output\\EmployeeGrievanceRedressalTests.dll","CodeFilePath":null,"LineNumber":0,"Properties":[{"Key":{"Id":"NUnit.Seed","Label":"Seed","Category":"","Description":"","Attributes":0,"ValueType":"System.String"},"Value":"766673238"}]},"Attachments":[],"Outcome":1,"ErrorMessage":null,"ErrorStackTrace":null,"DisplayName":"Add_ShouldAddEntitySuccessfully","Messages":[],"ComputerName":"DNXBBX3","Duration":"00:00:00.0166640","StartTime":"2024-08-03T05:53:37.2756794+00:00","EndTime":"2024-08-03T05:53:37.292343+00:00","Properties":[{"Key":{"Id":"NUnit.Seed","Label":"Seed","Category":"","Description":"","Attributes":0,"ValueType":"System.String"},"Value":"766673238"}]},{"TestCase":{"Id":"bbe4e868-b81a-678f-3269-be50809d9763","FullyQualifiedName":"EmployeeGrievanceRedressalTests.RepositoryTests.FeedbackRepositoryTest.Add_ShouldThrowRepositoryException_WhenExceptionIsThrown","DisplayName":"Add_ShouldThrowRepositoryException_WhenExceptionIsThrown","ExecutorUri":"executor://NUnit3TestExecutor","Source":"C:\\Users\\VC\\Desktop\\Capstone Project\\EmployeeGrievanceRedressalSolution\\EmployeeGrievanceRedressalTests\\bin\\Debug\\net6.0\\fine-code-coverage\\build-output\\EmployeeGrievanceRedressalTests.dll","CodeFilePath":null,"LineNumber":0,"Properties":[{"Key":{"Id":"NUnit.Seed","Label":"Seed","Category":"","Description":"","Attributes":0,"ValueType":"System.String"},"Value":"1980835733"}]},"Attachments":[],"Outcome":1,"ErrorMessage":null,"ErrorStackTrace":null,"DisplayName":"Add_ShouldThrowRepositoryException_WhenExceptionIsThrown","Messages":[],"ComputerName":"DNXBBX3","Duration":"00:00:00.0093910","StartTime":"2024-08-03T05:53:37.2923728+00:00","EndTime":"2024-08-03T05:53:37.3017631+00:00","Properties":[{"Key":{"Id":"NUnit.Seed","Label":"Seed","Category":"","Description":"","Attributes":0,"ValueType":"System.String"},"Value":"1980835733"}]}],"TestRunStatistics":{"ExecutedTests":9,"Stats":{"Passed":9}},"ActiveTests":[{"Id":"b6bd6d3c-d261-e7db-147d-a6fb22cc27cc","FullyQualifiedName":"EmployeeGrievanceRedressalTests.RepositoryTests.FeedbackRepositoryTest.GetAllAsync_ShouldReturnAllEntities","DisplayName":"GetAllAsync_ShouldReturnAllEntities","ExecutorUri":"executor://NUnit3TestExecutor","Source":"C:\\Users\\VC\\Desktop\\Capstone Project\\EmployeeGrievanceRedressalSolution\\EmployeeGrievanceRedressalTests\\bin\\Debug\\net6.0\\fine-code-coverage\\build-output\\EmployeeGrievanceRedressalTests.dll","CodeFilePath":null,"LineNumber":0,"Properties":[{"Key":{"Id":"NUnit.Seed","Label":"Seed","Category":"","Description":"","Attributes":0,"ValueType":"System.String"},"Value":"1595091987"}]}]}}
TpTrace Verbose: 0 : 31084, 7, 2024/08/03, 11:23:37.371, 6081306210981, vstest.console.dll, TestRunRequest:SendTestRunStatsChange: Starting.
TpTrace Verbose: 0 : 31084, 7, 2024/08/03, 11:23:37.371, 6081306212753, vstest.console.dll, InProgress is GetAllAsync_ShouldReturnAllEntities
TpTrace Verbose: 0 : 31084, 7, 2024/08/03, 11:23:37.371, 6081306214669, vstest.console.dll, MulticastDelegateUtilities.SafeInvoke: TestRun.RunStatsChanged: Invoking callbacks was skipped because there are no subscribers.
TpTrace Information: 0 : 31084, 7, 2024/08/03, 11:23:37.371, 6081306215423, vstest.console.dll, TestRunRequest:SendTestRunStatsChange: Completed.
TpTrace Verbose: 0 : 31084, 7, 2024/08/03, 11:23:37.371, 6081306215946, vstest.console.dll, MulticastDelegateUtilities.SafeInvoke: LengthPrefixCommunicationChannel: MessageReceived: Invoking callback 1/1 for Microsoft.VisualStudio.TestPlatform.CommunicationUtilities.TestRequestSender+<>c__DisplayClass34_0., took 27 ms.
TpTrace Verbose: 0 : 31084, 7, 2024/08/03, 11:23:37.372, 6081306216360, vstest.console.dll, TcpClientExtensions.MessageLoopAsync: Polling on remoteEndPoint: 127.0.0.1:50082 localEndPoint: 127.0.0.1:50081 after 123 ms
TpTrace Verbose: 0 : 31084, 4, 2024/08/03, 11:23:37.373, 6081306232467, vstest.console.dll, MulticastDelegateUtilities.SafeInvoke: InternalTestLoggerEvents.SendTestResult: Invoking callback 1/1 for Microsoft.VisualStudio.TestPlatform.CommandLine.Internal.ConsoleLogger., took 1 ms.
TpTrace Verbose: 0 : 31084, 4, 2024/08/03, 11:23:37.374, 6081306236999, vstest.console.dll, MulticastDelegateUtilities.SafeInvoke: InternalTestLoggerEvents.SendTestResult: Invoking callback 1/1 for Microsoft.VisualStudio.TestPlatform.CommandLine.Internal.ConsoleLogger., took 0 ms.
TpTrace Verbose: 0 : 31084, 4, 2024/08/03, 11:23:37.374, 6081306238087, vstest.console.dll, MulticastDelegateUtilities.SafeInvoke: InternalTestLoggerEvents.SendTestResult: Invoking callback 1/1 for Microsoft.VisualStudio.TestPlatform.CommandLine.Internal.ConsoleLogger., took 0 ms.
TpTrace Verbose: 0 : 31084, 4, 2024/08/03, 11:23:37.374, 6081306238752, vstest.console.dll, MulticastDelegateUtilities.SafeInvoke: InternalTestLoggerEvents.SendTestResult: Invoking callback 1/1 for Microsoft.VisualStudio.TestPlatform.CommandLine.Internal.ConsoleLogger., took 0 ms.
TpTrace Verbose: 0 : 31084, 4, 2024/08/03, 11:23:37.374, 6081306239330, vstest.console.dll, MulticastDelegateUtilities.SafeInvoke: InternalTestLoggerEvents.SendTestResult: Invoking callback 1/1 for Microsoft.VisualStudio.TestPlatform.CommandLine.Internal.ConsoleLogger., took 0 ms.
TpTrace Verbose: 0 : 31084, 4, 2024/08/03, 11:23:37.374, 6081306239941, vstest.console.dll, MulticastDelegateUtilities.SafeInvoke: InternalTestLoggerEvents.SendTestResult: Invoking callback 1/1 for Microsoft.VisualStudio.TestPlatform.CommandLine.Internal.ConsoleLogger., took 0 ms.
TpTrace Verbose: 0 : 31084, 4, 2024/08/03, 11:23:37.374, 6081306240593, vstest.console.dll, MulticastDelegateUtilities.SafeInvoke: InternalTestLoggerEvents.SendTestResult: Invoking callback 1/1 for Microsoft.VisualStudio.TestPlatform.CommandLine.Internal.ConsoleLogger., took 0 ms.
TpTrace Verbose: 0 : 31084, 4, 2024/08/03, 11:23:37.374, 6081306241268, vstest.console.dll, MulticastDelegateUtilities.SafeInvoke: InternalTestLoggerEvents.SendTestResult: Invoking callback 1/1 for Microsoft.VisualStudio.TestPlatform.CommandLine.Internal.ConsoleLogger., took 0 ms.
TpTrace Verbose: 0 : 31084, 4, 2024/08/03, 11:23:37.374, 6081306241902, vstest.console.dll, MulticastDelegateUtilities.SafeInvoke: InternalTestLoggerEvents.SendTestResult: Invoking callback 1/1 for Microsoft.VisualStudio.TestPlatform.CommandLine.Internal.ConsoleLogger., took 0 ms.
TpTrace Verbose: 0 : 31084, 7, 2024/08/03, 11:23:37.381, 6081306311843, vstest.console.dll, TcpClientExtensions.MessageLoopAsync: NotifyDataAvailable remoteEndPoint: 127.0.0.1:50082 localEndPoint: 127.0.0.1:50081
TpTrace Verbose: 0 : 31084, 7, 2024/08/03, 11:23:37.382, 6081306317625, vstest.console.dll, TestRequestSender.OnExecutionMessageReceived: Received message: {"Version":7,"MessageType":"TestExecution.StatsChange","Payload":{"NewTestResults":[{"TestCase":{"Id":"b6bd6d3c-d261-e7db-147d-a6fb22cc27cc","FullyQualifiedName":"EmployeeGrievanceRedressalTests.RepositoryTests.FeedbackRepositoryTest.GetAllAsync_ShouldReturnAllEntities","DisplayName":"GetAllAsync_ShouldReturnAllEntities","ExecutorUri":"executor://NUnit3TestExecutor","Source":"C:\\Users\\VC\\Desktop\\Capstone Project\\EmployeeGrievanceRedressalSolution\\EmployeeGrievanceRedressalTests\\bin\\Debug\\net6.0\\fine-code-coverage\\build-output\\EmployeeGrievanceRedressalTests.dll","CodeFilePath":null,"LineNumber":0,"Properties":[{"Key":{"Id":"NUnit.Seed","Label":"Seed","Category":"","Description":"","Attributes":0,"ValueType":"System.String"},"Value":"1595091987"}]},"Attachments":[],"Outcome":1,"ErrorMessage":null,"ErrorStackTrace":null,"DisplayName":"GetAllAsync_ShouldReturnAllEntities","Messages":[],"ComputerName":"DNXBBX3","Duration":"00:00:00.0049150","StartTime":"2024-08-03T05:53:37.3018069+00:00","EndTime":"2024-08-03T05:53:37.3067221+00:00","Properties":[{"Key":{"Id":"NUnit.Seed","Label":"Seed","Category":"","Description":"","Attributes":0,"ValueType":"System.String"},"Value":"1595091987"}]},{"TestCase":{"Id":"26e0d0bf-9064-0ef8-51fc-331a45a4f7ff","FullyQualifiedName":"EmployeeGrievanceRedressalTests.RepositoryTests.FeedbackRepositoryTest.GetAllAsync_ShouldThrowEntityNotFoundException_WhenNoEntitiesExist","DisplayName":"GetAllAsync_ShouldThrowEntityNotFoundException_WhenNoEntitiesExist","ExecutorUri":"executor://NUnit3TestExecutor","Source":"C:\\Users\\VC\\Desktop\\Capstone Project\\EmployeeGrievanceRedressalSolution\\EmployeeGrievanceRedressalTests\\bin\\Debug\\net6.0\\fine-code-coverage\\build-output\\EmployeeGrievanceRedressalTests.dll","CodeFilePath":null,"LineNumber":0,"Properties":[{"Key":{"Id":"NUnit.Seed","Label":"Seed","Category":"","Description":"","Attributes":0,"ValueType":"System.String"},"Value":"1470895168"}]},"Attachments":[],"Outcome":1,"ErrorMessage":null,"ErrorStackTrace":null,"DisplayName":"GetAllAsync_ShouldThrowEntityNotFoundException_WhenNoEntitiesExist","Messages":[],"ComputerName":"DNXBBX3","Duration":"00:00:00.0102050","StartTime":"2024-08-03T05:53:37.306742+00:00","EndTime":"2024-08-03T05:53:37.3169466+00:00","Properties":[{"Key":{"Id":"NUnit.Seed","Label":"Seed","Category":"","Description":"","Attributes":0,"ValueType":"System.String"},"Value":"1470895168"}]},{"TestCase":{"Id":"16d7aa66-00c0-dd80-6b6e-084b0f241a12","FullyQualifiedName":"EmployeeGrievanceRedressalTests.RepositoryTests.FeedbackRepositoryTest.GetByIdAsync_ShouldReturnEntity_WhenEntityExists","DisplayName":"GetByIdAsync_ShouldReturnEntity_WhenEntityExists","ExecutorUri":"executor://NUnit3TestExecutor","Source":"C:\\Users\\VC\\Desktop\\Capstone Project\\EmployeeGrievanceRedressalSolution\\EmployeeGrievanceRedressalTests\\bin\\Debug\\net6.0\\fine-code-coverage\\build-output\\EmployeeGrievanceRedressalTests.dll","CodeFilePath":null,"LineNumber":0,"Properties":[{"Key":{"Id":"NUnit.Seed","Label":"Seed","Category":"","Description":"","Attributes":0,"ValueType":"System.String"},"Value":"1438485828"}]},"Attachments":[],"Outcome":1,"ErrorMessage":null,"ErrorStackTrace":null,"DisplayName":"GetByIdAsync_ShouldReturnEntity_WhenEntityExists","Messages":[],"ComputerName":"DNXBBX3","Duration":"00:00:00.0028440","StartTime":"2024-08-03T05:53:37.3169721+00:00","EndTime":"2024-08-03T05:53:37.3198158+00:00","Properties":[{"Key":{"Id":"NUnit.Seed","Label":"Seed","Category":"","Description":"","Attributes":0,"ValueType":"System.String"},"Value":"1438485828"}]},{"TestCase":{"Id":"2f2099e0-ab08-fbdc-0d43-28fea1e4ebc9","FullyQualifiedName":"EmployeeGrievanceRedressalTests.RepositoryTests.FeedbackRepositoryTest.GetByIdAsync_ShouldThrowEntityNotFoundException_WhenEntityDoesNotExist","DisplayName":"GetByIdAsync_ShouldThrowEntityNotFoundException_WhenEntityDoesNotExist","ExecutorUri":"executor://NUnit3TestExecutor","Source":"C:\\Users\\VC\\Desktop\\Capstone Project\\EmployeeGrievanceRedressalSolution\\EmployeeGrievanceRedressalTests\\bin\\Debug\\net6.0\\fine-code-coverage\\build-output\\EmployeeGrievanceRedressalTests.dll","CodeFilePath":null,"LineNumber":0,"Properties":[{"Key":{"Id":"NUnit.Seed","Label":"Seed","Category":"","Description":"","Attributes":0,"ValueType":"System.String"},"Value":"187281274"}]},"Attachments":[],"Outcome":1,"ErrorMessage":null,"ErrorStackTrace":null,"DisplayName":"GetByIdAsync_ShouldThrowEntityNotFoundException_WhenEntityDoesNotExist","Messages":[],"ComputerName":"DNXBBX3","Duration":"00:00:00.0126710","StartTime":"2024-08-03T05:53:37.3198353+00:00","EndTime":"2024-08-03T05:53:37.3325057+00:00","Properties":[{"Key":{"Id":"NUnit.Seed","Label":"Seed","Category":"","Description":"","Attributes":0,"ValueType":"System.String"},"Value":"187281274"}]},{"TestCase":{"Id":"bbdaa7b7-c3f7-02c6-27f2-b4044be46758","FullyQualifiedName":"EmployeeGrievanceRedressalTests.RepositoryTests.FeedbackRepositoryTest.Remove_ShouldRemoveEntitySuccessfully","DisplayName":"Remove_ShouldRemoveEntitySuccessfully","ExecutorUri":"executor://NUnit3TestExecutor","Source":"C:\\Users\\VC\\Desktop\\Capstone Project\\EmployeeGrievanceRedressalSolution\\EmployeeGrievanceRedressalTests\\bin\\Debug\\net6.0\\fine-code-coverage\\build-output\\EmployeeGrievanceRedressalTests.dll","CodeFilePath":null,"LineNumber":0,"Properties":[{"Key":{"Id":"NUnit.Seed","Label":"Seed","Category":"","Description":"","Attributes":0,"ValueType":"System.String"},"Value":"2070154488"}]},"Attachments":[],"Outcome":1,"ErrorMessage":null,"ErrorStackTrace":null,"DisplayName":"Remove_ShouldRemoveEntitySuccessfully","Messages":[],"ComputerName":"DNXBBX3","Duration":"00:00:00.0095830","StartTime":"2024-08-03T05:53:37.3325477+00:00","EndTime":"2024-08-03T05:53:37.3421302+00:00","Properties":[{"Key":{"Id":"NUnit.Seed","Label":"Seed","Category":"","Description":"","Attributes":0,"ValueType":"System.String"},"Value":"2070154488"}]},{"TestCase":{"Id":"79683cae-e4bc-d4e8-ecad-d905d536b9ed","FullyQualifiedName":"EmployeeGrievanceRedressalTests.RepositoryTests.FeedbackRepositoryTest.Remove_ShouldThrowRepositoryException_WhenExceptionIsThrown","DisplayName":"Remove_ShouldThrowRepositoryException_WhenExceptionIsThrown","ExecutorUri":"executor://NUnit3TestExecutor","Source":"C:\\Users\\VC\\Desktop\\Capstone Project\\EmployeeGrievanceRedressalSolution\\EmployeeGrievanceRedressalTests\\bin\\Debug\\net6.0\\fine-code-coverage\\build-output\\EmployeeGrievanceRedressalTests.dll","CodeFilePath":null,"LineNumber":0,"Properties":[{"Key":{"Id":"NUnit.Seed","Label":"Seed","Category":"","Description":"","Attributes":0,"ValueType":"System.String"},"Value":"1880662665"}]},"Attachments":[],"Outcome":1,"ErrorMessage":null,"ErrorStackTrace":null,"DisplayName":"Remove_ShouldThrowRepositoryException_WhenExceptionIsThrown","Messages":[],"ComputerName":"DNXBBX3","Duration":"00:00:00.0029440","StartTime":"2024-08-03T05:53:37.3421605+00:00","EndTime":"2024-08-03T05:53:37.3451038+00:00","Properties":[{"Key":{"Id":"NUnit.Seed","Label":"Seed","Category":"","Description":"","Attributes":0,"ValueType":"System.String"},"Value":"1880662665"}]},{"TestCase":{"Id":"54d6e34f-a617-1088-6c35-4e624213e867","FullyQualifiedName":"EmployeeGrievanceRedressalTests.RepositoryTests.FeedbackRepositoryTest.Update_ShouldThrowRepositoryException_WhenExceptionIsThrown","DisplayName":"Update_ShouldThrowRepositoryException_WhenExceptionIsThrown","ExecutorUri":"executor://NUnit3TestExecutor","Source":"C:\\Users\\VC\\Desktop\\Capstone Project\\EmployeeGrievanceRedressalSolution\\EmployeeGrievanceRedressalTests\\bin\\Debug\\net6.0\\fine-code-coverage\\build-output\\EmployeeGrievanceRedressalTests.dll","CodeFilePath":null,"LineNumber":0,"Properties":[{"Key":{"Id":"NUnit.Seed","Label":"Seed","Category":"","Description":"","Attributes":0,"ValueType":"System.String"},"Value":"149926046"}]},"Attachments":[],"Outcome":1,"ErrorMessage":null,"ErrorStackTrace":null,"DisplayName":"Update_ShouldThrowRepositoryException_WhenExceptionIsThrown","Messages":[],"ComputerName":"DNXBBX3","Duration":"00:00:00.0020110","StartTime":"2024-08-03T05:53:37.3451371+00:00","EndTime":"2024-08-03T05:53:37.3471474+00:00","Properties":[{"Key":{"Id":"NUnit.Seed","Label":"Seed","Category":"","Description":"","Attributes":0,"ValueType":"System.String"},"Value":"149926046"}]},{"TestCase":{"Id":"fb11870a-01ca-f47d-fff1-e472f62a069a","FullyQualifiedName":"EmployeeGrievanceRedressalTests.RepositoryTests.FeedbackRepositoryTest.Update_ShouldUpdateEntitySuccessfully","DisplayName":"Update_ShouldUpdateEntitySuccessfully","ExecutorUri":"executor://NUnit3TestExecutor","Source":"C:\\Users\\VC\\Desktop\\Capstone Project\\EmployeeGrievanceRedressalSolution\\EmployeeGrievanceRedressalTests\\bin\\Debug\\net6.0\\fine-code-coverage\\build-output\\EmployeeGrievanceRedressalTests.dll","CodeFilePath":null,"LineNumber":0,"Properties":[{"Key":{"Id":"NUnit.Seed","Label":"Seed","Category":"","Description":"","Attributes":0,"ValueType":"System.String"},"Value":"2123003292"}]},"Attachments":[],"Outcome":1,"ErrorMessage":null,"ErrorStackTrace":null,"DisplayName":"Update_ShouldUpdateEntitySuccessfully","Messages":[],"ComputerName":"DNXBBX3","Duration":"00:00:00.0009070","StartTime":"2024-08-03T05:53:37.3471714+00:00","EndTime":"2024-08-03T05:53:37.348078+00:00","Properties":[{"Key":{"Id":"NUnit.Seed","Label":"Seed","Category":"","Description":"","Attributes":0,"ValueType":"System.String"},"Value":"2123003292"}]},{"TestCase":{"Id":"7524ebb5-aa66-8832-6a66-7c6e43757d77","FullyQualifiedName":"EmployeeGrievanceRedressalTests.RepositoryTests.GenericRepositoryTest.Add_ShouldAddEntitySuccessfully","DisplayName":"Add_ShouldAddEntitySuccessfully","ExecutorUri":"executor://NUnit3TestExecutor","Source":"C:\\Users\\VC\\Desktop\\Capstone Project\\EmployeeGrievanceRedressalSolution\\EmployeeGrievanceRedressalTests\\bin\\Debug\\net6.0\\fine-code-coverage\\build-output\\EmployeeGrievanceRedressalTests.dll","CodeFilePath":null,"LineNumber":0,"Properties":[{"Key":{"Id":"NUnit.Seed","Label":"Seed","Category":"","Description":"","Attributes":0,"ValueType":"System.String"},"Value":"1497445860"}]},"Attachments":[],"Outcome":1,"ErrorMessage":null,"ErrorStackTrace":null,"DisplayName":"Add_ShouldAddEntitySuccessfully","Messages":[],"ComputerName":"DNXBBX3","Duration":"00:00:00.0036030","StartTime":"2024-08-03T05:53:37.3483429+00:00","EndTime":"2024-08-03T05:53:37.3519453+00:00","Properties":[{"Key":{"Id":"NUnit.Seed","Label":"Seed","Category":"","Description":"","Attributes":0,"ValueType":"System.String"},"Value":"1497445860"}]}],"TestRunStatistics":{"ExecutedTests":18,"Stats":{"Passed":18}},"ActiveTests":[{"Id":"9acb5d50-e093-00b9-3fd6-e98f81145e33","FullyQualifiedName":"EmployeeGrievanceRedressalTests.RepositoryTests.GenericRepositoryTest.Add_ShouldThrowRepositoryException_WhenExceptionIsThrown","DisplayName":"Add_ShouldThrowRepositoryException_WhenExceptionIsThrown","ExecutorUri":"executor://NUnit3TestExecutor","Source":"C:\\Users\\VC\\Desktop\\Capstone Project\\EmployeeGrievanceRedressalSolution\\EmployeeGrievanceRedressalTests\\bin\\Debug\\net6.0\\fine-code-coverage\\build-output\\EmployeeGrievanceRedressalTests.dll","CodeFilePath":null,"LineNumber":0,"Properties":[{"Key":{"Id":"NUnit.Seed","Label":"Seed","Category":"","Description":"","Attributes":0,"ValueType":"System.String"},"Value":"398756683"}]}]}}
TpTrace Verbose: 0 : 31084, 7, 2024/08/03, 11:23:37.384, 6081306345846, vstest.console.dll, TestRunRequest:SendTestRunStatsChange: Starting.
TpTrace Verbose: 0 : 31084, 7, 2024/08/03, 11:23:37.385, 6081306346985, vstest.console.dll, InProgress is Add_ShouldThrowRepositoryException_WhenExceptionIsThrown
TpTrace Verbose: 0 : 31084, 7, 2024/08/03, 11:23:37.385, 6081306347970, vstest.console.dll, MulticastDelegateUtilities.SafeInvoke: TestRun.RunStatsChanged: Invoking callbacks was skipped because there are no subscribers.
TpTrace Information: 0 : 31084, 7, 2024/08/03, 11:23:37.385, 6081306348453, vstest.console.dll, TestRunRequest:SendTestRunStatsChange: Completed.
TpTrace Verbose: 0 : 31084, 7, 2024/08/03, 11:23:37.385, 6081306348902, vstest.console.dll, MulticastDelegateUtilities.SafeInvoke: LengthPrefixCommunicationChannel: MessageReceived: Invoking callback 1/1 for Microsoft.VisualStudio.TestPlatform.CommunicationUtilities.TestRequestSender+<>c__DisplayClass34_0., took 3 ms.
TpTrace Verbose: 0 : 31084, 7, 2024/08/03, 11:23:37.385, 6081306349386, vstest.console.dll, TcpClientExtensions.MessageLoopAsync: Polling on remoteEndPoint: 127.0.0.1:50082 localEndPoint: 127.0.0.1:50081 after 13 ms
TpTrace Verbose: 0 : 31084, 4, 2024/08/03, 11:23:37.385, 6081306351694, vstest.console.dll, MulticastDelegateUtilities.SafeInvoke: InternalTestLoggerEvents.SendTestResult: Invoking callback 1/1 for Microsoft.VisualStudio.TestPlatform.CommandLine.Internal.ConsoleLogger., took 0 ms.
TpTrace Verbose: 0 : 31084, 4, 2024/08/03, 11:23:37.385, 6081306352650, vstest.console.dll, MulticastDelegateUtilities.SafeInvoke: InternalTestLoggerEvents.SendTestResult: Invoking callback 1/1 for Microsoft.VisualStudio.TestPlatform.CommandLine.Internal.ConsoleLogger., took 0 ms.
TpTrace Verbose: 0 : 31084, 4, 2024/08/03, 11:23:37.385, 6081306353144, vstest.console.dll, MulticastDelegateUtilities.SafeInvoke: InternalTestLoggerEvents.SendTestResult: Invoking callback 1/1 for Microsoft.VisualStudio.TestPlatform.CommandLine.Internal.ConsoleLogger., took 0 ms.
TpTrace Verbose: 0 : 31084, 4, 2024/08/03, 11:23:37.385, 6081306353617, vstest.console.dll, MulticastDelegateUtilities.SafeInvoke: InternalTestLoggerEvents.SendTestResult: Invoking callback 1/1 for Microsoft.VisualStudio.TestPlatform.CommandLine.Internal.ConsoleLogger., took 0 ms.
TpTrace Verbose: 0 : 31084, 4, 2024/08/03, 11:23:37.385, 6081306354235, vstest.console.dll, MulticastDelegateUtilities.SafeInvoke: InternalTestLoggerEvents.SendTestResult: Invoking callback 1/1 for Microsoft.VisualStudio.TestPlatform.CommandLine.Internal.ConsoleLogger., took 0 ms.
TpTrace Verbose: 0 : 31084, 4, 2024/08/03, 11:23:37.386, 6081306364845, vstest.console.dll, MulticastDelegateUtilities.SafeInvoke: InternalTestLoggerEvents.SendTestResult: Invoking callback 1/1 for Microsoft.VisualStudio.TestPlatform.CommandLine.Internal.ConsoleLogger., took 1 ms.
TpTrace Verbose: 0 : 31084, 4, 2024/08/03, 11:23:37.386, 6081306365864, vstest.console.dll, MulticastDelegateUtilities.SafeInvoke: InternalTestLoggerEvents.SendTestResult: Invoking callback 1/1 for Microsoft.VisualStudio.TestPlatform.CommandLine.Internal.ConsoleLogger., took 0 ms.
TpTrace Verbose: 0 : 31084, 4, 2024/08/03, 11:23:37.387, 6081306366359, vstest.console.dll, MulticastDelegateUtilities.SafeInvoke: InternalTestLoggerEvents.SendTestResult: Invoking callback 1/1 for Microsoft.VisualStudio.TestPlatform.CommandLine.Internal.ConsoleLogger., took 0 ms.
TpTrace Verbose: 0 : 31084, 4, 2024/08/03, 11:23:37.387, 6081306366787, vstest.console.dll, MulticastDelegateUtilities.SafeInvoke: InternalTestLoggerEvents.SendTestResult: Invoking callback 1/1 for Microsoft.VisualStudio.TestPlatform.CommandLine.Internal.ConsoleLogger., took 0 ms.
TpTrace Verbose: 0 : 31084, 7, 2024/08/03, 11:23:37.422, 6081306724898, vstest.console.dll, TcpClientExtensions.MessageLoopAsync: NotifyDataAvailable remoteEndPoint: 127.0.0.1:50082 localEndPoint: 127.0.0.1:50081
TpTrace Verbose: 0 : 31084, 7, 2024/08/03, 11:23:37.423, 6081306730444, vstest.console.dll, TestRequestSender.OnExecutionMessageReceived: Received message: {"Version":7,"MessageType":"TestExecution.StatsChange","Payload":{"NewTestResults":[{"TestCase":{"Id":"9acb5d50-e093-00b9-3fd6-e98f81145e33","FullyQualifiedName":"EmployeeGrievanceRedressalTests.RepositoryTests.GenericRepositoryTest.Add_ShouldThrowRepositoryException_WhenExceptionIsThrown","DisplayName":"Add_ShouldThrowRepositoryException_WhenExceptionIsThrown","ExecutorUri":"executor://NUnit3TestExecutor","Source":"C:\\Users\\VC\\Desktop\\Capstone Project\\EmployeeGrievanceRedressalSolution\\EmployeeGrievanceRedressalTests\\bin\\Debug\\net6.0\\fine-code-coverage\\build-output\\EmployeeGrievanceRedressalTests.dll","CodeFilePath":null,"LineNumber":0,"Properties":[{"Key":{"Id":"NUnit.Seed","Label":"Seed","Category":"","Description":"","Attributes":0,"ValueType":"System.String"},"Value":"398756683"}]},"Attachments":[],"Outcome":1,"ErrorMessage":null,"ErrorStackTrace":null,"DisplayName":"Add_ShouldThrowRepositoryException_WhenExceptionIsThrown","Messages":[],"ComputerName":"DNXBBX3","Duration":"00:00:00.0021070","StartTime":"2024-08-03T05:53:37.3519734+00:00","EndTime":"2024-08-03T05:53:37.3540795+00:00","Properties":[{"Key":{"Id":"NUnit.Seed","Label":"Seed","Category":"","Description":"","Attributes":0,"ValueType":"System.String"},"Value":"398756683"}]},{"TestCase":{"Id":"ba8afa7a-6826-d1b9-05ce-ebd0d0171236","FullyQualifiedName":"EmployeeGrievanceRedressalTests.RepositoryTests.GenericRepositoryTest.GetAllAsync_ShouldReturnAllEntities","DisplayName":"GetAllAsync_ShouldReturnAllEntities","ExecutorUri":"executor://NUnit3TestExecutor","Source":"C:\\Users\\VC\\Desktop\\Capstone Project\\EmployeeGrievanceRedressalSolution\\EmployeeGrievanceRedressalTests\\bin\\Debug\\net6.0\\fine-code-coverage\\build-output\\EmployeeGrievanceRedressalTests.dll","CodeFilePath":null,"LineNumber":0,"Properties":[{"Key":{"Id":"NUnit.Seed","Label":"Seed","Category":"","Description":"","Attributes":0,"ValueType":"System.String"},"Value":"171473991"}]},"Attachments":[],"Outcome":1,"ErrorMessage":null,"ErrorStackTrace":null,"DisplayName":"GetAllAsync_ShouldReturnAllEntities","Messages":[],"ComputerName":"DNXBBX3","Duration":"00:00:00.0065110","StartTime":"2024-08-03T05:53:37.3541033+00:00","EndTime":"2024-08-03T05:53:37.3606135+00:00","Properties":[{"Key":{"Id":"NUnit.Seed","Label":"Seed","Category":"","Description":"","Attributes":0,"ValueType":"System.String"},"Value":"171473991"}]},{"TestCase":{"Id":"fd5fd4ce-3f76-783c-9a02-fad495a5923f","FullyQualifiedName":"EmployeeGrievanceRedressalTests.RepositoryTests.GenericRepositoryTest.GetAllAsync_ShouldThrowRepositoryException_WhenExceptionIsThrown","DisplayName":"GetAllAsync_ShouldThrowRepositoryException_WhenExceptionIsThrown","ExecutorUri":"executor://NUnit3TestExecutor","Source":"C:\\Users\\VC\\Desktop\\Capstone Project\\EmployeeGrievanceRedressalSolution\\EmployeeGrievanceRedressalTests\\bin\\Debug\\net6.0\\fine-code-coverage\\build-output\\EmployeeGrievanceRedressalTests.dll","CodeFilePath":null,"LineNumber":0,"Properties":[{"Key":{"Id":"NUnit.Seed","Label":"Seed","Category":"","Description":"","Attributes":0,"ValueType":"System.String"},"Value":"17201537"}]},"Attachments":[],"Outcome":1,"ErrorMessage":null,"ErrorStackTrace":null,"DisplayName":"GetAllAsync_ShouldThrowRepositoryException_WhenExceptionIsThrown","Messages":[],"ComputerName":"DNXBBX3","Duration":"00:00:00.0019320","StartTime":"2024-08-03T05:53:37.3606412+00:00","EndTime":"2024-08-03T05:53:37.3625725+00:00","Properties":[{"Key":{"Id":"NUnit.Seed","Label":"Seed","Category":"","Description":"","Attributes":0,"ValueType":"System.String"},"Value":"17201537"}]},{"TestCase":{"Id":"79813084-88e2-ec48-d761-08eb92a5547b","FullyQualifiedName":"EmployeeGrievanceRedressalTests.RepositoryTests.GenericRepositoryTest.GetByIdAsync_ShouldReturnEntity_WhenEntityExists","DisplayName":"GetByIdAsync_ShouldReturnEntity_WhenEntityExists","ExecutorUri":"executor://NUnit3TestExecutor","Source":"C:\\Users\\VC\\Desktop\\Capstone Project\\EmployeeGrievanceRedressalSolution\\EmployeeGrievanceRedressalTests\\bin\\Debug\\net6.0\\fine-code-coverage\\build-output\\EmployeeGrievanceRedressalTests.dll","CodeFilePath":null,"LineNumber":0,"Properties":[{"Key":{"Id":"NUnit.Seed","Label":"Seed","Category":"","Description":"","Attributes":0,"ValueType":"System.String"},"Value":"1644838268"}]},"Attachments":[],"Outcome":1,"ErrorMessage":null,"ErrorStackTrace":null,"DisplayName":"GetByIdAsync_ShouldReturnEntity_WhenEntityExists","Messages":[],"ComputerName":"DNXBBX3","Duration":"00:00:00.0009360","StartTime":"2024-08-03T05:53:37.3625945+00:00","EndTime":"2024-08-03T05:53:37.3635303+00:00","Properties":[{"Key":{"Id":"NUnit.Seed","Label":"Seed","Category":"","Description":"","Attributes":0,"ValueType":"System.String"},"Value":"1644838268"}]},{"TestCase":{"Id":"cfcd6dc3-b5e3-036d-ab16-bcfdd3a28ec9","FullyQualifiedName":"EmployeeGrievanceRedressalTests.RepositoryTests.GenericRepositoryTest.GetByIdAsync_ShouldThrowEntityNotFoundException_WhenEntityDoesNotExist","DisplayName":"GetByIdAsync_ShouldThrowEntityNotFoundException_WhenEntityDoesNotExist","ExecutorUri":"executor://NUnit3TestExecutor","Source":"C:\\Users\\VC\\Desktop\\Capstone Project\\EmployeeGrievanceRedressalSolution\\EmployeeGrievanceRedressalTests\\bin\\Debug\\net6.0\\fine-code-coverage\\build-output\\EmployeeGrievanceRedressalTests.dll","CodeFilePath":null,"LineNumber":0,"Properties":[{"Key":{"Id":"NUnit.Seed","Label":"Seed","Category":"","Description":"","Attributes":0,"ValueType":"System.String"},"Value":"1480990244"}]},"Attachments":[],"Outcome":1,"ErrorMessage":null,"ErrorStackTrace":null,"DisplayName":"GetByIdAsync_ShouldThrowEntityNotFoundException_WhenEntityDoesNotExist","Messages":[],"ComputerName":"DNXBBX3","Duration":"00:00:00.0060850","StartTime":"2024-08-03T05:53:37.363546+00:00","EndTime":"2024-08-03T05:53:37.3696304+00:00","Properties":[{"Key":{"Id":"NUnit.Seed","Label":"Seed","Category":"","Description":"","Attributes":0,"ValueType":"System.String"},"Value":"1480990244"}]},{"TestCase":{"Id":"5520006d-5e13-f56a-e473-3e35c2bd9a3c","FullyQualifiedName":"EmployeeGrievanceRedressalTests.RepositoryTests.GenericRepositoryTest.Remove_ShouldRemoveEntitySuccessfully","DisplayName":"Remove_ShouldRemoveEntitySuccessfully","ExecutorUri":"executor://NUnit3TestExecutor","Source":"C:\\Users\\VC\\Desktop\\Capstone Project\\EmployeeGrievanceRedressalSolution\\EmployeeGrievanceRedressalTests\\bin\\Debug\\net6.0\\fine-code-coverage\\build-output\\EmployeeGrievanceRedressalTests.dll","CodeFilePath":null,"LineNumber":0,"Properties":[{"Key":{"Id":"NUnit.Seed","Label":"Seed","Category":"","Description":"","Attributes":0,"ValueType":"System.String"},"Value":"2076955858"}]},"Attachments":[],"Outcome":1,"ErrorMessage":null,"ErrorStackTrace":null,"DisplayName":"Remove_ShouldRemoveEntitySuccessfully","Messages":[],"ComputerName":"DNXBBX3","Duration":"00:00:00.0066990","StartTime":"2024-08-03T05:53:37.3696519+00:00","EndTime":"2024-08-03T05:53:37.376351+00:00","Properties":[{"Key":{"Id":"NUnit.Seed","Label":"Seed","Category":"","Description":"","Attributes":0,"ValueType":"System.String"},"Value":"2076955858"}]},{"TestCase":{"Id":"df7b7b07-d39c-df53-8338-10824c2cd2fe","FullyQualifiedName":"EmployeeGrievanceRedressalTests.RepositoryTests.GenericRepositoryTest.Remove_ShouldThrowRepositoryException_WhenExceptionIsThrown","DisplayName":"Remove_ShouldThrowRepositoryException_WhenExceptionIsThrown","ExecutorUri":"executor://NUnit3TestExecutor","Source":"C:\\Users\\VC\\Desktop\\Capstone Project\\EmployeeGrievanceRedressalSolution\\EmployeeGrievanceRedressalTests\\bin\\Debug\\net6.0\\fine-code-coverage\\build-output\\EmployeeGrievanceRedressalTests.dll","CodeFilePath":null,"LineNumber":0,"Properties":[{"Key":{"Id":"NUnit.Seed","Label":"Seed","Category":"","Description":"","Attributes":0,"ValueType":"System.String"},"Value":"929809007"}]},"Attachments":[],"Outcome":1,"ErrorMessage":null,"ErrorStackTrace":null,"DisplayName":"Remove_ShouldThrowRepositoryException_WhenExceptionIsThrown","Messages":[],"ComputerName":"DNXBBX3","Duration":"00:00:00.0012660","StartTime":"2024-08-03T05:53:37.3763713+00:00","EndTime":"2024-08-03T05:53:37.3776374+00:00","Properties":[{"Key":{"Id":"NUnit.Seed","Label":"Seed","Category":"","Description":"","Attributes":0,"ValueType":"System.String"},"Value":"929809007"}]},{"TestCase":{"Id":"821b44d4-7631-b63b-3cff-ebc685cb85e3","FullyQualifiedName":"EmployeeGrievanceRedressalTests.RepositoryTests.GenericRepositoryTest.Update_ShouldThrowRepositoryException_WhenExceptionIsThrown","DisplayName":"Update_ShouldThrowRepositoryException_WhenExceptionIsThrown","ExecutorUri":"executor://NUnit3TestExecutor","Source":"C:\\Users\\VC\\Desktop\\Capstone Project\\EmployeeGrievanceRedressalSolution\\EmployeeGrievanceRedressalTests\\bin\\Debug\\net6.0\\fine-code-coverage\\build-output\\EmployeeGrievanceRedressalTests.dll","CodeFilePath":null,"LineNumber":0,"Properties":[{"Key":{"Id":"NUnit.Seed","Label":"Seed","Category":"","Description":"","Attributes":0,"ValueType":"System.String"},"Value":"1121443615"}]},"Attachments":[],"Outcome":1,"ErrorMessage":null,"ErrorStackTrace":null,"DisplayName":"Update_ShouldThrowRepositoryException_WhenExceptionIsThrown","Messages":[],"ComputerName":"DNXBBX3","Duration":"00:00:00.0010580","StartTime":"2024-08-03T05:53:37.3776538+00:00","EndTime":"2024-08-03T05:53:37.3787113+00:00","Properties":[{"Key":{"Id":"NUnit.Seed","Label":"Seed","Category":"","Description":"","Attributes":0,"ValueType":"System.String"},"Value":"1121443615"}]},{"TestCase":{"Id":"95e2b77e-d067-bcec-9cae-af949d38603b","FullyQualifiedName":"EmployeeGrievanceRedressalTests.RepositoryTests.GenericRepositoryTest.Update_ShouldUpdateEntitySuccessfully","DisplayName":"Update_ShouldUpdateEntitySuccessfully","ExecutorUri":"executor://NUnit3TestExecutor","Source":"C:\\Users\\VC\\Desktop\\Capstone Project\\EmployeeGrievanceRedressalSolution\\EmployeeGrievanceRedressalTests\\bin\\Debug\\net6.0\\fine-code-coverage\\build-output\\EmployeeGrievanceRedressalTests.dll","CodeFilePath":null,"LineNumber":0,"Properties":[{"Key":{"Id":"NUnit.Seed","Label":"Seed","Category":"","Description":"","Attributes":0,"ValueType":"System.String"},"Value":"1432322720"}]},"Attachments":[],"Outcome":1,"ErrorMessage":null,"ErrorStackTrace":null,"DisplayName":"Update_ShouldUpdateEntitySuccessfully","Messages":[],"ComputerName":"DNXBBX3","Duration":"00:00:00.0007570","StartTime":"2024-08-03T05:53:37.378725+00:00","EndTime":"2024-08-03T05:53:37.3794819+00:00","Properties":[{"Key":{"Id":"NUnit.Seed","Label":"Seed","Category":"","Description":"","Attributes":0,"ValueType":"System.String"},"Value":"1432322720"}]}],"TestRunStatistics":{"ExecutedTests":27,"Stats":{"Passed":27}},"ActiveTests":[{"Id":"70f2eb80-7ce9-300b-a4e2-2156f7de8839","FullyQualifiedName":"EmployeeGrievanceRedressalTests.RepositoryTests.GrievanceRepositoryTest.Add_ShouldAddEntitySuccessfully","DisplayName":"Add_ShouldAddEntitySuccessfully","ExecutorUri":"executor://NUnit3TestExecutor","Source":"C:\\Users\\VC\\Desktop\\Capstone Project\\EmployeeGrievanceRedressalSolution\\EmployeeGrievanceRedressalTests\\bin\\Debug\\net6.0\\fine-code-coverage\\build-output\\EmployeeGrievanceRedressalTests.dll","CodeFilePath":null,"LineNumber":0,"Properties":[{"Key":{"Id":"NUnit.Seed","Label":"Seed","Category":"","Description":"","Attributes":0,"ValueType":"System.String"},"Value":"1505314687"}]}]}}
TpTrace Verbose: 0 : 31084, 7, 2024/08/03, 11:23:37.424, 6081306744759, vstest.console.dll, TestRunRequest:SendTestRunStatsChange: Starting.
TpTrace Verbose: 0 : 31084, 7, 2024/08/03, 11:23:37.424, 6081306745441, vstest.console.dll, InProgress is Add_ShouldAddEntitySuccessfully
TpTrace Verbose: 0 : 31084, 7, 2024/08/03, 11:23:37.424, 6081306746155, vstest.console.dll, MulticastDelegateUtilities.SafeInvoke: TestRun.RunStatsChanged: Invoking callbacks was skipped because there are no subscribers.
TpTrace Information: 0 : 31084, 7, 2024/08/03, 11:23:37.425, 6081306746480, vstest.console.dll, TestRunRequest:SendTestRunStatsChange: Completed.
TpTrace Verbose: 0 : 31084, 7, 2024/08/03, 11:23:37.425, 6081306746857, vstest.console.dll, MulticastDelegateUtilities.SafeInvoke: LengthPrefixCommunicationChannel: MessageReceived: Invoking callback 1/1 for Microsoft.VisualStudio.TestPlatform.CommunicationUtilities.TestRequestSender+<>c__DisplayClass34_0., took 1 ms.
TpTrace Verbose: 0 : 31084, 7, 2024/08/03, 11:23:37.425, 6081306747263, vstest.console.dll, TcpClientExtensions.MessageLoopAsync: Polling on remoteEndPoint: 127.0.0.1:50082 localEndPoint: 127.0.0.1:50081 after 39 ms
TpTrace Verbose: 0 : 31084, 4, 2024/08/03, 11:23:37.425, 6081306747757, vstest.console.dll, MulticastDelegateUtilities.SafeInvoke: InternalTestLoggerEvents.SendTestResult: Invoking callback 1/1 for Microsoft.VisualStudio.TestPlatform.CommandLine.Internal.ConsoleLogger., took 0 ms.
TpTrace Verbose: 0 : 31084, 4, 2024/08/03, 11:23:37.425, 6081306748642, vstest.console.dll, MulticastDelegateUtilities.SafeInvoke: InternalTestLoggerEvents.SendTestResult: Invoking callback 1/1 for Microsoft.VisualStudio.TestPlatform.CommandLine.Internal.ConsoleLogger., took 0 ms.
TpTrace Verbose: 0 : 31084, 4, 2024/08/03, 11:23:37.425, 6081306749103, vstest.console.dll, MulticastDelegateUtilities.SafeInvoke: InternalTestLoggerEvents.SendTestResult: Invoking callback 1/1 for Microsoft.VisualStudio.TestPlatform.CommandLine.Internal.ConsoleLogger., took 0 ms.
TpTrace Verbose: 0 : 31084, 4, 2024/08/03, 11:23:37.425, 6081306749520, vstest.console.dll, MulticastDelegateUtilities.SafeInvoke: InternalTestLoggerEvents.SendTestResult: Invoking callback 1/1 for Microsoft.VisualStudio.TestPlatform.CommandLine.Internal.ConsoleLogger., took 0 ms.
TpTrace Verbose: 0 : 31084, 4, 2024/08/03, 11:23:37.425, 6081306749926, vstest.console.dll, MulticastDelegateUtilities.SafeInvoke: InternalTestLoggerEvents.SendTestResult: Invoking callback 1/1 for Microsoft.VisualStudio.TestPlatform.CommandLine.Internal.ConsoleLogger., took 0 ms.
TpTrace Verbose: 0 : 31084, 4, 2024/08/03, 11:23:37.425, 6081306750542, vstest.console.dll, MulticastDelegateUtilities.SafeInvoke: InternalTestLoggerEvents.SendTestResult: Invoking callback 1/1 for Microsoft.VisualStudio.TestPlatform.CommandLine.Internal.ConsoleLogger., took 0 ms.
TpTrace Verbose: 0 : 31084, 4, 2024/08/03, 11:23:37.425, 6081306751006, vstest.console.dll, MulticastDelegateUtilities.SafeInvoke: InternalTestLoggerEvents.SendTestResult: Invoking callback 1/1 for Microsoft.VisualStudio.TestPlatform.CommandLine.Internal.ConsoleLogger., took 0 ms.
TpTrace Verbose: 0 : 31084, 4, 2024/08/03, 11:23:37.425, 6081306751415, vstest.console.dll, MulticastDelegateUtilities.SafeInvoke: InternalTestLoggerEvents.SendTestResult: Invoking callback 1/1 for Microsoft.VisualStudio.TestPlatform.CommandLine.Internal.ConsoleLogger., took 0 ms.
TpTrace Verbose: 0 : 31084, 4, 2024/08/03, 11:23:37.425, 6081306751810, vstest.console.dll, MulticastDelegateUtilities.SafeInvoke: InternalTestLoggerEvents.SendTestResult: Invoking callback 1/1 for Microsoft.VisualStudio.TestPlatform.CommandLine.Internal.ConsoleLogger., took 0 ms.
TpTrace Verbose: 0 : 31084, 7, 2024/08/03, 11:23:37.473, 6081307226727, vstest.console.dll, TcpClientExtensions.MessageLoopAsync: NotifyDataAvailable remoteEndPoint: 127.0.0.1:50082 localEndPoint: 127.0.0.1:50081
TpTrace Verbose: 0 : 31084, 7, 2024/08/03, 11:23:37.473, 6081307234653, vstest.console.dll, TestRequestSender.OnExecutionMessageReceived: Received message: {"Version":7,"MessageType":"TestExecution.StatsChange","Payload":{"NewTestResults":[{"TestCase":{"Id":"70f2eb80-7ce9-300b-a4e2-2156f7de8839","FullyQualifiedName":"EmployeeGrievanceRedressalTests.RepositoryTests.GrievanceRepositoryTest.Add_ShouldAddEntitySuccessfully","DisplayName":"Add_ShouldAddEntitySuccessfully","ExecutorUri":"executor://NUnit3TestExecutor","Source":"C:\\Users\\VC\\Desktop\\Capstone Project\\EmployeeGrievanceRedressalSolution\\EmployeeGrievanceRedressalTests\\bin\\Debug\\net6.0\\fine-code-coverage\\build-output\\EmployeeGrievanceRedressalTests.dll","CodeFilePath":null,"LineNumber":0,"Properties":[{"Key":{"Id":"NUnit.Seed","Label":"Seed","Category":"","Description":"","Attributes":0,"ValueType":"System.String"},"Value":"1505314687"}]},"Attachments":[],"Outcome":2,"ErrorMessage":"Microsoft.EntityFrameworkCore.DbUpdateException : Required properties '{'Title'}' are missing for the instance of entity type 'Grievance'. Consider using 'DbContextOptionsBuilder.EnableSensitiveDataLogging' to see the entity key value.","ErrorStackTrace":"   at Microsoft.EntityFrameworkCore.InMemory.Storage.Internal.InMemoryTable`1.ThrowNullabilityErrorException(IUpdateEntry entry, IList`1 nullabilityErrors)\r\n   at Microsoft.EntityFrameworkCore.InMemory.Storage.Internal.InMemoryTable`1.Create(IUpdateEntry entry)\r\n   at Microsoft.EntityFrameworkCore.InMemory.Storage.Internal.InMemoryStore.ExecuteTransaction(IList`1 entries, IDiagnosticsLogger`1 updateLogger)\r\n   at Microsoft.EntityFrameworkCore.InMemory.Storage.Internal.InMemoryDatabase.SaveChanges(IList`1 entries)\r\n   at Microsoft.EntityFrameworkCore.ChangeTracking.Internal.StateManager.SaveChanges(IList`1 entriesToSave)\r\n   at Microsoft.EntityFrameworkCore.ChangeTracking.Internal.StateManager.SaveChanges(StateManager stateManager, Boolean acceptAllChangesOnSuccess)\r\n   at Microsoft.EntityFrameworkCore.ChangeTracking.Internal.StateManager.<>c.<SaveChanges>b__104_0(DbContext _, ValueTuple`2 t)\r\n   at Microsoft.EntityFrameworkCore.Storage.NonRetryingExecutionStrategy.Execute[TState,TResult](TState state, Func`3 operation, Func`3 verifySucceeded)\r\n   at Microsoft.EntityFrameworkCore.ChangeTracking.Internal.StateManager.SaveChanges(Boolean acceptAllChangesOnSuccess)\r\n   at Microsoft.EntityFrameworkCore.DbContext.SaveChanges(Boolean acceptAllChangesOnSuccess)\r\n   at Microsoft.EntityFrameworkCore.DbContext.SaveChanges()\r\n   at EmployeeGrievanceRedressalTests.RepositoryTests.GrievanceRepositoryTest.SeedDatabase() in C:\\Users\\VC\\Desktop\\Capstone Project\\EmployeeGrievanceRedressalSolution\\EmployeeGrievanceRedressalTests\\RepositoryTests\\GrievanceRepositoryTest.cs:line 43\r\n   at EmployeeGrievanceRedressalTests.RepositoryTests.GrievanceRepositoryTest.SetUp() in C:\\Users\\VC\\Desktop\\Capstone Project\\EmployeeGrievanceRedressalSolution\\EmployeeGrievanceRedressalTests\\RepositoryTests\\GrievanceRepositoryTest.cs:line 27\n","DisplayName":"Add_ShouldAddEntitySuccessfully","Messages":[],"ComputerName":"DNXBBX3","Duration":"00:00:00.0468620","StartTime":"2024-08-03T05:53:37.3795791+00:00","EndTime":"2024-08-03T05:53:37.4264405+00:00","Properties":[{"Key":{"Id":"NUnit.Seed","Label":"Seed","Category":"","Description":"","Attributes":0,"ValueType":"System.String"},"Value":"1505314687"}]},{"TestCase":{"Id":"9d4662f0-3f85-e3a8-42a7-b05fc3ab2edc","FullyQualifiedName":"EmployeeGrievanceRedressalTests.RepositoryTests.GrievanceRepositoryTest.Add_ShouldThrowRepositoryException_WhenExceptionIsThrown","DisplayName":"Add_ShouldThrowRepositoryException_WhenExceptionIsThrown","ExecutorUri":"executor://NUnit3TestExecutor","Source":"C:\\Users\\VC\\Desktop\\Capstone Project\\EmployeeGrievanceRedressalSolution\\EmployeeGrievanceRedressalTests\\bin\\Debug\\net6.0\\fine-code-coverage\\build-output\\EmployeeGrievanceRedressalTests.dll","CodeFilePath":null,"LineNumber":0,"Properties":[{"Key":{"Id":"NUnit.Seed","Label":"Seed","Category":"","Description":"","Attributes":0,"ValueType":"System.String"},"Value":"1358500247"}]},"Attachments":[],"Outcome":2,"ErrorMessage":"Microsoft.EntityFrameworkCore.DbUpdateException : Required properties '{'Title'}' are missing for the instance of entity type 'Grievance'. Consider using 'DbContextOptionsBuilder.EnableSensitiveDataLogging' to see the entity key value.","ErrorStackTrace":"   at Microsoft.EntityFrameworkCore.InMemory.Storage.Internal.InMemoryTable`1.ThrowNullabilityErrorException(IUpdateEntry entry, IList`1 nullabilityErrors)\r\n   at Microsoft.EntityFrameworkCore.InMemory.Storage.Internal.InMemoryTable`1.Create(IUpdateEntry entry)\r\n   at Microsoft.EntityFrameworkCore.InMemory.Storage.Internal.InMemoryStore.ExecuteTransaction(IList`1 entries, IDiagnosticsLogger`1 updateLogger)\r\n   at Microsoft.EntityFrameworkCore.InMemory.Storage.Internal.InMemoryDatabase.SaveChanges(IList`1 entries)\r\n   at Microsoft.EntityFrameworkCore.ChangeTracking.Internal.StateManager.SaveChanges(IList`1 entriesToSave)\r\n   at Microsoft.EntityFrameworkCore.ChangeTracking.Internal.StateManager.SaveChanges(StateManager stateManager, Boolean acceptAllChangesOnSuccess)\r\n   at Microsoft.EntityFrameworkCore.ChangeTracking.Internal.StateManager.<>c.<SaveChanges>b__104_0(DbContext _, ValueTuple`2 t)\r\n   at Microsoft.EntityFrameworkCore.Storage.NonRetryingExecutionStrategy.Execute[TState,TResult](TState state, Func`3 operation, Func`3 verifySucceeded)\r\n   at Microsoft.EntityFrameworkCore.ChangeTracking.Internal.StateManager.SaveChanges(Boolean acceptAllChangesOnSuccess)\r\n   at Microsoft.EntityFrameworkCore.DbContext.SaveChanges(Boolean acceptAllChangesOnSuccess)\r\n   at Microsoft.EntityFrameworkCore.DbContext.SaveChanges()\r\n   at EmployeeGrievanceRedressalTests.RepositoryTests.GrievanceRepositoryTest.SeedDatabase() in C:\\Users\\VC\\Desktop\\Capstone Project\\EmployeeGrievanceRedressalSolution\\EmployeeGrievanceRedressalTests\\RepositoryTests\\GrievanceRepositoryTest.cs:line 43\r\n   at EmployeeGrievanceRedressalTests.RepositoryTests.GrievanceRepositoryTest.SetUp() in C:\\Users\\VC\\Desktop\\Capstone Project\\EmployeeGrievanceRedressalSolution\\EmployeeGrievanceRedressalTests\\RepositoryTests\\GrievanceRepositoryTest.cs:line 27\n","DisplayName":"Add_ShouldThrowRepositoryException_WhenExceptionIsThrown","Messages":[],"ComputerName":"DNXBBX3","Duration":"00:00:00.0009660","StartTime":"2024-08-03T05:53:37.4265457+00:00","EndTime":"2024-08-03T05:53:37.4275113+00:00","Properties":[{"Key":{"Id":"NUnit.Seed","Label":"Seed","Category":"","Description":"","Attributes":0,"ValueType":"System.String"},"Value":"1358500247"}]},{"TestCase":{"Id":"5c1e4be1-56ef-410e-29c8-b28571b7db0c","FullyQualifiedName":"EmployeeGrievanceRedressalTests.RepositoryTests.GrievanceRepositoryTest.GetAllAsync_ShouldReturnAllEntities","DisplayName":"GetAllAsync_ShouldReturnAllEntities","ExecutorUri":"executor://NUnit3TestExecutor","Source":"C:\\Users\\VC\\Desktop\\Capstone Project\\EmployeeGrievanceRedressalSolution\\EmployeeGrievanceRedressalTests\\bin\\Debug\\net6.0\\fine-code-coverage\\build-output\\EmployeeGrievanceRedressalTests.dll","CodeFilePath":null,"LineNumber":0,"Properties":[{"Key":{"Id":"NUnit.Seed","Label":"Seed","Category":"","Description":"","Attributes":0,"ValueType":"System.String"},"Value":"1473467928"}]},"Attachments":[],"Outcome":2,"ErrorMessage":"Microsoft.EntityFrameworkCore.DbUpdateException : Required properties '{'Title'}' are missing for the instance of entity type 'Grievance'. Consider using 'DbContextOptionsBuilder.EnableSensitiveDataLogging' to see the entity key value.","ErrorStackTrace":"   at Microsoft.EntityFrameworkCore.InMemory.Storage.Internal.InMemoryTable`1.ThrowNullabilityErrorException(IUpdateEntry entry, IList`1 nullabilityErrors)\r\n   at Microsoft.EntityFrameworkCore.InMemory.Storage.Internal.InMemoryTable`1.Create(IUpdateEntry entry)\r\n   at Microsoft.EntityFrameworkCore.InMemory.Storage.Internal.InMemoryStore.ExecuteTransaction(IList`1 entries, IDiagnosticsLogger`1 updateLogger)\r\n   at Microsoft.EntityFrameworkCore.InMemory.Storage.Internal.InMemoryDatabase.SaveChanges(IList`1 entries)\r\n   at Microsoft.EntityFrameworkCore.ChangeTracking.Internal.StateManager.SaveChanges(IList`1 entriesToSave)\r\n   at Microsoft.EntityFrameworkCore.ChangeTracking.Internal.StateManager.SaveChanges(StateManager stateManager, Boolean acceptAllChangesOnSuccess)\r\n   at Microsoft.EntityFrameworkCore.ChangeTracking.Internal.StateManager.<>c.<SaveChanges>b__104_0(DbContext _, ValueTuple`2 t)\r\n   at Microsoft.EntityFrameworkCore.Storage.NonRetryingExecutionStrategy.Execute[TState,TResult](TState state, Func`3 operation, Func`3 verifySucceeded)\r\n   at Microsoft.EntityFrameworkCore.ChangeTracking.Internal.StateManager.SaveChanges(Boolean acceptAllChangesOnSuccess)\r\n   at Microsoft.EntityFrameworkCore.DbContext.SaveChanges(Boolean acceptAllChangesOnSuccess)\r\n   at Microsoft.EntityFrameworkCore.DbContext.SaveChanges()\r\n   at EmployeeGrievanceRedressalTests.RepositoryTests.GrievanceRepositoryTest.SeedDatabase() in C:\\Users\\VC\\Desktop\\Capstone Project\\EmployeeGrievanceRedressalSolution\\EmployeeGrievanceRedressalTests\\RepositoryTests\\GrievanceRepositoryTest.cs:line 43\r\n   at EmployeeGrievanceRedressalTests.RepositoryTests.GrievanceRepositoryTest.SetUp() in C:\\Users\\VC\\Desktop\\Capstone Project\\EmployeeGrievanceRedressalSolution\\EmployeeGrievanceRedressalTests\\RepositoryTests\\GrievanceRepositoryTest.cs:line 27\n","DisplayName":"GetAllAsync_ShouldReturnAllEntities","Messages":[],"ComputerName":"DNXBBX3","Duration":"00:00:00.0006940","StartTime":"2024-08-03T05:53:37.4275248+00:00","EndTime":"2024-08-03T05:53:37.4282189+00:00","Properties":[{"Key":{"Id":"NUnit.Seed","Label":"Seed","Category":"","Description":"","Attributes":0,"ValueType":"System.String"},"Value":"1473467928"}]},{"TestCase":{"Id":"29892f9b-ebdd-abc0-ba24-f71b62775419","FullyQualifiedName":"EmployeeGrievanceRedressalTests.RepositoryTests.GrievanceRepositoryTest.GetAllAsync_ShouldThrowEntityNotFoundException_WhenNoEntitiesExist","DisplayName":"GetAllAsync_ShouldThrowEntityNotFoundException_WhenNoEntitiesExist","ExecutorUri":"executor://NUnit3TestExecutor","Source":"C:\\Users\\VC\\Desktop\\Capstone Project\\EmployeeGrievanceRedressalSolution\\EmployeeGrievanceRedressalTests\\bin\\Debug\\net6.0\\fine-code-coverage\\build-output\\EmployeeGrievanceRedressalTests.dll","CodeFilePath":null,"LineNumber":0,"Properties":[{"Key":{"Id":"NUnit.Seed","Label":"Seed","Category":"","Description":"","Attributes":0,"ValueType":"System.String"},"Value":"157917337"}]},"Attachments":[],"Outcome":2,"ErrorMessage":"Microsoft.EntityFrameworkCore.DbUpdateException : Required properties '{'Title'}' are missing for the instance of entity type 'Grievance'. Consider using 'DbContextOptionsBuilder.EnableSensitiveDataLogging' to see the entity key value.","ErrorStackTrace":"   at Microsoft.EntityFrameworkCore.InMemory.Storage.Internal.InMemoryTable`1.ThrowNullabilityErrorException(IUpdateEntry entry, IList`1 nullabilityErrors)\r\n   at Microsoft.EntityFrameworkCore.InMemory.Storage.Internal.InMemoryTable`1.Create(IUpdateEntry entry)\r\n   at Microsoft.EntityFrameworkCore.InMemory.Storage.Internal.InMemoryStore.ExecuteTransaction(IList`1 entries, IDiagnosticsLogger`1 updateLogger)\r\n   at Microsoft.EntityFrameworkCore.InMemory.Storage.Internal.InMemoryDatabase.SaveChanges(IList`1 entries)\r\n   at Microsoft.EntityFrameworkCore.ChangeTracking.Internal.StateManager.SaveChanges(IList`1 entriesToSave)\r\n   at Microsoft.EntityFrameworkCore.ChangeTracking.Internal.StateManager.SaveChanges(StateManager stateManager, Boolean acceptAllChangesOnSuccess)\r\n   at Microsoft.EntityFrameworkCore.ChangeTracking.Internal.StateManager.<>c.<SaveChanges>b__104_0(DbContext _, ValueTuple`2 t)\r\n   at Microsoft.EntityFrameworkCore.Storage.NonRetryingExecutionStrategy.Execute[TState,TResult](TState state, Func`3 operation, Func`3 verifySucceeded)\r\n   at Microsoft.EntityFrameworkCore.ChangeTracking.Internal.StateManager.SaveChanges(Boolean acceptAllChangesOnSuccess)\r\n   at Microsoft.EntityFrameworkCore.DbContext.SaveChanges(Boolean acceptAllChangesOnSuccess)\r\n   at Microsoft.EntityFrameworkCore.DbContext.SaveChanges()\r\n   at EmployeeGrievanceRedressalTests.RepositoryTests.GrievanceRepositoryTest.SeedDatabase() in C:\\Users\\VC\\Desktop\\Capstone Project\\EmployeeGrievanceRedressalSolution\\EmployeeGrievanceRedressalTests\\RepositoryTests\\GrievanceRepositoryTest.cs:line 43\r\n   at EmployeeGrievanceRedressalTests.RepositoryTests.GrievanceRepositoryTest.SetUp() in C:\\Users\\VC\\Desktop\\Capstone Project\\EmployeeGrievanceRedressalSolution\\EmployeeGrievanceRedressalTests\\RepositoryTests\\GrievanceRepositoryTest.cs:line 27\n","DisplayName":"GetAllAsync_ShouldThrowEntityNotFoundException_WhenNoEntitiesExist","Messages":[],"ComputerName":"DNXBBX3","Duration":"00:00:00.0006130","StartTime":"2024-08-03T05:53:37.42823+00:00","EndTime":"2024-08-03T05:53:37.4288429+00:00","Properties":[{"Key":{"Id":"NUnit.Seed","Label":"Seed","Category":"","Description":"","Attributes":0,"ValueType":"System.String"},"Value":"157917337"}]},{"TestCase":{"Id":"f90d150d-53ec-6846-cb4a-35d005f3f85e","FullyQualifiedName":"EmployeeGrievanceRedressalTests.RepositoryTests.GrievanceRepositoryTest.GetByIdAsync_ShouldReturnEntity_WhenEntityExists","DisplayName":"GetByIdAsync_ShouldReturnEntity_WhenEntityExists","ExecutorUri":"executor://NUnit3TestExecutor","Source":"C:\\Users\\VC\\Desktop\\Capstone Project\\EmployeeGrievanceRedressalSolution\\EmployeeGrievanceRedressalTests\\bin\\Debug\\net6.0\\fine-code-coverage\\build-output\\EmployeeGrievanceRedressalTests.dll","CodeFilePath":null,"LineNumber":0,"Properties":[{"Key":{"Id":"NUnit.Seed","Label":"Seed","Category":"","Description":"","Attributes":0,"ValueType":"System.String"},"Value":"1315762337"}]},"Attachments":[],"Outcome":2,"ErrorMessage":"Microsoft.EntityFrameworkCore.DbUpdateException : Required properties '{'Title'}' are missing for the instance of entity type 'Grievance'. Consider using 'DbContextOptionsBuilder.EnableSensitiveDataLogging' to see the entity key value.","ErrorStackTrace":"   at Microsoft.EntityFrameworkCore.InMemory.Storage.Internal.InMemoryTable`1.ThrowNullabilityErrorException(IUpdateEntry entry, IList`1 nullabilityErrors)\r\n   at Microsoft.EntityFrameworkCore.InMemory.Storage.Internal.InMemoryTable`1.Create(IUpdateEntry entry)\r\n   at Microsoft.EntityFrameworkCore.InMemory.Storage.Internal.InMemoryStore.ExecuteTransaction(IList`1 entries, IDiagnosticsLogger`1 updateLogger)\r\n   at Microsoft.EntityFrameworkCore.InMemory.Storage.Internal.InMemoryDatabase.SaveChanges(IList`1 entries)\r\n   at Microsoft.EntityFrameworkCore.ChangeTracking.Internal.StateManager.SaveChanges(IList`1 entriesToSave)\r\n   at Microsoft.EntityFrameworkCore.ChangeTracking.Internal.StateManager.SaveChanges(StateManager stateManager, Boolean acceptAllChangesOnSuccess)\r\n   at Microsoft.EntityFrameworkCore.ChangeTracking.Internal.StateManager.<>c.<SaveChanges>b__104_0(DbContext _, ValueTuple`2 t)\r\n   at Microsoft.EntityFrameworkCore.Storage.NonRetryingExecutionStrategy.Execute[TState,TResult](TState state, Func`3 operation, Func`3 verifySucceeded)\r\n   at Microsoft.EntityFrameworkCore.ChangeTracking.Internal.StateManager.SaveChanges(Boolean acceptAllChangesOnSuccess)\r\n   at Microsoft.EntityFrameworkCore.DbContext.SaveChanges(Boolean acceptAllChangesOnSuccess)\r\n   at Microsoft.EntityFrameworkCore.DbContext.SaveChanges()\r\n   at EmployeeGrievanceRedressalTests.RepositoryTests.GrievanceRepositoryTest.SeedDatabase() in C:\\Users\\VC\\Desktop\\Capstone Project\\EmployeeGrievanceRedressalSolution\\EmployeeGrievanceRedressalTests\\RepositoryTests\\GrievanceRepositoryTest.cs:line 43\r\n   at EmployeeGrievanceRedressalTests.RepositoryTests.GrievanceRepositoryTest.SetUp() in C:\\Users\\VC\\Desktop\\Capstone Project\\EmployeeGrievanceRedressalSolution\\EmployeeGrievanceRedressalTests\\RepositoryTests\\GrievanceRepositoryTest.cs:line 27\n","DisplayName":"GetByIdAsync_ShouldReturnEntity_WhenEntityExists","Messages":[],"ComputerName":"DNXBBX3","Duration":"00:00:00.0006390","StartTime":"2024-08-03T05:53:37.4288544+00:00","EndTime":"2024-08-03T05:53:37.4294936+00:00","Properties":[{"Key":{"Id":"NUnit.Seed","Label":"Seed","Category":"","Description":"","Attributes":0,"ValueType":"System.String"},"Value":"1315762337"}]},{"TestCase":{"Id":"485d729f-9cc7-6461-dbec-489b1f4a105b","FullyQualifiedName":"EmployeeGrievanceRedressalTests.RepositoryTests.GrievanceRepositoryTest.GetByIdAsync_ShouldThrowEntityNotFoundException_WhenEntityDoesNotExist","DisplayName":"GetByIdAsync_ShouldThrowEntityNotFoundException_WhenEntityDoesNotExist","ExecutorUri":"executor://NUnit3TestExecutor","Source":"C:\\Users\\VC\\Desktop\\Capstone Project\\EmployeeGrievanceRedressalSolution\\EmployeeGrievanceRedressalTests\\bin\\Debug\\net6.0\\fine-code-coverage\\build-output\\EmployeeGrievanceRedressalTests.dll","CodeFilePath":null,"LineNumber":0,"Properties":[{"Key":{"Id":"NUnit.Seed","Label":"Seed","Category":"","Description":"","Attributes":0,"ValueType":"System.String"},"Value":"1528132894"}]},"Attachments":[],"Outcome":2,"ErrorMessage":"Microsoft.EntityFrameworkCore.DbUpdateException : Required properties '{'Title'}' are missing for the instance of entity type 'Grievance'. Consider using 'DbContextOptionsBuilder.EnableSensitiveDataLogging' to see the entity key value.","ErrorStackTrace":"   at Microsoft.EntityFrameworkCore.InMemory.Storage.Internal.InMemoryTable`1.ThrowNullabilityErrorException(IUpdateEntry entry, IList`1 nullabilityErrors)\r\n   at Microsoft.EntityFrameworkCore.InMemory.Storage.Internal.InMemoryTable`1.Create(IUpdateEntry entry)\r\n   at Microsoft.EntityFrameworkCore.InMemory.Storage.Internal.InMemoryStore.ExecuteTransaction(IList`1 entries, IDiagnosticsLogger`1 updateLogger)\r\n   at Microsoft.EntityFrameworkCore.InMemory.Storage.Internal.InMemoryDatabase.SaveChanges(IList`1 entries)\r\n   at Microsoft.EntityFrameworkCore.ChangeTracking.Internal.StateManager.SaveChanges(IList`1 entriesToSave)\r\n   at Microsoft.EntityFrameworkCore.ChangeTracking.Internal.StateManager.SaveChanges(StateManager stateManager, Boolean acceptAllChangesOnSuccess)\r\n   at Microsoft.EntityFrameworkCore.ChangeTracking.Internal.StateManager.<>c.<SaveChanges>b__104_0(DbContext _, ValueTuple`2 t)\r\n   at Microsoft.EntityFrameworkCore.Storage.NonRetryingExecutionStrategy.Execute[TState,TResult](TState state, Func`3 operation, Func`3 verifySucceeded)\r\n   at Microsoft.EntityFrameworkCore.ChangeTracking.Internal.StateManager.SaveChanges(Boolean acceptAllChangesOnSuccess)\r\n   at Microsoft.EntityFrameworkCore.DbContext.SaveChanges(Boolean acceptAllChangesOnSuccess)\r\n   at Microsoft.EntityFrameworkCore.DbContext.SaveChanges()\r\n   at EmployeeGrievanceRedressalTests.RepositoryTests.GrievanceRepositoryTest.SeedDatabase() in C:\\Users\\VC\\Desktop\\Capstone Project\\EmployeeGrievanceRedressalSolution\\EmployeeGrievanceRedressalTests\\RepositoryTests\\GrievanceRepositoryTest.cs:line 43\r\n   at EmployeeGrievanceRedressalTests.RepositoryTests.GrievanceRepositoryTest.SetUp() in C:\\Users\\VC\\Desktop\\Capstone Project\\EmployeeGrievanceRedressalSolution\\EmployeeGrievanceRedressalTests\\RepositoryTests\\GrievanceRepositoryTest.cs:line 27\n","DisplayName":"GetByIdAsync_ShouldThrowEntityNotFoundException_WhenEntityDoesNotExist","Messages":[],"ComputerName":"DNXBBX3","Duration":"00:00:00.0006780","StartTime":"2024-08-03T05:53:37.4295045+00:00","EndTime":"2024-08-03T05:53:37.4301823+00:00","Properties":[{"Key":{"Id":"NUnit.Seed","Label":"Seed","Category":"","Description":"","Attributes":0,"ValueType":"System.String"},"Value":"1528132894"}]},{"TestCase":{"Id":"dfeddc51-74c1-f09a-3504-420f87648b2a","FullyQualifiedName":"EmployeeGrievanceRedressalTests.RepositoryTests.GrievanceRepositoryTest.Remove_ShouldRemoveEntitySuccessfully","DisplayName":"Remove_ShouldRemoveEntitySuccessfully","ExecutorUri":"executor://NUnit3TestExecutor","Source":"C:\\Users\\VC\\Desktop\\Capstone Project\\EmployeeGrievanceRedressalSolution\\EmployeeGrievanceRedressalTests\\bin\\Debug\\net6.0\\fine-code-coverage\\build-output\\EmployeeGrievanceRedressalTests.dll","CodeFilePath":null,"LineNumber":0,"Properties":[{"Key":{"Id":"NUnit.Seed","Label":"Seed","Category":"","Description":"","Attributes":0,"ValueType":"System.String"},"Value":"1630888428"}]},"Attachments":[],"Outcome":2,"ErrorMessage":"Microsoft.EntityFrameworkCore.DbUpdateException : Required properties '{'Title'}' are missing for the instance of entity type 'Grievance'. Consider using 'DbContextOptionsBuilder.EnableSensitiveDataLogging' to see the entity key value.","ErrorStackTrace":"   at Microsoft.EntityFrameworkCore.InMemory.Storage.Internal.InMemoryTable`1.ThrowNullabilityErrorException(IUpdateEntry entry, IList`1 nullabilityErrors)\r\n   at Microsoft.EntityFrameworkCore.InMemory.Storage.Internal.InMemoryTable`1.Create(IUpdateEntry entry)\r\n   at Microsoft.EntityFrameworkCore.InMemory.Storage.Internal.InMemoryStore.ExecuteTransaction(IList`1 entries, IDiagnosticsLogger`1 updateLogger)\r\n   at Microsoft.EntityFrameworkCore.InMemory.Storage.Internal.InMemoryDatabase.SaveChanges(IList`1 entries)\r\n   at Microsoft.EntityFrameworkCore.ChangeTracking.Internal.StateManager.SaveChanges(IList`1 entriesToSave)\r\n   at Microsoft.EntityFrameworkCore.ChangeTracking.Internal.StateManager.SaveChanges(StateManager stateManager, Boolean acceptAllChangesOnSuccess)\r\n   at Microsoft.EntityFrameworkCore.ChangeTracking.Internal.StateManager.<>c.<SaveChanges>b__104_0(DbContext _, ValueTuple`2 t)\r\n   at Microsoft.EntityFrameworkCore.Storage.NonRetryingExecutionStrategy.Execute[TState,TResult](TState state, Func`3 operation, Func`3 verifySucceeded)\r\n   at Microsoft.EntityFrameworkCore.ChangeTracking.Internal.StateManager.SaveChanges(Boolean acceptAllChangesOnSuccess)\r\n   at Microsoft.EntityFrameworkCore.DbContext.SaveChanges(Boolean acceptAllChangesOnSuccess)\r\n   at Microsoft.EntityFrameworkCore.DbContext.SaveChanges()\r\n   at EmployeeGrievanceRedressalTests.RepositoryTests.GrievanceRepositoryTest.SeedDatabase() in C:\\Users\\VC\\Desktop\\Capstone Project\\EmployeeGrievanceRedressalSolution\\EmployeeGrievanceRedressalTests\\RepositoryTests\\GrievanceRepositoryTest.cs:line 43\r\n   at EmployeeGrievanceRedressalTests.RepositoryTests.GrievanceRepositoryTest.SetUp() in C:\\Users\\VC\\Desktop\\Capstone Project\\EmployeeGrievanceRedressalSolution\\EmployeeGrievanceRedressalTests\\RepositoryTests\\GrievanceRepositoryTest.cs:line 27\n","DisplayName":"Remove_ShouldRemoveEntitySuccessfully","Messages":[],"ComputerName":"DNXBBX3","Duration":"00:00:00.0006800","StartTime":"2024-08-03T05:53:37.4301977+00:00","EndTime":"2024-08-03T05:53:37.4308776+00:00","Properties":[{"Key":{"Id":"NUnit.Seed","Label":"Seed","Category":"","Description":"","Attributes":0,"ValueType":"System.String"},"Value":"1630888428"}]},{"TestCase":{"Id":"efb9f5a7-061e-fc36-1917-8036508e1138","FullyQualifiedName":"EmployeeGrievanceRedressalTests.RepositoryTests.GrievanceRepositoryTest.Remove_ShouldThrowRepositoryException_WhenExceptionIsThrown","DisplayName":"Remove_ShouldThrowRepositoryException_WhenExceptionIsThrown","ExecutorUri":"executor://NUnit3TestExecutor","Source":"C:\\Users\\VC\\Desktop\\Capstone Project\\EmployeeGrievanceRedressalSolution\\EmployeeGrievanceRedressalTests\\bin\\Debug\\net6.0\\fine-code-coverage\\build-output\\EmployeeGrievanceRedressalTests.dll","CodeFilePath":null,"LineNumber":0,"Properties":[{"Key":{"Id":"NUnit.Seed","Label":"Seed","Category":"","Description":"","Attributes":0,"ValueType":"System.String"},"Value":"1442377362"}]},"Attachments":[],"Outcome":2,"ErrorMessage":"Microsoft.EntityFrameworkCore.DbUpdateException : Required properties '{'Title'}' are missing for the instance of entity type 'Grievance'. Consider using 'DbContextOptionsBuilder.EnableSensitiveDataLogging' to see the entity key value.","ErrorStackTrace":"   at Microsoft.EntityFrameworkCore.InMemory.Storage.Internal.InMemoryTable`1.ThrowNullabilityErrorException(IUpdateEntry entry, IList`1 nullabilityErrors)\r\n   at Microsoft.EntityFrameworkCore.InMemory.Storage.Internal.InMemoryTable`1.Create(IUpdateEntry entry)\r\n   at Microsoft.EntityFrameworkCore.InMemory.Storage.Internal.InMemoryStore.ExecuteTransaction(IList`1 entries, IDiagnosticsLogger`1 updateLogger)\r\n   at Microsoft.EntityFrameworkCore.InMemory.Storage.Internal.InMemoryDatabase.SaveChanges(IList`1 entries)\r\n   at Microsoft.EntityFrameworkCore.ChangeTracking.Internal.StateManager.SaveChanges(IList`1 entriesToSave)\r\n   at Microsoft.EntityFrameworkCore.ChangeTracking.Internal.StateManager.SaveChanges(StateManager stateManager, Boolean acceptAllChangesOnSuccess)\r\n   at Microsoft.EntityFrameworkCore.ChangeTracking.Internal.StateManager.<>c.<SaveChanges>b__104_0(DbContext _, ValueTuple`2 t)\r\n   at Microsoft.EntityFrameworkCore.Storage.NonRetryingExecutionStrategy.Execute[TState,TResult](TState state, Func`3 operation, Func`3 verifySucceeded)\r\n   at Microsoft.EntityFrameworkCore.ChangeTracking.Internal.StateManager.SaveChanges(Boolean acceptAllChangesOnSuccess)\r\n   at Microsoft.EntityFrameworkCore.DbContext.SaveChanges(Boolean acceptAllChangesOnSuccess)\r\n   at Microsoft.EntityFrameworkCore.DbContext.SaveChanges()\r\n   at EmployeeGrievanceRedressalTests.RepositoryTests.GrievanceRepositoryTest.SeedDatabase() in C:\\Users\\VC\\Desktop\\Capstone Project\\EmployeeGrievanceRedressalSolution\\EmployeeGrievanceRedressalTests\\RepositoryTests\\GrievanceRepositoryTest.cs:line 43\r\n   at EmployeeGrievanceRedressalTests.RepositoryTests.GrievanceRepositoryTest.SetUp() in C:\\Users\\VC\\Desktop\\Capstone Project\\EmployeeGrievanceRedressalSolution\\EmployeeGrievanceRedressalTests\\RepositoryTests\\GrievanceRepositoryTest.cs:line 27\n","DisplayName":"Remove_ShouldThrowRepositoryException_WhenExceptionIsThrown","Messages":[],"ComputerName":"DNXBBX3","Duration":"00:00:00.0005509","StartTime":"2024-08-03T05:53:37.4308891+00:00","EndTime":"2024-08-03T05:53:37.4314401+00:00","Properties":[{"Key":{"Id":"NUnit.Seed","Label":"Seed","Category":"","Description":"","Attributes":0,"ValueType":"System.String"},"Value":"1442377362"}]},{"TestCase":{"Id":"22ca0919-d0ab-06a9-3533-5cfe63271999","FullyQualifiedName":"EmployeeGrievanceRedressalTests.RepositoryTests.GrievanceRepositoryTest.Update_ShouldThrowRepositoryException_WhenExceptionIsThrown","DisplayName":"Update_ShouldThrowRepositoryException_WhenExceptionIsThrown","ExecutorUri":"executor://NUnit3TestExecutor","Source":"C:\\Users\\VC\\Desktop\\Capstone Project\\EmployeeGrievanceRedressalSolution\\EmployeeGrievanceRedressalTests\\bin\\Debug\\net6.0\\fine-code-coverage\\build-output\\EmployeeGrievanceRedressalTests.dll","CodeFilePath":null,"LineNumber":0,"Properties":[{"Key":{"Id":"NUnit.Seed","Label":"Seed","Category":"","Description":"","Attributes":0,"ValueType":"System.String"},"Value":"1215821052"}]},"Attachments":[],"Outcome":2,"ErrorMessage":"Microsoft.EntityFrameworkCore.DbUpdateException : Required properties '{'Title'}' are missing for the instance of entity type 'Grievance'. Consider using 'DbContextOptionsBuilder.EnableSensitiveDataLogging' to see the entity key value.","ErrorStackTrace":"   at Microsoft.EntityFrameworkCore.InMemory.Storage.Internal.InMemoryTable`1.ThrowNullabilityErrorException(IUpdateEntry entry, IList`1 nullabilityErrors)\r\n   at Microsoft.EntityFrameworkCore.InMemory.Storage.Internal.InMemoryTable`1.Create(IUpdateEntry entry)\r\n   at Microsoft.EntityFrameworkCore.InMemory.Storage.Internal.InMemoryStore.ExecuteTransaction(IList`1 entries, IDiagnosticsLogger`1 updateLogger)\r\n   at Microsoft.EntityFrameworkCore.InMemory.Storage.Internal.InMemoryDatabase.SaveChanges(IList`1 entries)\r\n   at Microsoft.EntityFrameworkCore.ChangeTracking.Internal.StateManager.SaveChanges(IList`1 entriesToSave)\r\n   at Microsoft.EntityFrameworkCore.ChangeTracking.Internal.StateManager.SaveChanges(StateManager stateManager, Boolean acceptAllChangesOnSuccess)\r\n   at Microsoft.EntityFrameworkCore.ChangeTracking.Internal.StateManager.<>c.<SaveChanges>b__104_0(DbContext _, ValueTuple`2 t)\r\n   at Microsoft.EntityFrameworkCore.Storage.NonRetryingExecutionStrategy.Execute[TState,TResult](TState state, Func`3 operation, Func`3 verifySucceeded)\r\n   at Microsoft.EntityFrameworkCore.ChangeTracking.Internal.StateManager.SaveChanges(Boolean acceptAllChangesOnSuccess)\r\n   at Microsoft.EntityFrameworkCore.DbContext.SaveChanges(Boolean acceptAllChangesOnSuccess)\r\n   at Microsoft.EntityFrameworkCore.DbContext.SaveChanges()\r\n   at EmployeeGrievanceRedressalTests.RepositoryTests.GrievanceRepositoryTest.SeedDatabase() in C:\\Users\\VC\\Desktop\\Capstone Project\\EmployeeGrievanceRedressalSolution\\EmployeeGrievanceRedressalTests\\RepositoryTests\\GrievanceRepositoryTest.cs:line 43\r\n   at EmployeeGrievanceRedressalTests.RepositoryTests.GrievanceRepositoryTest.SetUp() in C:\\Users\\VC\\Desktop\\Capstone Project\\EmployeeGrievanceRedressalSolution\\EmployeeGrievanceRedressalTests\\RepositoryTests\\GrievanceRepositoryTest.cs:line 27\n","DisplayName":"Update_ShouldThrowRepositoryException_WhenExceptionIsThrown","Messages":[],"ComputerName":"DNXBBX3","Duration":"00:00:00.0005140","StartTime":"2024-08-03T05:53:37.4314507+00:00","EndTime":"2024-08-03T05:53:37.4319642+00:00","Properties":[{"Key":{"Id":"NUnit.Seed","Label":"Seed","Category":"","Description":"","Attributes":0,"ValueType":"System.String"},"Value":"1215821052"}]}],"TestRunStatistics":{"ExecutedTests":36,"Stats":{"Passed":27,"Failed":9}},"ActiveTests":[{"Id":"f52fc2a4-d9b3-e235-9a6a-747c924495fe","FullyQualifiedName":"EmployeeGrievanceRedressalTests.RepositoryTests.GrievanceRepositoryTest.Update_ShouldUpdateEntitySuccessfully","DisplayName":"Update_ShouldUpdateEntitySuccessfully","ExecutorUri":"executor://NUnit3TestExecutor","Source":"C:\\Users\\VC\\Desktop\\Capstone Project\\EmployeeGrievanceRedressalSolution\\EmployeeGrievanceRedressalTests\\bin\\Debug\\net6.0\\fine-code-coverage\\build-output\\EmployeeGrievanceRedressalTests.dll","CodeFilePath":null,"LineNumber":0,"Properties":[{"Key":{"Id":"NUnit.Seed","Label":"Seed","Category":"","Description":"","Attributes":0,"ValueType":"System.String"},"Value":"898980929"}]}]}}
TpTrace Verbose: 0 : 31084, 7, 2024/08/03, 11:23:37.475, 6081307253277, vstest.console.dll, TestRunRequest:SendTestRunStatsChange: Starting.
TpTrace Verbose: 0 : 31084, 7, 2024/08/03, 11:23:37.475, 6081307254041, vstest.console.dll, InProgress is Update_ShouldUpdateEntitySuccessfully
TpTrace Verbose: 0 : 31084, 7, 2024/08/03, 11:23:37.475, 6081307254728, vstest.console.dll, MulticastDelegateUtilities.SafeInvoke: TestRun.RunStatsChanged: Invoking callbacks was skipped because there are no subscribers.
TpTrace Information: 0 : 31084, 7, 2024/08/03, 11:23:37.475, 6081307255054, vstest.console.dll, TestRunRequest:SendTestRunStatsChange: Completed.
TpTrace Verbose: 0 : 31084, 7, 2024/08/03, 11:23:37.475, 6081307255403, vstest.console.dll, MulticastDelegateUtilities.SafeInvoke: LengthPrefixCommunicationChannel: MessageReceived: Invoking callback 1/1 for Microsoft.VisualStudio.TestPlatform.CommunicationUtilities.TestRequestSender+<>c__DisplayClass34_0., took 2 ms.
TpTrace Verbose: 0 : 31084, 7, 2024/08/03, 11:23:37.476, 6081307256275, vstest.console.dll, TcpClientExtensions.MessageLoopAsync: Polling on remoteEndPoint: 127.0.0.1:50082 localEndPoint: 127.0.0.1:50081 after 50 ms
TpTrace Verbose: 0 : 31084, 4, 2024/08/03, 11:23:37.476, 6081307261826, vstest.console.dll, MulticastDelegateUtilities.SafeInvoke: InternalTestLoggerEvents.SendTestResult: Invoking callback 1/1 for Microsoft.VisualStudio.TestPlatform.CommandLine.Internal.ConsoleLogger., took 0 ms.
TpTrace Verbose: 0 : 31084, 4, 2024/08/03, 11:23:37.476, 6081307265502, vstest.console.dll, MulticastDelegateUtilities.SafeInvoke: InternalTestLoggerEvents.SendTestResult: Invoking callback 1/1 for Microsoft.VisualStudio.TestPlatform.CommandLine.Internal.ConsoleLogger., took 0 ms.
TpTrace Verbose: 0 : 31084, 4, 2024/08/03, 11:23:37.477, 6081307268746, vstest.console.dll, MulticastDelegateUtilities.SafeInvoke: InternalTestLoggerEvents.SendTestResult: Invoking callback 1/1 for Microsoft.VisualStudio.TestPlatform.CommandLine.Internal.ConsoleLogger., took 0 ms.
TpTrace Verbose: 0 : 31084, 4, 2024/08/03, 11:23:37.477, 6081307271224, vstest.console.dll, MulticastDelegateUtilities.SafeInvoke: InternalTestLoggerEvents.SendTestResult: Invoking callback 1/1 for Microsoft.VisualStudio.TestPlatform.CommandLine.Internal.ConsoleLogger., took 0 ms.
TpTrace Verbose: 0 : 31084, 4, 2024/08/03, 11:23:37.477, 6081307274934, vstest.console.dll, MulticastDelegateUtilities.SafeInvoke: InternalTestLoggerEvents.SendTestResult: Invoking callback 1/1 for Microsoft.VisualStudio.TestPlatform.CommandLine.Internal.ConsoleLogger., took 0 ms.
TpTrace Verbose: 0 : 31084, 4, 2024/08/03, 11:23:37.478, 6081307279594, vstest.console.dll, MulticastDelegateUtilities.SafeInvoke: InternalTestLoggerEvents.SendTestResult: Invoking callback 1/1 for Microsoft.VisualStudio.TestPlatform.CommandLine.Internal.ConsoleLogger., took 0 ms.
TpTrace Verbose: 0 : 31084, 4, 2024/08/03, 11:23:37.478, 6081307283449, vstest.console.dll, MulticastDelegateUtilities.SafeInvoke: InternalTestLoggerEvents.SendTestResult: Invoking callback 1/1 for Microsoft.VisualStudio.TestPlatform.CommandLine.Internal.ConsoleLogger., took 0 ms.
TpTrace Verbose: 0 : 31084, 4, 2024/08/03, 11:23:37.479, 6081307287852, vstest.console.dll, MulticastDelegateUtilities.SafeInvoke: InternalTestLoggerEvents.SendTestResult: Invoking callback 1/1 for Microsoft.VisualStudio.TestPlatform.CommandLine.Internal.ConsoleLogger., took 0 ms.
TpTrace Verbose: 0 : 31084, 4, 2024/08/03, 11:23:37.479, 6081307294405, vstest.console.dll, MulticastDelegateUtilities.SafeInvoke: InternalTestLoggerEvents.SendTestResult: Invoking callback 1/1 for Microsoft.VisualStudio.TestPlatform.CommandLine.Internal.ConsoleLogger., took 0 ms.
TpTrace Verbose: 0 : 31084, 7, 2024/08/03, 11:23:37.554, 6081308038811, vstest.console.dll, TcpClientExtensions.MessageLoopAsync: NotifyDataAvailable remoteEndPoint: 127.0.0.1:50082 localEndPoint: 127.0.0.1:50081
TpTrace Verbose: 0 : 31084, 7, 2024/08/03, 11:23:37.554, 6081308045071, vstest.console.dll, TestRequestSender.OnExecutionMessageReceived: Received message: {"Version":7,"MessageType":"TestExecution.StatsChange","Payload":{"NewTestResults":[{"TestCase":{"Id":"f52fc2a4-d9b3-e235-9a6a-747c924495fe","FullyQualifiedName":"EmployeeGrievanceRedressalTests.RepositoryTests.GrievanceRepositoryTest.Update_ShouldUpdateEntitySuccessfully","DisplayName":"Update_ShouldUpdateEntitySuccessfully","ExecutorUri":"executor://NUnit3TestExecutor","Source":"C:\\Users\\VC\\Desktop\\Capstone Project\\EmployeeGrievanceRedressalSolution\\EmployeeGrievanceRedressalTests\\bin\\Debug\\net6.0\\fine-code-coverage\\build-output\\EmployeeGrievanceRedressalTests.dll","CodeFilePath":null,"LineNumber":0,"Properties":[{"Key":{"Id":"NUnit.Seed","Label":"Seed","Category":"","Description":"","Attributes":0,"ValueType":"System.String"},"Value":"898980929"}]},"Attachments":[],"Outcome":2,"ErrorMessage":"Microsoft.EntityFrameworkCore.DbUpdateException : Required properties '{'Title'}' are missing for the instance of entity type 'Grievance'. Consider using 'DbContextOptionsBuilder.EnableSensitiveDataLogging' to see the entity key value.","ErrorStackTrace":"   at Microsoft.EntityFrameworkCore.InMemory.Storage.Internal.InMemoryTable`1.ThrowNullabilityErrorException(IUpdateEntry entry, IList`1 nullabilityErrors)\r\n   at Microsoft.EntityFrameworkCore.InMemory.Storage.Internal.InMemoryTable`1.Create(IUpdateEntry entry)\r\n   at Microsoft.EntityFrameworkCore.InMemory.Storage.Internal.InMemoryStore.ExecuteTransaction(IList`1 entries, IDiagnosticsLogger`1 updateLogger)\r\n   at Microsoft.EntityFrameworkCore.InMemory.Storage.Internal.InMemoryDatabase.SaveChanges(IList`1 entries)\r\n   at Microsoft.EntityFrameworkCore.ChangeTracking.Internal.StateManager.SaveChanges(IList`1 entriesToSave)\r\n   at Microsoft.EntityFrameworkCore.ChangeTracking.Internal.StateManager.SaveChanges(StateManager stateManager, Boolean acceptAllChangesOnSuccess)\r\n   at Microsoft.EntityFrameworkCore.ChangeTracking.Internal.StateManager.<>c.<SaveChanges>b__104_0(DbContext _, ValueTuple`2 t)\r\n   at Microsoft.EntityFrameworkCore.Storage.NonRetryingExecutionStrategy.Execute[TState,TResult](TState state, Func`3 operation, Func`3 verifySucceeded)\r\n   at Microsoft.EntityFrameworkCore.ChangeTracking.Internal.StateManager.SaveChanges(Boolean acceptAllChangesOnSuccess)\r\n   at Microsoft.EntityFrameworkCore.DbContext.SaveChanges(Boolean acceptAllChangesOnSuccess)\r\n   at Microsoft.EntityFrameworkCore.DbContext.SaveChanges()\r\n   at EmployeeGrievanceRedressalTests.RepositoryTests.GrievanceRepositoryTest.SeedDatabase() in C:\\Users\\VC\\Desktop\\Capstone Project\\EmployeeGrievanceRedressalSolution\\EmployeeGrievanceRedressalTests\\RepositoryTests\\GrievanceRepositoryTest.cs:line 43\r\n   at EmployeeGrievanceRedressalTests.RepositoryTests.GrievanceRepositoryTest.SetUp() in C:\\Users\\VC\\Desktop\\Capstone Project\\EmployeeGrievanceRedressalSolution\\EmployeeGrievanceRedressalTests\\RepositoryTests\\GrievanceRepositoryTest.cs:line 27\n","DisplayName":"Update_ShouldUpdateEntitySuccessfully","Messages":[],"ComputerName":"DNXBBX3","Duration":"00:00:00.0005019","StartTime":"2024-08-03T05:53:37.4319738+00:00","EndTime":"2024-08-03T05:53:37.4324753+00:00","Properties":[{"Key":{"Id":"NUnit.Seed","Label":"Seed","Category":"","Description":"","Attributes":0,"ValueType":"System.String"},"Value":"898980929"}]},{"TestCase":{"Id":"ae3ec34d-1261-5e4f-5923-c10947a79713","FullyQualifiedName":"EmployeeGrievanceRedressalTests.RepositoryTests.RatingRepositoryTest.AddRatingAsync_ShouldAddRating","DisplayName":"AddRatingAsync_ShouldAddRating","ExecutorUri":"executor://NUnit3TestExecutor","Source":"C:\\Users\\VC\\Desktop\\Capstone Project\\EmployeeGrievanceRedressalSolution\\EmployeeGrievanceRedressalTests\\bin\\Debug\\net6.0\\fine-code-coverage\\build-output\\EmployeeGrievanceRedressalTests.dll","CodeFilePath":null,"LineNumber":0,"Properties":[{"Key":{"Id":"NUnit.Seed","Label":"Seed","Category":"","Description":"","Attributes":0,"ValueType":"System.String"},"Value":"1665384853"}]},"Attachments":[],"Outcome":1,"ErrorMessage":null,"ErrorStackTrace":null,"DisplayName":"AddRatingAsync_ShouldAddRating","Messages":[],"ComputerName":"DNXBBX3","Duration":"00:00:00.0538100","StartTime":"2024-08-03T05:53:37.4326264+00:00","EndTime":"2024-08-03T05:53:37.4864358+00:00","Properties":[{"Key":{"Id":"NUnit.Seed","Label":"Seed","Category":"","Description":"","Attributes":0,"ValueType":"System.String"},"Value":"1665384853"}]},{"TestCase":{"Id":"93364a66-4767-c6aa-13d3-47ec94cabe3a","FullyQualifiedName":"EmployeeGrievanceRedressalTests.RepositoryTests.RatingRepositoryTest.AddRatingAsync_ShouldThrowRepositoryException_OnError","DisplayName":"AddRatingAsync_ShouldThrowRepositoryException_OnError","ExecutorUri":"executor://NUnit3TestExecutor","Source":"C:\\Users\\VC\\Desktop\\Capstone Project\\EmployeeGrievanceRedressalSolution\\EmployeeGrievanceRedressalTests\\bin\\Debug\\net6.0\\fine-code-coverage\\build-output\\EmployeeGrievanceRedressalTests.dll","CodeFilePath":null,"LineNumber":0,"Properties":[{"Key":{"Id":"NUnit.Seed","Label":"Seed","Category":"","Description":"","Attributes":0,"ValueType":"System.String"},"Value":"859669420"}]},"Attachments":[],"Outcome":1,"ErrorMessage":null,"ErrorStackTrace":null,"DisplayName":"AddRatingAsync_ShouldThrowRepositoryException_OnError","Messages":[],"ComputerName":"DNXBBX3","Duration":"00:00:00.0037560","StartTime":"2024-08-03T05:53:37.4864701+00:00","EndTime":"2024-08-03T05:53:37.4902261+00:00","Properties":[{"Key":{"Id":"NUnit.Seed","Label":"Seed","Category":"","Description":"","Attributes":0,"ValueType":"System.String"},"Value":"859669420"}]},{"TestCase":{"Id":"8c6c22dc-ca76-cf9a-d1d8-285c6d17cd86","FullyQualifiedName":"EmployeeGrievanceRedressalTests.RepositoryTests.RatingRepositoryTest.GetRatingsBySolverIdAsync_ShouldReturnRatings_WhenRatingsExist","DisplayName":"GetRatingsBySolverIdAsync_ShouldReturnRatings_WhenRatingsExist","ExecutorUri":"executor://NUnit3TestExecutor","Source":"C:\\Users\\VC\\Desktop\\Capstone Project\\EmployeeGrievanceRedressalSolution\\EmployeeGrievanceRedressalTests\\bin\\Debug\\net6.0\\fine-code-coverage\\build-output\\EmployeeGrievanceRedressalTests.dll","CodeFilePath":null,"LineNumber":0,"Properties":[{"Key":{"Id":"NUnit.Seed","Label":"Seed","Category":"","Description":"","Attributes":0,"ValueType":"System.String"},"Value":"186722993"}]},"Attachments":[],"Outcome":1,"ErrorMessage":null,"ErrorStackTrace":null,"DisplayName":"GetRatingsBySolverIdAsync_ShouldReturnRatings_WhenRatingsExist","Messages":[],"ComputerName":"DNXBBX3","Duration":"00:00:00.0013180","StartTime":"2024-08-03T05:53:37.4902513+00:00","EndTime":"2024-08-03T05:53:37.4915691+00:00","Properties":[{"Key":{"Id":"NUnit.Seed","Label":"Seed","Category":"","Description":"","Attributes":0,"ValueType":"System.String"},"Value":"186722993"}]},{"TestCase":{"Id":"56d6c577-e368-4493-1075-5df77af100d1","FullyQualifiedName":"EmployeeGrievanceRedressalTests.RepositoryTests.RatingRepositoryTest.GetRatingsBySolverIdAsync_ShouldThrowEntityNotFoundException_WhenNoRatingsExist","DisplayName":"GetRatingsBySolverIdAsync_ShouldThrowEntityNotFoundException_WhenNoRatingsExist","ExecutorUri":"executor://NUnit3TestExecutor","Source":"C:\\Users\\VC\\Desktop\\Capstone Project\\EmployeeGrievanceRedressalSolution\\EmployeeGrievanceRedressalTests\\bin\\Debug\\net6.0\\fine-code-coverage\\build-output\\EmployeeGrievanceRedressalTests.dll","CodeFilePath":null,"LineNumber":0,"Properties":[{"Key":{"Id":"NUnit.Seed","Label":"Seed","Category":"","Description":"","Attributes":0,"ValueType":"System.String"},"Value":"1571060858"}]},"Attachments":[],"Outcome":1,"ErrorMessage":null,"ErrorStackTrace":null,"DisplayName":"GetRatingsBySolverIdAsync_ShouldThrowEntityNotFoundException_WhenNoRatingsExist","Messages":[],"ComputerName":"DNXBBX3","Duration":"00:00:00.0012600","StartTime":"2024-08-03T05:53:37.4915852+00:00","EndTime":"2024-08-03T05:53:37.492845+00:00","Properties":[{"Key":{"Id":"NUnit.Seed","Label":"Seed","Category":"","Description":"","Attributes":0,"ValueType":"System.String"},"Value":"1571060858"}]},{"TestCase":{"Id":"8b07a8f7-4f98-e1b6-f8ec-e99be25a3752","FullyQualifiedName":"EmployeeGrievanceRedressalTests.RepositoryTests.SolutionRepositoryTest.GetAllSolutionswithSolver_ShouldHandleEmptyDocumentUrls","DisplayName":"GetAllSolutionswithSolver_ShouldHandleEmptyDocumentUrls","ExecutorUri":"executor://NUnit3TestExecutor","Source":"C:\\Users\\VC\\Desktop\\Capstone Project\\EmployeeGrievanceRedressalSolution\\EmployeeGrievanceRedressalTests\\bin\\Debug\\net6.0\\fine-code-coverage\\build-output\\EmployeeGrievanceRedressalTests.dll","CodeFilePath":null,"LineNumber":0,"Properties":[{"Key":{"Id":"NUnit.Seed","Label":"Seed","Category":"","Description":"","Attributes":0,"ValueType":"System.String"},"Value":"810670450"}]},"Attachments":[],"Outcome":1,"ErrorMessage":null,"ErrorStackTrace":null,"DisplayName":"GetAllSolutionswithSolver_ShouldHandleEmptyDocumentUrls","Messages":[],"ComputerName":"DNXBBX3","Duration":"00:00:00.0410610","StartTime":"2024-08-03T05:53:37.4929527+00:00","EndTime":"2024-08-03T05:53:37.5340129+00:00","Properties":[{"Key":{"Id":"NUnit.Seed","Label":"Seed","Category":"","Description":"","Attributes":0,"ValueType":"System.String"},"Value":"810670450"}]},{"TestCase":{"Id":"642bb900-d2e4-0c97-7ebb-e394bca5d04e","FullyQualifiedName":"EmployeeGrievanceRedressalTests.RepositoryTests.SolutionRepositoryTest.GetAllSolutionswithSolver_ShouldHandleMultipleSolutionsCorrectly","DisplayName":"GetAllSolutionswithSolver_ShouldHandleMultipleSolutionsCorrectly","ExecutorUri":"executor://NUnit3TestExecutor","Source":"C:\\Users\\VC\\Desktop\\Capstone Project\\EmployeeGrievanceRedressalSolution\\EmployeeGrievanceRedressalTests\\bin\\Debug\\net6.0\\fine-code-coverage\\build-output\\EmployeeGrievanceRedressalTests.dll","CodeFilePath":null,"LineNumber":0,"Properties":[{"Key":{"Id":"NUnit.Seed","Label":"Seed","Category":"","Description":"","Attributes":0,"ValueType":"System.String"},"Value":"482501391"}]},"Attachments":[],"Outcome":1,"ErrorMessage":null,"ErrorStackTrace":null,"DisplayName":"GetAllSolutionswithSolver_ShouldHandleMultipleSolutionsCorrectly","Messages":[],"ComputerName":"DNXBBX3","Duration":"00:00:00.0014170","StartTime":"2024-08-03T05:53:37.5340437+00:00","EndTime":"2024-08-03T05:53:37.5354599+00:00","Properties":[{"Key":{"Id":"NUnit.Seed","Label":"Seed","Category":"","Description":"","Attributes":0,"ValueType":"System.String"},"Value":"482501391"}]},{"TestCase":{"Id":"68d02a87-9cd6-6db4-4031-6f21bc219679","FullyQualifiedName":"EmployeeGrievanceRedressalTests.RepositoryTests.SolutionRepositoryTest.GetAllSolutionswithSolver_ShouldReturnAllSolutionsWithSolvers","DisplayName":"GetAllSolutionswithSolver_ShouldReturnAllSolutionsWithSolvers","ExecutorUri":"executor://NUnit3TestExecutor","Source":"C:\\Users\\VC\\Desktop\\Capstone Project\\EmployeeGrievanceRedressalSolution\\EmployeeGrievanceRedressalTests\\bin\\Debug\\net6.0\\fine-code-coverage\\build-output\\EmployeeGrievanceRedressalTests.dll","CodeFilePath":null,"LineNumber":0,"Properties":[{"Key":{"Id":"NUnit.Seed","Label":"Seed","Category":"","Description":"","Attributes":0,"ValueType":"System.String"},"Value":"1765202985"}]},"Attachments":[],"Outcome":1,"ErrorMessage":null,"ErrorStackTrace":null,"DisplayName":"GetAllSolutionswithSolver_ShouldReturnAllSolutionsWithSolvers","Messages":[],"ComputerName":"DNXBBX3","Duration":"00:00:00.0018080","StartTime":"2024-08-03T05:53:37.5354796+00:00","EndTime":"2024-08-03T05:53:37.5372877+00:00","Properties":[{"Key":{"Id":"NUnit.Seed","Label":"Seed","Category":"","Description":"","Attributes":0,"ValueType":"System.String"},"Value":"1765202985"}]},{"TestCase":{"Id":"1f0eae05-8665-6b82-89aa-91e14501ac41","FullyQualifiedName":"EmployeeGrievanceRedressalTests.RepositoryTests.SolutionRepositoryTest.GetAllSolutionswithSolver_ShouldThrowEntityNotFoundException_WhenNoSolutionsExist","DisplayName":"GetAllSolutionswithSolver_ShouldThrowEntityNotFoundException_WhenNoSolutionsExist","ExecutorUri":"executor://NUnit3TestExecutor","Source":"C:\\Users\\VC\\Desktop\\Capstone Project\\EmployeeGrievanceRedressalSolution\\EmployeeGrievanceRedressalTests\\bin\\Debug\\net6.0\\fine-code-coverage\\build-output\\EmployeeGrievanceRedressalTests.dll","CodeFilePath":null,"LineNumber":0,"Properties":[{"Key":{"Id":"NUnit.Seed","Label":"Seed","Category":"","Description":"","Attributes":0,"ValueType":"System.String"},"Value":"712380231"}]},"Attachments":[],"Outcome":1,"ErrorMessage":null,"ErrorStackTrace":null,"DisplayName":"GetAllSolutionswithSolver_ShouldThrowEntityNotFoundException_WhenNoSolutionsExist","Messages":[],"ComputerName":"DNXBBX3","Duration":"00:00:00.0139280","StartTime":"2024-08-03T05:53:37.5373047+00:00","EndTime":"2024-08-03T05:53:37.5512321+00:00","Properties":[{"Key":{"Id":"NUnit.Seed","Label":"Seed","Category":"","Description":"","Attributes":0,"ValueType":"System.String"},"Value":"712380231"}]}],"TestRunStatistics":{"ExecutedTests":45,"Stats":{"Passed":35,"Failed":10}},"ActiveTests":[{"Id":"b880e68e-2b5f-1e8b-9589-b9f4c8b0f2c6","FullyQualifiedName":"EmployeeGrievanceRedressalTests.RepositoryTests.SolutionRepositoryTest.GetSolutionByIdwithSolver_ShouldHandleSolutionWithMultipleDocumentUrls","DisplayName":"GetSolutionByIdwithSolver_ShouldHandleSolutionWithMultipleDocumentUrls","ExecutorUri":"executor://NUnit3TestExecutor","Source":"C:\\Users\\VC\\Desktop\\Capstone Project\\EmployeeGrievanceRedressalSolution\\EmployeeGrievanceRedressalTests\\bin\\Debug\\net6.0\\fine-code-coverage\\build-output\\EmployeeGrievanceRedressalTests.dll","CodeFilePath":null,"LineNumber":0,"Properties":[{"Key":{"Id":"NUnit.Seed","Label":"Seed","Category":"","Description":"","Attributes":0,"ValueType":"System.String"},"Value":"480119103"}]}]}}
TpTrace Verbose: 0 : 31084, 7, 2024/08/03, 11:23:37.556, 6081308063656, vstest.console.dll, TestRunRequest:SendTestRunStatsChange: Starting.
TpTrace Verbose: 0 : 31084, 7, 2024/08/03, 11:23:37.556, 6081308064504, vstest.console.dll, InProgress is GetSolutionByIdwithSolver_ShouldHandleSolutionWithMultipleDocumentUrls
TpTrace Verbose: 0 : 31084, 7, 2024/08/03, 11:23:37.556, 6081308065275, vstest.console.dll, MulticastDelegateUtilities.SafeInvoke: TestRun.RunStatsChanged: Invoking callbacks was skipped because there are no subscribers.
TpTrace Information: 0 : 31084, 7, 2024/08/03, 11:23:37.556, 6081308065700, vstest.console.dll, TestRunRequest:SendTestRunStatsChange: Completed.
TpTrace Verbose: 0 : 31084, 7, 2024/08/03, 11:23:37.556, 6081308066055, vstest.console.dll, MulticastDelegateUtilities.SafeInvoke: LengthPrefixCommunicationChannel: MessageReceived: Invoking callback 1/1 for Microsoft.VisualStudio.TestPlatform.CommunicationUtilities.TestRequestSender+<>c__DisplayClass34_0., took 2 ms.
TpTrace Verbose: 0 : 31084, 7, 2024/08/03, 11:23:37.557, 6081308066447, vstest.console.dll, TcpClientExtensions.MessageLoopAsync: Polling on remoteEndPoint: 127.0.0.1:50082 localEndPoint: 127.0.0.1:50081 after 80 ms
TpTrace Verbose: 0 : 31084, 4, 2024/08/03, 11:23:37.557, 6081308068814, vstest.console.dll, MulticastDelegateUtilities.SafeInvoke: InternalTestLoggerEvents.SendTestResult: Invoking callback 1/1 for Microsoft.VisualStudio.TestPlatform.CommandLine.Internal.ConsoleLogger., took 0 ms.
TpTrace Verbose: 0 : 31084, 4, 2024/08/03, 11:23:37.557, 6081308069884, vstest.console.dll, MulticastDelegateUtilities.SafeInvoke: InternalTestLoggerEvents.SendTestResult: Invoking callback 1/1 for Microsoft.VisualStudio.TestPlatform.CommandLine.Internal.ConsoleLogger., took 0 ms.
TpTrace Verbose: 0 : 31084, 4, 2024/08/03, 11:23:37.557, 6081308070548, vstest.console.dll, MulticastDelegateUtilities.SafeInvoke: InternalTestLoggerEvents.SendTestResult: Invoking callback 1/1 for Microsoft.VisualStudio.TestPlatform.CommandLine.Internal.ConsoleLogger., took 0 ms.
TpTrace Verbose: 0 : 31084, 4, 2024/08/03, 11:23:37.557, 6081308072047, vstest.console.dll, MulticastDelegateUtilities.SafeInvoke: InternalTestLoggerEvents.SendTestResult: Invoking callback 1/1 for Microsoft.VisualStudio.TestPlatform.CommandLine.Internal.ConsoleLogger., took 0 ms.
TpTrace Verbose: 0 : 31084, 4, 2024/08/03, 11:23:37.557, 6081308073142, vstest.console.dll, MulticastDelegateUtilities.SafeInvoke: InternalTestLoggerEvents.SendTestResult: Invoking callback 1/1 for Microsoft.VisualStudio.TestPlatform.CommandLine.Internal.ConsoleLogger., took 0 ms.
TpTrace Verbose: 0 : 31084, 4, 2024/08/03, 11:23:37.557, 6081308074256, vstest.console.dll, MulticastDelegateUtilities.SafeInvoke: InternalTestLoggerEvents.SendTestResult: Invoking callback 1/1 for Microsoft.VisualStudio.TestPlatform.CommandLine.Internal.ConsoleLogger., took 0 ms.
TpTrace Verbose: 0 : 31084, 4, 2024/08/03, 11:23:37.557, 6081308075375, vstest.console.dll, MulticastDelegateUtilities.SafeInvoke: InternalTestLoggerEvents.SendTestResult: Invoking callback 1/1 for Microsoft.VisualStudio.TestPlatform.CommandLine.Internal.ConsoleLogger., took 0 ms.
TpTrace Verbose: 0 : 31084, 4, 2024/08/03, 11:23:37.557, 6081308075942, vstest.console.dll, MulticastDelegateUtilities.SafeInvoke: InternalTestLoggerEvents.SendTestResult: Invoking callback 1/1 for Microsoft.VisualStudio.TestPlatform.CommandLine.Internal.ConsoleLogger., took 0 ms.
TpTrace Verbose: 0 : 31084, 4, 2024/08/03, 11:23:37.558, 6081308076479, vstest.console.dll, MulticastDelegateUtilities.SafeInvoke: InternalTestLoggerEvents.SendTestResult: Invoking callback 1/1 for Microsoft.VisualStudio.TestPlatform.CommandLine.Internal.ConsoleLogger., took 0 ms.
TpTrace Verbose: 0 : 31084, 7, 2024/08/03, 11:23:37.602, 6081308521115, vstest.console.dll, TcpClientExtensions.MessageLoopAsync: NotifyDataAvailable remoteEndPoint: 127.0.0.1:50082 localEndPoint: 127.0.0.1:50081
TpTrace Verbose: 0 : 31084, 7, 2024/08/03, 11:23:37.603, 6081308527448, vstest.console.dll, TestRequestSender.OnExecutionMessageReceived: Received message: {"Version":7,"MessageType":"TestExecution.StatsChange","Payload":{"NewTestResults":[{"TestCase":{"Id":"b880e68e-2b5f-1e8b-9589-b9f4c8b0f2c6","FullyQualifiedName":"EmployeeGrievanceRedressalTests.RepositoryTests.SolutionRepositoryTest.GetSolutionByIdwithSolver_ShouldHandleSolutionWithMultipleDocumentUrls","DisplayName":"GetSolutionByIdwithSolver_ShouldHandleSolutionWithMultipleDocumentUrls","ExecutorUri":"executor://NUnit3TestExecutor","Source":"C:\\Users\\VC\\Desktop\\Capstone Project\\EmployeeGrievanceRedressalSolution\\EmployeeGrievanceRedressalTests\\bin\\Debug\\net6.0\\fine-code-coverage\\build-output\\EmployeeGrievanceRedressalTests.dll","CodeFilePath":null,"LineNumber":0,"Properties":[{"Key":{"Id":"NUnit.Seed","Label":"Seed","Category":"","Description":"","Attributes":0,"ValueType":"System.String"},"Value":"480119103"}]},"Attachments":[],"Outcome":1,"ErrorMessage":null,"ErrorStackTrace":null,"DisplayName":"GetSolutionByIdwithSolver_ShouldHandleSolutionWithMultipleDocumentUrls","Messages":[],"ComputerName":"DNXBBX3","Duration":"00:00:00.0169069","StartTime":"2024-08-03T05:53:37.5512772+00:00","EndTime":"2024-08-03T05:53:37.5681841+00:00","Properties":[{"Key":{"Id":"NUnit.Seed","Label":"Seed","Category":"","Description":"","Attributes":0,"ValueType":"System.String"},"Value":"480119103"}]},{"TestCase":{"Id":"ca109607-4be1-bb76-a805-8e8ab1889a1a","FullyQualifiedName":"EmployeeGrievanceRedressalTests.RepositoryTests.SolutionRepositoryTest.GetSolutionByIdwithSolver_ShouldReturnCorrectSolverDetails","DisplayName":"GetSolutionByIdwithSolver_ShouldReturnCorrectSolverDetails","ExecutorUri":"executor://NUnit3TestExecutor","Source":"C:\\Users\\VC\\Desktop\\Capstone Project\\EmployeeGrievanceRedressalSolution\\EmployeeGrievanceRedressalTests\\bin\\Debug\\net6.0\\fine-code-coverage\\build-output\\EmployeeGrievanceRedressalTests.dll","CodeFilePath":null,"LineNumber":0,"Properties":[{"Key":{"Id":"NUnit.Seed","Label":"Seed","Category":"","Description":"","Attributes":0,"ValueType":"System.String"},"Value":"1482181372"}]},"Attachments":[],"Outcome":1,"ErrorMessage":null,"ErrorStackTrace":null,"DisplayName":"GetSolutionByIdwithSolver_ShouldReturnCorrectSolverDetails","Messages":[],"ComputerName":"DNXBBX3","Duration":"00:00:00.0015770","StartTime":"2024-08-03T05:53:37.5682178+00:00","EndTime":"2024-08-03T05:53:37.5697946+00:00","Properties":[{"Key":{"Id":"NUnit.Seed","Label":"Seed","Category":"","Description":"","Attributes":0,"ValueType":"System.String"},"Value":"1482181372"}]},{"TestCase":{"Id":"15428ed5-e6a9-4126-00f1-6dc762109580","FullyQualifiedName":"EmployeeGrievanceRedressalTests.RepositoryTests.SolutionRepositoryTest.GetSolutionByIdwithSolver_ShouldReturnSolutionWithEmptyDocumentUrls","DisplayName":"GetSolutionByIdwithSolver_ShouldReturnSolutionWithEmptyDocumentUrls","ExecutorUri":"executor://NUnit3TestExecutor","Source":"C:\\Users\\VC\\Desktop\\Capstone Project\\EmployeeGrievanceRedressalSolution\\EmployeeGrievanceRedressalTests\\bin\\Debug\\net6.0\\fine-code-coverage\\build-output\\EmployeeGrievanceRedressalTests.dll","CodeFilePath":null,"LineNumber":0,"Properties":[{"Key":{"Id":"NUnit.Seed","Label":"Seed","Category":"","Description":"","Attributes":0,"ValueType":"System.String"},"Value":"32821233"}]},"Attachments":[],"Outcome":1,"ErrorMessage":null,"ErrorStackTrace":null,"DisplayName":"GetSolutionByIdwithSolver_ShouldReturnSolutionWithEmptyDocumentUrls","Messages":[],"ComputerName":"DNXBBX3","Duration":"00:00:00.0015820","StartTime":"2024-08-03T05:53:37.5698125+00:00","EndTime":"2024-08-03T05:53:37.5713943+00:00","Properties":[{"Key":{"Id":"NUnit.Seed","Label":"Seed","Category":"","Description":"","Attributes":0,"ValueType":"System.String"},"Value":"32821233"}]},{"TestCase":{"Id":"1b3d0c97-25c9-daee-f6c3-4a4b97d34578","FullyQualifiedName":"EmployeeGrievanceRedressalTests.RepositoryTests.SolutionRepositoryTest.GetSolutionByIdwithSolver_ShouldReturnSolutionWithSolver_WhenSolutionExists","DisplayName":"GetSolutionByIdwithSolver_ShouldReturnSolutionWithSolver_WhenSolutionExists","ExecutorUri":"executor://NUnit3TestExecutor","Source":"C:\\Users\\VC\\Desktop\\Capstone Project\\EmployeeGrievanceRedressalSolution\\EmployeeGrievanceRedressalTests\\bin\\Debug\\net6.0\\fine-code-coverage\\build-output\\EmployeeGrievanceRedressalTests.dll","CodeFilePath":null,"LineNumber":0,"Properties":[{"Key":{"Id":"NUnit.Seed","Label":"Seed","Category":"","Description":"","Attributes":0,"ValueType":"System.String"},"Value":"1938717417"}]},"Attachments":[],"Outcome":1,"ErrorMessage":null,"ErrorStackTrace":null,"DisplayName":"GetSolutionByIdwithSolver_ShouldReturnSolutionWithSolver_WhenSolutionExists","Messages":[],"ComputerName":"DNXBBX3","Duration":"00:00:00.0013670","StartTime":"2024-08-03T05:53:37.5714233+00:00","EndTime":"2024-08-03T05:53:37.5727902+00:00","Properties":[{"Key":{"Id":"NUnit.Seed","Label":"Seed","Category":"","Description":"","Attributes":0,"ValueType":"System.String"},"Value":"1938717417"}]},{"TestCase":{"Id":"87029b99-5a45-75ae-74be-beb65c3a4663","FullyQualifiedName":"EmployeeGrievanceRedressalTests.RepositoryTests.SolutionRepositoryTest.GetSolutionByIdwithSolver_ShouldThrowEntityNotFoundException_WhenSolutionDoesNotExist","DisplayName":"GetSolutionByIdwithSolver_ShouldThrowEntityNotFoundException_WhenSolutionDoesNotExist","ExecutorUri":"executor://NUnit3TestExecutor","Source":"C:\\Users\\VC\\Desktop\\Capstone Project\\EmployeeGrievanceRedressalSolution\\EmployeeGrievanceRedressalTests\\bin\\Debug\\net6.0\\fine-code-coverage\\build-output\\EmployeeGrievanceRedressalTests.dll","CodeFilePath":null,"LineNumber":0,"Properties":[{"Key":{"Id":"NUnit.Seed","Label":"Seed","Category":"","Description":"","Attributes":0,"ValueType":"System.String"},"Value":"1258982150"}]},"Attachments":[],"Outcome":1,"ErrorMessage":null,"ErrorStackTrace":null,"DisplayName":"GetSolutionByIdwithSolver_ShouldThrowEntityNotFoundException_WhenSolutionDoesNotExist","Messages":[],"ComputerName":"DNXBBX3","Duration":"00:00:00.0019480","StartTime":"2024-08-03T05:53:37.5728077+00:00","EndTime":"2024-08-03T05:53:37.5747551+00:00","Properties":[{"Key":{"Id":"NUnit.Seed","Label":"Seed","Category":"","Description":"","Attributes":0,"ValueType":"System.String"},"Value":"1258982150"}]},{"TestCase":{"Id":"5c5d6253-bc93-806a-a2f8-7b64a5529ccb","FullyQualifiedName":"EmployeeGrievanceRedressalTests.RepositoryTests.UserRepositoryTest.Add_ShouldAddEntitySuccessfully","DisplayName":"Add_ShouldAddEntitySuccessfully","ExecutorUri":"executor://NUnit3TestExecutor","Source":"C:\\Users\\VC\\Desktop\\Capstone Project\\EmployeeGrievanceRedressalSolution\\EmployeeGrievanceRedressalTests\\bin\\Debug\\net6.0\\fine-code-coverage\\build-output\\EmployeeGrievanceRedressalTests.dll","CodeFilePath":null,"LineNumber":0,"Properties":[{"Key":{"Id":"NUnit.Seed","Label":"Seed","Category":"","Description":"","Attributes":0,"ValueType":"System.String"},"Value":"1901209630"}]},"Attachments":[],"Outcome":1,"ErrorMessage":null,"ErrorStackTrace":null,"DisplayName":"Add_ShouldAddEntitySuccessfully","Messages":[],"ComputerName":"DNXBBX3","Duration":"00:00:00.0015800","StartTime":"2024-08-03T05:53:37.574867+00:00","EndTime":"2024-08-03T05:53:37.5764471+00:00","Properties":[{"Key":{"Id":"NUnit.Seed","Label":"Seed","Category":"","Description":"","Attributes":0,"ValueType":"System.String"},"Value":"1901209630"}]},{"TestCase":{"Id":"58acdf1b-5312-2cfe-2f82-e8d570146f8b","FullyQualifiedName":"EmployeeGrievanceRedressalTests.RepositoryTests.UserRepositoryTest.Add_ShouldThrowRepositoryException_WhenExceptionIsThrown","DisplayName":"Add_ShouldThrowRepositoryException_WhenExceptionIsThrown","ExecutorUri":"executor://NUnit3TestExecutor","Source":"C:\\Users\\VC\\Desktop\\Capstone Project\\EmployeeGrievanceRedressalSolution\\EmployeeGrievanceRedressalTests\\bin\\Debug\\net6.0\\fine-code-coverage\\build-output\\EmployeeGrievanceRedressalTests.dll","CodeFilePath":null,"LineNumber":0,"Properties":[{"Key":{"Id":"NUnit.Seed","Label":"Seed","Category":"","Description":"","Attributes":0,"ValueType":"System.String"},"Value":"1536039698"}]},"Attachments":[],"Outcome":1,"ErrorMessage":null,"ErrorStackTrace":null,"DisplayName":"Add_ShouldThrowRepositoryException_WhenExceptionIsThrown","Messages":[],"ComputerName":"DNXBBX3","Duration":"00:00:00.0012680","StartTime":"2024-08-03T05:53:37.5764658+00:00","EndTime":"2024-08-03T05:53:37.5777332+00:00","Properties":[{"Key":{"Id":"NUnit.Seed","Label":"Seed","Category":"","Description":"","Attributes":0,"ValueType":"System.String"},"Value":"1536039698"}]},{"TestCase":{"Id":"753478e3-cf9c-c97b-301c-9fa04cecf906","FullyQualifiedName":"EmployeeGrievanceRedressalTests.RepositoryTests.UserRepositoryTest.GetAllAsync_ShouldReturnAllEntities","DisplayName":"GetAllAsync_ShouldReturnAllEntities","ExecutorUri":"executor://NUnit3TestExecutor","Source":"C:\\Users\\VC\\Desktop\\Capstone Project\\EmployeeGrievanceRedressalSolution\\EmployeeGrievanceRedressalTests\\bin\\Debug\\net6.0\\fine-code-coverage\\build-output\\EmployeeGrievanceRedressalTests.dll","CodeFilePath":null,"LineNumber":0,"Properties":[{"Key":{"Id":"NUnit.Seed","Label":"Seed","Category":"","Description":"","Attributes":0,"ValueType":"System.String"},"Value":"474605026"}]},"Attachments":[],"Outcome":1,"ErrorMessage":null,"ErrorStackTrace":null,"DisplayName":"GetAllAsync_ShouldReturnAllEntities","Messages":[],"ComputerName":"DNXBBX3","Duration":"00:00:00.0009720","StartTime":"2024-08-03T05:53:37.5777937+00:00","EndTime":"2024-08-03T05:53:37.578765+00:00","Properties":[{"Key":{"Id":"NUnit.Seed","Label":"Seed","Category":"","Description":"","Attributes":0,"ValueType":"System.String"},"Value":"474605026"}]},{"TestCase":{"Id":"57d6c8b1-75b4-e89b-a773-5392ce8fc762","FullyQualifiedName":"EmployeeGrievanceRedressalTests.RepositoryTests.UserRepositoryTest.GetAllAsync_ShouldThrowEntityNotFoundException_WhenNoEntitiesExist","DisplayName":"GetAllAsync_ShouldThrowEntityNotFoundException_WhenNoEntitiesExist","ExecutorUri":"executor://NUnit3TestExecutor","Source":"C:\\Users\\VC\\Desktop\\Capstone Project\\EmployeeGrievanceRedressalSolution\\EmployeeGrievanceRedressalTests\\bin\\Debug\\net6.0\\fine-code-coverage\\build-output\\EmployeeGrievanceRedressalTests.dll","CodeFilePath":null,"LineNumber":0,"Properties":[{"Key":{"Id":"NUnit.Seed","Label":"Seed","Category":"","Description":"","Attributes":0,"ValueType":"System.String"},"Value":"1619152270"}]},"Attachments":[],"Outcome":1,"ErrorMessage":null,"ErrorStackTrace":null,"DisplayName":"GetAllAsync_ShouldThrowEntityNotFoundException_WhenNoEntitiesExist","Messages":[],"ComputerName":"DNXBBX3","Duration":"00:00:00.0080680","StartTime":"2024-08-03T05:53:37.5787793+00:00","EndTime":"2024-08-03T05:53:37.5868467+00:00","Properties":[{"Key":{"Id":"NUnit.Seed","Label":"Seed","Category":"","Description":"","Attributes":0,"ValueType":"System.String"},"Value":"1619152270"}]}],"TestRunStatistics":{"ExecutedTests":54,"Stats":{"Passed":44,"Failed":10}},"ActiveTests":[{"Id":"d0b64d24-70ad-517a-ef10-92cacae062d1","FullyQualifiedName":"EmployeeGrievanceRedressalTests.RepositoryTests.UserRepositoryTest.GetByIdAsync_ShouldReturnEntity_WhenEntityExists","DisplayName":"GetByIdAsync_ShouldReturnEntity_WhenEntityExists","ExecutorUri":"executor://NUnit3TestExecutor","Source":"C:\\Users\\VC\\Desktop\\Capstone Project\\EmployeeGrievanceRedressalSolution\\EmployeeGrievanceRedressalTests\\bin\\Debug\\net6.0\\fine-code-coverage\\build-output\\EmployeeGrievanceRedressalTests.dll","CodeFilePath":null,"LineNumber":0,"Properties":[{"Key":{"Id":"NUnit.Seed","Label":"Seed","Category":"","Description":"","Attributes":0,"ValueType":"System.String"},"Value":"1252686628"}]}]}}
TpTrace Verbose: 0 : 31084, 7, 2024/08/03, 11:23:37.605, 6081308546650, vstest.console.dll, TestRunRequest:SendTestRunStatsChange: Starting.
TpTrace Verbose: 0 : 31084, 7, 2024/08/03, 11:23:37.605, 6081308547617, vstest.console.dll, InProgress is GetByIdAsync_ShouldReturnEntity_WhenEntityExists
TpTrace Verbose: 0 : 31084, 7, 2024/08/03, 11:23:37.605, 6081308548580, vstest.console.dll, MulticastDelegateUtilities.SafeInvoke: TestRun.RunStatsChanged: Invoking callbacks was skipped because there are no subscribers.
TpTrace Information: 0 : 31084, 7, 2024/08/03, 11:23:37.605, 6081308549012, vstest.console.dll, TestRunRequest:SendTestRunStatsChange: Completed.
TpTrace Verbose: 0 : 31084, 4, 2024/08/03, 11:23:37.605, 6081308549204, vstest.console.dll, MulticastDelegateUtilities.SafeInvoke: InternalTestLoggerEvents.SendTestResult: Invoking callback 1/1 for Microsoft.VisualStudio.TestPlatform.CommandLine.Internal.ConsoleLogger., took 0 ms.
TpTrace Verbose: 0 : 31084, 7, 2024/08/03, 11:23:37.605, 6081308550052, vstest.console.dll, MulticastDelegateUtilities.SafeInvoke: LengthPrefixCommunicationChannel: MessageReceived: Invoking callback 1/1 for Microsoft.VisualStudio.TestPlatform.CommunicationUtilities.TestRequestSender+<>c__DisplayClass34_0., took 2 ms.
TpTrace Verbose: 0 : 31084, 4, 2024/08/03, 11:23:37.605, 6081308551411, vstest.console.dll, MulticastDelegateUtilities.SafeInvoke: InternalTestLoggerEvents.SendTestResult: Invoking callback 1/1 for Microsoft.VisualStudio.TestPlatform.CommandLine.Internal.ConsoleLogger., took 0 ms.
TpTrace Verbose: 0 : 31084, 7, 2024/08/03, 11:23:37.605, 6081308552623, vstest.console.dll, TcpClientExtensions.MessageLoopAsync: Polling on remoteEndPoint: 127.0.0.1:50082 localEndPoint: 127.0.0.1:50081 after 48 ms
TpTrace Verbose: 0 : 31084, 4, 2024/08/03, 11:23:37.605, 6081308554589, vstest.console.dll, MulticastDelegateUtilities.SafeInvoke: InternalTestLoggerEvents.SendTestResult: Invoking callback 1/1 for Microsoft.VisualStudio.TestPlatform.CommandLine.Internal.ConsoleLogger., took 0 ms.
TpTrace Verbose: 0 : 31084, 4, 2024/08/03, 11:23:37.606, 6081308556321, vstest.console.dll, MulticastDelegateUtilities.SafeInvoke: InternalTestLoggerEvents.SendTestResult: Invoking callback 1/1 for Microsoft.VisualStudio.TestPlatform.CommandLine.Internal.ConsoleLogger., took 0 ms.
TpTrace Verbose: 0 : 31084, 4, 2024/08/03, 11:23:37.606, 6081308559537, vstest.console.dll, MulticastDelegateUtilities.SafeInvoke: InternalTestLoggerEvents.SendTestResult: Invoking callback 1/1 for Microsoft.VisualStudio.TestPlatform.CommandLine.Internal.ConsoleLogger., took 0 ms.
TpTrace Verbose: 0 : 31084, 4, 2024/08/03, 11:23:37.606, 6081308560731, vstest.console.dll, MulticastDelegateUtilities.SafeInvoke: InternalTestLoggerEvents.SendTestResult: Invoking callback 1/1 for Microsoft.VisualStudio.TestPlatform.CommandLine.Internal.ConsoleLogger., took 0 ms.
TpTrace Verbose: 0 : 31084, 4, 2024/08/03, 11:23:37.606, 6081308561435, vstest.console.dll, MulticastDelegateUtilities.SafeInvoke: InternalTestLoggerEvents.SendTestResult: Invoking callback 1/1 for Microsoft.VisualStudio.TestPlatform.CommandLine.Internal.ConsoleLogger., took 0 ms.
TpTrace Verbose: 0 : 31084, 4, 2024/08/03, 11:23:37.606, 6081308562712, vstest.console.dll, MulticastDelegateUtilities.SafeInvoke: InternalTestLoggerEvents.SendTestResult: Invoking callback 1/1 for Microsoft.VisualStudio.TestPlatform.CommandLine.Internal.ConsoleLogger., took 0 ms.
TpTrace Verbose: 0 : 31084, 4, 2024/08/03, 11:23:37.606, 6081308563422, vstest.console.dll, MulticastDelegateUtilities.SafeInvoke: InternalTestLoggerEvents.SendTestResult: Invoking callback 1/1 for Microsoft.VisualStudio.TestPlatform.CommandLine.Internal.ConsoleLogger., took 0 ms.
TpTrace Verbose: 0 : 31084, 7, 2024/08/03, 11:23:37.649, 6081308992947, vstest.console.dll, TcpClientExtensions.MessageLoopAsync: NotifyDataAvailable remoteEndPoint: 127.0.0.1:50082 localEndPoint: 127.0.0.1:50081
TpTrace Verbose: 0 : 31084, 7, 2024/08/03, 11:23:37.649, 6081308995438, vstest.console.dll, TestRequestSender.OnExecutionMessageReceived: Received message: {"Version":7,"MessageType":"TestSession.Message","Payload":{"MessageLevel":0,"Message":"NUnit Adapter 4.4.0.0: Test execution complete"}}
TpTrace Verbose: 0 : 31084, 7, 2024/08/03, 11:23:37.650, 6081308997260, vstest.console.dll, TestRunRequest:SendTestRunMessage: Starting.
TpTrace Verbose: 0 : 31084, 7, 2024/08/03, 11:23:37.650, 6081308997932, vstest.console.dll, MulticastDelegateUtilities.SafeInvoke: TestRun.LogMessages: Invoking callback 1/1 for Microsoft.VisualStudio.TestPlatform.CommandLine.TestRunResultAggregator., took 0 ms.
TpTrace Information: 0 : 31084, 7, 2024/08/03, 11:23:37.650, 6081308998287, vstest.console.dll, TestRunRequest:SendTestRunMessage: Completed.
TpTrace Verbose: 0 : 31084, 4, 2024/08/03, 11:23:37.650, 6081308998275, vstest.console.dll, MulticastDelegateUtilities.SafeInvoke: InternalTestLoggerEvents.SendTestRunMessage: Invoking callback 1/1 for Microsoft.VisualStudio.TestPlatform.CommandLine.Internal.ConsoleLogger., took 0 ms.
TpTrace Verbose: 0 : 31084, 7, 2024/08/03, 11:23:37.650, 6081308998682, vstest.console.dll, MulticastDelegateUtilities.SafeInvoke: LengthPrefixCommunicationChannel: MessageReceived: Invoking callback 1/1 for Microsoft.VisualStudio.TestPlatform.CommunicationUtilities.TestRequestSender+<>c__DisplayClass34_0., took 0 ms.
TpTrace Verbose: 0 : 31084, 7, 2024/08/03, 11:23:37.650, 6081309001850, vstest.console.dll, TcpClientExtensions.MessageLoopAsync: Polling on remoteEndPoint: 127.0.0.1:50082 localEndPoint: 127.0.0.1:50081 after 44 ms
TpTrace Verbose: 0 : 31084, 7, 2024/08/03, 11:23:37.673, 6081309231022, vstest.console.dll, TcpClientExtensions.MessageLoopAsync: NotifyDataAvailable remoteEndPoint: 127.0.0.1:50082 localEndPoint: 127.0.0.1:50081
TpTrace Verbose: 0 : 31084, 7, 2024/08/03, 11:23:37.674, 6081309236252, vstest.console.dll, TestRequestSender.OnExecutionMessageReceived: Received message: {"Version":7,"MessageType":"TestExecution.Completed","Payload":{"TestRunCompleteArgs":{"TestRunStatistics":{"ExecutedTests":60,"Stats":{"Passed":50,"Failed":10}},"IsCanceled":false,"IsAborted":false,"Error":null,"AttachmentSets":[],"InvokedDataCollectors":[],"ElapsedTimeInRunningTests":"00:00:01.5970178","Metrics":{},"DiscoveredExtensions":{"TestDiscoverers":["NUnit.VisualStudio.TestAdapter.NUnit3TestDiscoverer, NUnit3.TestAdapter, Version=4.4.0.0, Culture=neutral, PublicKeyToken=4cb40d35494691ac"],"TestExecutors":["executor://NUnit3TestExecutor"],"TestExecutors2":[],"TestSettingsProviders":[]}},"LastRunTests":{"NewTestResults":[{"TestCase":{"Id":"d0b64d24-70ad-517a-ef10-92cacae062d1","FullyQualifiedName":"EmployeeGrievanceRedressalTests.RepositoryTests.UserRepositoryTest.GetByIdAsync_ShouldReturnEntity_WhenEntityExists","DisplayName":"GetByIdAsync_ShouldReturnEntity_WhenEntityExists","ExecutorUri":"executor://NUnit3TestExecutor","Source":"C:\\Users\\VC\\Desktop\\Capstone Project\\EmployeeGrievanceRedressalSolution\\EmployeeGrievanceRedressalTests\\bin\\Debug\\net6.0\\fine-code-coverage\\build-output\\EmployeeGrievanceRedressalTests.dll","CodeFilePath":null,"LineNumber":0,"Properties":[{"Key":{"Id":"NUnit.Seed","Label":"Seed","Category":"","Description":"","Attributes":0,"ValueType":"System.String"},"Value":"1252686628"}]},"Attachments":[],"Outcome":1,"ErrorMessage":null,"ErrorStackTrace":null,"DisplayName":"GetByIdAsync_ShouldReturnEntity_WhenEntityExists","Messages":[],"ComputerName":"DNXBBX3","Duration":"00:00:00.0007919","StartTime":"2024-08-03T05:53:37.5868681+00:00","EndTime":"2024-08-03T05:53:37.5876597+00:00","Properties":[{"Key":{"Id":"NUnit.Seed","Label":"Seed","Category":"","Description":"","Attributes":0,"ValueType":"System.String"},"Value":"1252686628"}]},{"TestCase":{"Id":"3dfdef13-c490-ce61-ef83-b4c0817b1d62","FullyQualifiedName":"EmployeeGrievanceRedressalTests.RepositoryTests.UserRepositoryTest.GetByIdAsync_ShouldThrowEntityNotFoundException_WhenEntityDoesNotExist","DisplayName":"GetByIdAsync_ShouldThrowEntityNotFoundException_WhenEntityDoesNotExist","ExecutorUri":"executor://NUnit3TestExecutor","Source":"C:\\Users\\VC\\Desktop\\Capstone Project\\EmployeeGrievanceRedressalSolution\\EmployeeGrievanceRedressalTests\\bin\\Debug\\net6.0\\fine-code-coverage\\build-output\\EmployeeGrievanceRedressalTests.dll","CodeFilePath":null,"LineNumber":0,"Properties":[{"Key":{"Id":"NUnit.Seed","Label":"Seed","Category":"","Description":"","Attributes":0,"ValueType":"System.String"},"Value":"1613343597"}]},"Attachments":[],"Outcome":1,"ErrorMessage":null,"ErrorStackTrace":null,"DisplayName":"GetByIdAsync_ShouldThrowEntityNotFoundException_WhenEntityDoesNotExist","Messages":[],"ComputerName":"DNXBBX3","Duration":"00:00:00.0014020","StartTime":"2024-08-03T05:53:37.5876737+00:00","EndTime":"2024-08-03T05:53:37.5890754+00:00","Properties":[{"Key":{"Id":"NUnit.Seed","Label":"Seed","Category":"","Description":"","Attributes":0,"ValueType":"System.String"},"Value":"1613343597"}]},{"TestCase":{"Id":"9df03cfc-4358-b303-2a33-8a535fecfe50","FullyQualifiedName":"EmployeeGrievanceRedressalTests.RepositoryTests.UserRepositoryTest.Remove_ShouldRemoveEntitySuccessfully","DisplayName":"Remove_ShouldRemoveEntitySuccessfully","ExecutorUri":"executor://NUnit3TestExecutor","Source":"C:\\Users\\VC\\Desktop\\Capstone Project\\EmployeeGrievanceRedressalSolution\\EmployeeGrievanceRedressalTests\\bin\\Debug\\net6.0\\fine-code-coverage\\build-output\\EmployeeGrievanceRedressalTests.dll","CodeFilePath":null,"LineNumber":0,"Properties":[{"Key":{"Id":"NUnit.Seed","Label":"Seed","Category":"","Description":"","Attributes":0,"ValueType":"System.String"},"Value":"1140623726"}]},"Attachments":[],"Outcome":1,"ErrorMessage":null,"ErrorStackTrace":null,"DisplayName":"Remove_ShouldRemoveEntitySuccessfully","Messages":[],"ComputerName":"DNXBBX3","Duration":"00:00:00.0013620","StartTime":"2024-08-03T05:53:37.5890915+00:00","EndTime":"2024-08-03T05:53:37.5904529+00:00","Properties":[{"Key":{"Id":"NUnit.Seed","Label":"Seed","Category":"","Description":"","Attributes":0,"ValueType":"System.String"},"Value":"1140623726"}]},{"TestCase":{"Id":"1437874b-695d-b055-801a-756d8e4c6460","FullyQualifiedName":"EmployeeGrievanceRedressalTests.RepositoryTests.UserRepositoryTest.Remove_ShouldThrowRepositoryException_WhenExceptionIsThrown","DisplayName":"Remove_ShouldThrowRepositoryException_WhenExceptionIsThrown","ExecutorUri":"executor://NUnit3TestExecutor","Source":"C:\\Users\\VC\\Desktop\\Capstone Project\\EmployeeGrievanceRedressalSolution\\EmployeeGrievanceRedressalTests\\bin\\Debug\\net6.0\\fine-code-coverage\\build-output\\EmployeeGrievanceRedressalTests.dll","CodeFilePath":null,"LineNumber":0,"Properties":[{"Key":{"Id":"NUnit.Seed","Label":"Seed","Category":"","Description":"","Attributes":0,"ValueType":"System.String"},"Value":"1768866111"}]},"Attachments":[],"Outcome":1,"ErrorMessage":null,"ErrorStackTrace":null,"DisplayName":"Remove_ShouldThrowRepositoryException_WhenExceptionIsThrown","Messages":[],"ComputerName":"DNXBBX3","Duration":"00:00:00.0019680","StartTime":"2024-08-03T05:53:37.5904714+00:00","EndTime":"2024-08-03T05:53:37.5924389+00:00","Properties":[{"Key":{"Id":"NUnit.Seed","Label":"Seed","Category":"","Description":"","Attributes":0,"ValueType":"System.String"},"Value":"1768866111"}]},{"TestCase":{"Id":"f38e18a8-16f6-57d3-c243-1ba68030c175","FullyQualifiedName":"EmployeeGrievanceRedressalTests.RepositoryTests.UserRepositoryTest.Update_ShouldThrowRepositoryException_WhenExceptionIsThrown","DisplayName":"Update_ShouldThrowRepositoryException_WhenExceptionIsThrown","ExecutorUri":"executor://NUnit3TestExecutor","Source":"C:\\Users\\VC\\Desktop\\Capstone Project\\EmployeeGrievanceRedressalSolution\\EmployeeGrievanceRedressalTests\\bin\\Debug\\net6.0\\fine-code-coverage\\build-output\\EmployeeGrievanceRedressalTests.dll","CodeFilePath":null,"LineNumber":0,"Properties":[{"Key":{"Id":"NUnit.Seed","Label":"Seed","Category":"","Description":"","Attributes":0,"ValueType":"System.String"},"Value":"803775016"}]},"Attachments":[],"Outcome":1,"ErrorMessage":null,"ErrorStackTrace":null,"DisplayName":"Update_ShouldThrowRepositoryException_WhenExceptionIsThrown","Messages":[],"ComputerName":"DNXBBX3","Duration":"00:00:00.0024400","StartTime":"2024-08-03T05:53:37.5924628+00:00","EndTime":"2024-08-03T05:53:37.5949026+00:00","Properties":[{"Key":{"Id":"NUnit.Seed","Label":"Seed","Category":"","Description":"","Attributes":0,"ValueType":"System.String"},"Value":"803775016"}]},{"TestCase":{"Id":"9346a180-8cc6-27a3-82c5-a01e8533bfb6","FullyQualifiedName":"EmployeeGrievanceRedressalTests.RepositoryTests.UserRepositoryTest.Update_ShouldUpdateEntitySuccessfully","DisplayName":"Update_ShouldUpdateEntitySuccessfully","ExecutorUri":"executor://NUnit3TestExecutor","Source":"C:\\Users\\VC\\Desktop\\Capstone Project\\EmployeeGrievanceRedressalSolution\\EmployeeGrievanceRedressalTests\\bin\\Debug\\net6.0\\fine-code-coverage\\build-output\\EmployeeGrievanceRedressalTests.dll","CodeFilePath":null,"LineNumber":0,"Properties":[{"Key":{"Id":"NUnit.Seed","Label":"Seed","Category":"","Description":"","Attributes":0,"ValueType":"System.String"},"Value":"1785829168"}]},"Attachments":[],"Outcome":1,"ErrorMessage":null,"ErrorStackTrace":null,"DisplayName":"Update_ShouldUpdateEntitySuccessfully","Messages":[],"ComputerName":"DNXBBX3","Duration":"00:00:00.0012570","StartTime":"2024-08-03T05:53:37.5949264+00:00","EndTime":"2024-08-03T05:53:37.5961832+00:00","Properties":[{"Key":{"Id":"NUnit.Seed","Label":"Seed","Category":"","Description":"","Attributes":0,"ValueType":"System.String"},"Value":"1785829168"}]}],"TestRunStatistics":{"ExecutedTests":60,"Stats":{"Passed":50,"Failed":10}},"ActiveTests":[]},"RunAttachments":[],"ExecutorUris":["executor://nunit3testexecutor/"]}}
TpTrace Verbose: 0 : 31084, 7, 2024/08/03, 11:23:37.674, 6081309238486, vstest.console.dll, TestRequestSender.EndSession: Sending end session.
TpTrace Verbose: 0 : 31084, 7, 2024/08/03, 11:23:37.674, 6081309240745, vstest.console.dll, ProxyOperationManager.Close: waiting for test host to exit for 100 ms
TpTrace Verbose: 0 : 31084, 12, 2024/08/03, 11:23:37.693, 6081309429953, vstest.console.dll, TestHostManagerCallbacks.ctor: Experimental forwarding output is disabled.
TpTrace Warning: 0 : 31084, 12, 2024/08/03, 11:23:37.693, 6081309432264, vstest.console.dll, TestHostManagerCallbacks.ErrorReceivedCallback Test host standard error line: 
TpTrace Verbose: 0 : 31084, 12, 2024/08/03, 11:23:37.710, 6081309602242, vstest.console.dll, TestHostProvider.ExitCallBack: Host exited starting callback.
TpTrace Information: 0 : 31084, 12, 2024/08/03, 11:23:37.710, 6081309605863, vstest.console.dll, TestHostManagerCallbacks.ExitCallBack: Testhost processId: 34628 exited with exitcode: 0 error: ''
TpTrace Verbose: 0 : 31084, 12, 2024/08/03, 11:23:37.711, 6081309607006, vstest.console.dll, DotnetTestHostManager.OnHostExited: invoking OnHostExited callback
TpTrace Verbose: 0 : 31084, 12, 2024/08/03, 11:23:37.711, 6081309608725, vstest.console.dll, CrossPlatEngine.TestHostManagerHostExited: calling on client process exit callback.
TpTrace Information: 0 : 31084, 12, 2024/08/03, 11:23:37.711, 6081309609412, vstest.console.dll, TestRequestSender.OnClientProcessExit: Test host process exited. Standard error: 
TpTrace Information: 0 : 31084, 12, 2024/08/03, 11:23:37.711, 6081309610000, vstest.console.dll, SocketServer.Stop: Stop server endPoint: 127.0.0.1:50081
TpTrace Information: 0 : 31084, 12, 2024/08/03, 11:23:37.711, 6081309610360, vstest.console.dll, SocketServer.Stop: Cancellation requested. Stopping message loop.
TpTrace Information: 0 : 31084, 7, 2024/08/03, 11:23:37.711, 6081309610379, vstest.console.dll, SocketServer.Stop: Stop server endPoint: 127.0.0.1:50081
TpTrace Information: 0 : 31084, 7, 2024/08/03, 11:23:37.711, 6081309612047, vstest.console.dll, SocketServer.Stop: Cancellation requested. Stopping message loop.
TpTrace Verbose: 0 : 31084, 12, 2024/08/03, 11:23:37.711, 6081309612151, vstest.console.dll, MulticastDelegateUtilities.SafeInvoke: HostProviderEvents.OnHostExited: Invoking callback 1/1 for Microsoft.VisualStudio.TestPlatform.CrossPlatEngine.Client.ProxyOperationManager., took 0 ms.
TpTrace Information: 0 : 31084, 7, 2024/08/03, 11:23:37.711, 6081309612746, vstest.console.dll, Closing the connection
TpTrace Verbose: 0 : 31084, 7, 2024/08/03, 11:23:37.712, 6081309618112, vstest.console.dll, ProxyDataCollectionManager.InvokeDataCollectionServiceAction: Starting.
TpTrace Information: 0 : 31084, 7, 2024/08/03, 11:23:37.712, 6081309618760, vstest.console.dll, ProxyDataCollectionManager.AfterTestRunEnd: Get attachment set and invoked data collectors processId: 15976 port: 50078
TpTrace Verbose: 0 : 31084, 7, 2024/08/03, 11:23:37.712, 6081309619340, vstest.console.dll, DataCollectionRequestSender.SendAfterTestRunStartAndGetResult: Send AfterTestRunEnd message with isCancelled: False
TpTrace Verbose: 0 : 31084, 7, 2024/08/03, 11:23:37.719, 6081309692461, vstest.console.dll, DataCollectionRequestSender.SendAfterTestRunStartAndGetResult: Received message: (DataCollection.AfterTestRunEndResult) -> {"MessageType":"DataCollection.AfterTestRunEndResult","Payload":{"AttachmentSets":[],"InvokedDataCollectors":[{"Uri":"datacollector://Microsoft/TestPlatform/Extensions/Blame/v1","FriendlyName":"Blame","AssemblyQualifiedName":"Microsoft.TestPlatform.Extensions.BlameDataCollector.BlameCollector, Microsoft.TestPlatform.Extensions.BlameDataCollector, Version=15.0.0.0, Culture=neutral, PublicKeyToken=b03f5f7f11d50a3a","FilePath":"C:\\Program Files\\dotnet\\sdk\\8.0.202\\Extensions\\Microsoft.TestPlatform.Extensions.BlameDataCollector.dll","HasAttachmentProcessor":false}],"Metrics":{}}}
TpTrace Warning: 0 : 31084, 10, 2024/08/03, 11:23:37.727, 6081309772397, vstest.console.dll, DataCollectionLauncher.ErrorReceivedCallback datacollector standard error line: 
TpTrace Information: 0 : 31084, 7, 2024/08/03, 11:23:37.730, 6081309800903, vstest.console.dll, ProxyDataCollectionManager.InvokeDataCollectionServiceAction: Completed.
TpTrace Information: 0 : 31084, 10, 2024/08/03, 11:23:37.734, 6081309837338, vstest.console.dll, DataCollectionLauncher.ExitCallBack: Data collector exited with exitcode: 0 error: ''
TpTrace Verbose: 0 : 31084, 7, 2024/08/03, 11:23:37.757, 6081310069738, vstest.console.dll, TestRunRequest:SendTestRunStatsChange: Starting.
TpTrace Verbose: 0 : 31084, 7, 2024/08/03, 11:23:37.757, 6081310071114, vstest.console.dll, MulticastDelegateUtilities.SafeInvoke: TestRun.RunStatsChanged: Invoking callbacks was skipped because there are no subscribers.
TpTrace Information: 0 : 31084, 7, 2024/08/03, 11:23:37.757, 6081310071447, vstest.console.dll, TestRunRequest:SendTestRunStatsChange: Completed.
TpTrace Verbose: 0 : 31084, 4, 2024/08/03, 11:23:37.757, 6081310072108, vstest.console.dll, MulticastDelegateUtilities.SafeInvoke: InternalTestLoggerEvents.SendTestResult: Invoking callback 1/1 for Microsoft.VisualStudio.TestPlatform.CommandLine.Internal.ConsoleLogger., took 0 ms.
TpTrace Verbose: 0 : 31084, 4, 2024/08/03, 11:23:37.757, 6081310072926, vstest.console.dll, MulticastDelegateUtilities.SafeInvoke: InternalTestLoggerEvents.SendTestResult: Invoking callback 1/1 for Microsoft.VisualStudio.TestPlatform.CommandLine.Internal.ConsoleLogger., took 0 ms.
TpTrace Verbose: 0 : 31084, 4, 2024/08/03, 11:23:37.757, 6081310073340, vstest.console.dll, MulticastDelegateUtilities.SafeInvoke: InternalTestLoggerEvents.SendTestResult: Invoking callback 1/1 for Microsoft.VisualStudio.TestPlatform.CommandLine.Internal.ConsoleLogger., took 0 ms.
TpTrace Verbose: 0 : 31084, 4, 2024/08/03, 11:23:37.757, 6081310073730, vstest.console.dll, MulticastDelegateUtilities.SafeInvoke: InternalTestLoggerEvents.SendTestResult: Invoking callback 1/1 for Microsoft.VisualStudio.TestPlatform.CommandLine.Internal.ConsoleLogger., took 0 ms.
TpTrace Verbose: 0 : 31084, 4, 2024/08/03, 11:23:37.757, 6081310074161, vstest.console.dll, MulticastDelegateUtilities.SafeInvoke: InternalTestLoggerEvents.SendTestResult: Invoking callback 1/1 for Microsoft.VisualStudio.TestPlatform.CommandLine.Internal.ConsoleLogger., took 0 ms.
TpTrace Verbose: 0 : 31084, 4, 2024/08/03, 11:23:37.757, 6081310074520, vstest.console.dll, MulticastDelegateUtilities.SafeInvoke: InternalTestLoggerEvents.SendTestResult: Invoking callback 1/1 for Microsoft.VisualStudio.TestPlatform.CommandLine.Internal.ConsoleLogger., took 0 ms.
TpTrace Verbose: 0 : 31084, 7, 2024/08/03, 11:23:37.757, 6081310073889, vstest.console.dll, ParallelProxyExecutionManager: HandlePartialRunComplete: Total workloads = 1, Total started clients = 1 Total completed clients = 1, Run complete = True, Run canceled: False.
TpTrace Verbose: 0 : 31084, 7, 2024/08/03, 11:23:37.757, 6081310075610, vstest.console.dll, ParallelProxyExecutionManager: HandlePartialRunComplete: All runs completed stopping all managers.
TpTrace Verbose: 0 : 31084, 7, 2024/08/03, 11:23:37.757, 6081310076103, vstest.console.dll, ParallelOperationManager.StopAllManagers: Stopping all managers.
TpTrace Verbose: 0 : 31084, 7, 2024/08/03, 11:23:37.758, 6081310076461, vstest.console.dll, ParallelOperationManager.ClearSlots: Clearing all slots. Slots should accept more work: False
TpTrace Verbose: 0 : 31084, 7, 2024/08/03, 11:23:37.758, 6081310076994, vstest.console.dll, ParallelOperationManager.SetOccupiedSlotCount: Setting slot counts AvailableSlotCount = 1, OccupiedSlotCount = 0.
TpTrace Verbose: 0 : 31084, 7, 2024/08/03, 11:23:37.758, 6081310077510, vstest.console.dll, Occupied slots:

TpTrace Verbose: 0 : 31084, 4, 2024/08/03, 11:23:37.765, 6081310154603, vstest.console.dll, MulticastDelegateUtilities.SafeInvoke: InternalTestLoggerEvents.SendTestRunComplete: Invoking callback 1/2 for Microsoft.TestPlatform.Extensions.BlameDataCollector.BlameLogger., took 0 ms.
TpTrace Verbose: 0 : 31084, 4, 2024/08/03, 11:23:37.769, 6081310195944, vstest.console.dll, MulticastDelegateUtilities.SafeInvoke: InternalTestLoggerEvents.SendTestRunComplete: Invoking callback 2/2 for Microsoft.VisualStudio.TestPlatform.CommandLine.Internal.ConsoleLogger., took 4 ms.
TpTrace Verbose: 0 : 31084, 7, 2024/08/03, 11:23:37.770, 6081310199233, vstest.console.dll, TestRunRequest:TestRunComplete: Starting. IsAborted:False IsCanceled:False.
TpTrace Verbose: 0 : 31084, 7, 2024/08/03, 11:23:37.770, 6081310201434, vstest.console.dll, ParallelOperationManager.DoActionOnAllManagers: Calling an action on all managers.
TpTrace Verbose: 0 : 31084, 7, 2024/08/03, 11:23:37.771, 6081310212656, vstest.console.dll, TestLoggerManager.HandleTestRunComplete: Ignoring as the object is disposed.
TpTrace Verbose: 0 : 31084, 7, 2024/08/03, 11:23:37.771, 6081310215363, vstest.console.dll, MulticastDelegateUtilities.SafeInvoke: TestRun.TestRunComplete: Invoking callback 1/2 for Microsoft.VisualStudio.TestPlatform.CommandLine.TestRunResultAggregator., took 0 ms.
TpTrace Verbose: 0 : 31084, 7, 2024/08/03, 11:23:37.772, 6081310216781, vstest.console.dll, MulticastDelegateUtilities.SafeInvoke: TestRun.TestRunComplete: Invoking callback 2/2 for Microsoft.VisualStudio.TestPlatform.CommandLine.Processors.RunTestsArgumentExecutor+TestRunRequestEventsRegistrar., took 0 ms.
TpTrace Information: 0 : 31084, 7, 2024/08/03, 11:23:37.772, 6081310218120, vstest.console.dll, TestRunRequest:TestRunComplete: Completed.
TpTrace Verbose: 0 : 31084, 7, 2024/08/03, 11:23:37.772, 6081310218715, vstest.console.dll, TestRequestSender.SetOperationComplete: Setting operation complete.
TpTrace Information: 0 : 31084, 7, 2024/08/03, 11:23:37.772, 6081310219197, vstest.console.dll, SocketServer.Stop: Stop server endPoint: 127.0.0.1:50081
TpTrace Verbose: 0 : 31084, 1, 2024/08/03, 11:23:37.772, 6081310218731, vstest.console.dll, TestRunRequest.Dispose: Starting.
TpTrace Information: 0 : 31084, 7, 2024/08/03, 11:23:37.772, 6081310219628, vstest.console.dll, SocketServer.Stop: Cancellation requested. Stopping message loop.
TpTrace Information: 0 : 31084, 1, 2024/08/03, 11:23:37.772, 6081310221216, vstest.console.dll, TestRunRequest.Dispose: Completed.
TpTrace Verbose: 0 : 31084, 7, 2024/08/03, 11:23:37.772, 6081310222801, vstest.console.dll, MulticastDelegateUtilities.SafeInvoke: LengthPrefixCommunicationChannel: MessageReceived: Invoking callback 1/1 for Microsoft.VisualStudio.TestPlatform.CommunicationUtilities.TestRequestSender+<>c__DisplayClass34_0., took 98 ms.
TpTrace Information: 0 : 31084, 1, 2024/08/03, 11:23:37.772, 6081310223154, vstest.console.dll, TestRequestManager.RunTests: run tests completed.
TpTrace Information: 0 : 31084, 7, 2024/08/03, 11:23:37.772, 6081310224269, vstest.console.dll, SocketServer.PrivateStop: Stopping server endPoint: 127.0.0.1:50081 error: 
TpTrace Information: 0 : 31084, 1, 2024/08/03, 11:23:37.772, 6081310224943, vstest.console.dll, RunTestsArgumentProcessor:Execute: Test run is completed.
TpTrace Verbose: 0 : 31084, 1, 2024/08/03, 11:23:37.773, 6081310227597, vstest.console.dll, Executor.Execute: Exiting with exit code of 1
TpTrace Verbose: 0 : 31084, 7, 2024/08/03, 11:23:37.773, 6081310231879, vstest.console.dll, LengthPrefixCommunicationChannel.Dispose: Dispose reader and writer.
TpTrace Information: 0 : 31084, 7, 2024/08/03, 11:23:37.773, 6081310233038, vstest.console.dll, SocketServer.Stop: Raise disconnected event endPoint: 127.0.0.1:50081 error: 
TpTrace Verbose: 0 : 31084, 7, 2024/08/03, 11:23:37.773, 6081310234247, vstest.console.dll, TestRequestSender: OnTestRunAbort: Operation is already complete. Skip error message.
